Log file open, 12/20/20 21:45:32
LogInit: Display: Running engine for game: GAME
LogPlatformFile: Not using cached read wrapper
LogTaskGraph: Started task graph with 5 named threads and 11 total threads with 3 sets of task threads.
LogStats: Stats thread started at 0.548354
LogD3D11RHI: Loaded GFSDK_Aftermath_Lib.x64.dll
LogICUInternationalization: ICU TimeZone Detection - Raw Offset: +7:00, Platform Override: ''
LogPluginManager: Mounting plugin Paper2D
LogPluginManager: Mounting plugin AISupport
LogPluginManager: Mounting plugin LightPropagationVolume
LogPluginManager: Mounting plugin CameraShakePreviewer
LogPluginManager: Mounting plugin ActorLayerUtilities
LogPluginManager: Mounting plugin AnimationSharing
LogPluginManager: Mounting plugin CLionSourceCodeAccess
LogPluginManager: Mounting plugin CodeLiteSourceCodeAccess
LogPluginManager: Mounting plugin GitSourceControl
LogPluginManager: Mounting plugin KDevelopSourceCodeAccess
LogPluginManager: Mounting plugin NullSourceCodeAccess
LogPluginManager: Mounting plugin PerforceSourceControl
LogPluginManager: Mounting plugin PlasticSourceControl
LogPluginManager: Mounting plugin RiderSourceCodeAccess
LogPluginManager: Mounting plugin SubversionSourceControl
LogPluginManager: Mounting plugin UObjectPlugin
LogPluginManager: Mounting plugin VisualStudioCodeSourceCodeAccess
LogPluginManager: Mounting plugin VisualStudioSourceCodeAccess
LogPluginManager: Mounting plugin XCodeSourceCodeAccess
LogPluginManager: Mounting plugin AssetManagerEditor
LogPluginManager: Mounting plugin CryptoKeys
LogPluginManager: Mounting plugin CurveEditorTools
LogPluginManager: Mounting plugin DataValidation
LogPluginManager: Mounting plugin EditorScriptingUtilities
LogPluginManager: Mounting plugin FacialAnimation
LogPluginManager: Mounting plugin GameplayTagsEditor
LogPluginManager: Mounting plugin GeometryMode
LogPluginManager: Mounting plugin MacGraphicsSwitching
LogPluginManager: Mounting plugin MaterialAnalyzer
LogPluginManager: Mounting plugin MobileLauncherProfileWizard
LogPluginManager: Mounting plugin PluginBrowser
LogPluginManager: Mounting plugin SpeedTreeImporter
LogPluginManager: Mounting plugin DatasmithContent
LogPluginManager: Mounting plugin VariantManagerContent
LogPluginManager: Mounting plugin AlembicImporter
LogPluginManager: Mounting plugin AutomationUtils
LogPluginManager: Mounting plugin BackChannel
LogPluginManager: Mounting plugin ChaosCloth
LogPluginManager: Mounting plugin ChaosClothEditor
LogPluginManager: Mounting plugin ChaosEditor
LogPluginManager: Mounting plugin ChaosNiagara
LogPluginManager: Mounting plugin ChaosSolverPlugin
LogPluginManager: Mounting plugin CharacterAI
LogPluginManager: Mounting plugin GeometryCache
LogPluginManager: Mounting plugin GeometryCollectionPlugin
LogPluginManager: Mounting plugin GeometryProcessing
LogPluginManager: Mounting plugin PlanarCut
LogPluginManager: Mounting plugin PlatformCrypto
LogPluginManager: Mounting plugin ProxyLODPlugin
LogPluginManager: Mounting plugin SkeletalReduction
LogPluginManager: Mounting plugin Niagara
LogPluginManager: Mounting plugin MagicLeap
LogPluginManager: Mounting plugin MagicLeapLightEstimation
LogPluginManager: Mounting plugin MagicLeapMedia
LogPluginManager: Mounting plugin MagicLeapPassableWorld
LogPluginManager: Mounting plugin MLSDK
LogPluginManager: Mounting plugin AndroidMedia
LogPluginManager: Mounting plugin AvfMedia
LogPluginManager: Mounting plugin ImgMedia
LogPluginManager: Mounting plugin MediaCompositing
LogPluginManager: Mounting plugin MediaPlayerEditor
LogPluginManager: Mounting plugin WebMMedia
LogPluginManager: Mounting plugin WmfMedia
LogPluginManager: Mounting plugin MeshPainting
LogPluginManager: Mounting plugin TcpMessaging
LogPluginManager: Mounting plugin UdpMessaging
LogPluginManager: Mounting plugin ActorSequence
LogPluginManager: Mounting plugin LevelSequenceEditor
LogPluginManager: Mounting plugin MatineeToLevelSequence
LogPluginManager: Mounting plugin MovieRenderPipeline
LogPluginManager: Mounting plugin TemplateSequence
LogPluginManager: Mounting plugin NetcodeUnitTest
LogPluginManager: Mounting plugin NUTUnrealEngine4
LogPluginManager: Mounting plugin OnlineSubsystemGooglePlay
LogPluginManager: Mounting plugin OnlineSubsystemIOS
LogPluginManager: Mounting plugin OnlineSubsystem
LogPluginManager: Mounting plugin OnlineSubsystemNull
LogPluginManager: Mounting plugin OnlineSubsystemUtils
LogPluginManager: Mounting plugin LauncherChunkInstaller
LogPluginManager: Mounting plugin AndroidDeviceProfileSelector
LogPluginManager: Mounting plugin AndroidMoviePlayer
LogPluginManager: Mounting plugin AndroidPermission
LogPluginManager: Mounting plugin AppleImageUtils
LogPluginManager: Mounting plugin AppleMoviePlayer
LogPluginManager: Mounting plugin ArchVisCharacter
LogPluginManager: Mounting plugin AssetTags
LogPluginManager: Mounting plugin AudioCapture
LogPluginManager: Mounting plugin CableComponent
LogPluginManager: Mounting plugin CustomMeshComponent
LogPluginManager: Mounting plugin EditableMesh
LogPluginManager: Mounting plugin ExampleDeviceProfileSelector
LogPluginManager: Mounting plugin GoogleCloudMessaging
LogPluginManager: Mounting plugin GooglePAD
LogPluginManager: Mounting plugin IOSDeviceProfileSelector
LogPluginManager: Mounting plugin LinuxDeviceProfileSelector
LogPluginManager: Mounting plugin LocationServicesBPLibrary
LogPluginManager: Mounting plugin MobilePatchingUtils
LogPluginManager: Mounting plugin OculusVR
LogPluginManager: Mounting plugin PhysXVehicles
LogPluginManager: Mounting plugin PostSplashScreen
LogPluginManager: Mounting plugin ProceduralMeshComponent
LogPluginManager: Mounting plugin RuntimePhysXCooking
LogPluginManager: Mounting plugin SignificanceManager
LogPluginManager: Mounting plugin SoundFields
LogPluginManager: Mounting plugin SteamVR
LogPluginManager: Mounting plugin Synthesis
LogPluginManager: Mounting plugin WebMMoviePlayer
LogPluginManager: Mounting plugin WindowsMoviePlayer
LogPluginManager: Mounting plugin ScreenshotTools
LogInit: Using libcurl 7.55.1-DEV
LogInit:  - built for x86_64-pc-win32
LogInit:  - supports SSL with OpenSSL/1.1.1
LogInit:  - supports HTTP deflate (compression) using libz 1.2.8
LogInit:  - other features:
LogInit:      CURL_VERSION_SSL
LogInit:      CURL_VERSION_LIBZ
LogInit:      CURL_VERSION_IPV6
LogInit:      CURL_VERSION_ASYNCHDNS
LogInit:      CURL_VERSION_LARGEFILE
LogInit:      CURL_VERSION_IDN
LogInit:  CurlRequestOptions (configurable via config and command line):
LogInit:  - bVerifyPeer = true  - Libcurl will verify peer certificate
LogInit:  - bUseHttpProxy = false  - Libcurl will NOT use HTTP proxy
LogInit:  - bDontReuseConnections = false  - Libcurl will reuse connections
LogInit:  - MaxHostConnections = 16  - Libcurl will limit the number of connections to a host
LogInit:  - LocalHostAddr = Default
LogInit:  - BufferSize = 65536
LogOnline: OSS: Creating online subsystem instance for: NULL
LogInit: WinSock: version 1.1 (2.2), MaxSocks=32767, MaxUdp=65467
LogOnline: OSS: TryLoadSubsystemAndSetDefault: Loaded subsystem for module [NULL]
LogInit: Build: ++UE4+Release-4.25-CL-13942748
LogInit: Engine Version: 4.25.3-13942748+++UE4+Release-4.25
LogInit: Compatible Engine Version: 4.25.0-13144385+++UE4+Release-4.25
LogInit: Net CL: 13144385
LogInit: OS: Windows 10 (Release 1909) (), CPU: Intel(R) Core(TM) i5-5200U CPU @ 2.20GHz, GPU: Intel(R) HD Graphics 5500
LogInit: Compiled (64-bit): Jul 25 2020 02:07:48
LogInit: Compiled with Visual C++: 19.24.28315.00
LogInit: Build Configuration: Development
LogInit: Branch Name: ++UE4+Release-4.25
LogInit: Command Line: 
LogInit: Base Directory: C:/Games/UE_4.25/Engine/Binaries/Win64/
LogInit: Allocator: TBB
LogInit: Installed Engine Build: 1
LogDevObjectVersion: Number of dev versions registered: 26
LogDevObjectVersion:   Dev-Blueprints (B0D832E4-1F89-4F0D-ACCF-7EB736FD4AA2): 10
LogDevObjectVersion:   Dev-Build (E1C64328-A22C-4D53-A36C-8E866417BD8C): 0
LogDevObjectVersion:   Dev-Core (375EC13C-06E4-48FB-B500-84F0262A717E): 4
LogDevObjectVersion:   Dev-Editor (E4B068ED-F494-42E9-A231-DA0B2E46BB41): 38
LogDevObjectVersion:   Dev-Framework (CFFC743F-43B0-4480-9391-14DF171D2073): 37
LogDevObjectVersion:   Dev-Mobile (B02B49B5-BB20-44E9-A304-32B752E40360): 2
LogDevObjectVersion:   Dev-Networking (A4E4105C-59A1-49B5-A7C5-40C4547EDFEE): 0
LogDevObjectVersion:   Dev-Online (39C831C9-5AE6-47DC-9A44-9C173E1C8E7C): 0
LogDevObjectVersion:   Dev-Physics (78F01B33-EBEA-4F98-B9B4-84EACCB95AA2): 4
LogDevObjectVersion:   Dev-Platform (6631380F-2D4D-43E0-8009-CF276956A95A): 0
LogDevObjectVersion:   Dev-Rendering (12F88B9F-8875-4AFC-A67C-D90C383ABD29): 43
LogDevObjectVersion:   Dev-Sequencer (7B5AE74C-D270-4C10-A958-57980B212A5A): 12
LogDevObjectVersion:   Dev-VR (D7296918-1DD6-4BDD-9DE2-64A83CC13884): 3
LogDevObjectVersion:   Dev-LoadTimes (C2A15278-BFE7-4AFE-6C17-90FF531DF755): 1
LogDevObjectVersion:   Private-Geometry (6EACA3D4-40EC-4CC1-B786-8BED09428FC5): 3
LogDevObjectVersion:   Dev-AnimPhys (29E575DD-E0A3-4627-9D10-D276232CDCEA): 17
LogDevObjectVersion:   Dev-Anim (AF43A65D-7FD3-4947-9873-3E8ED9C1BB05): 7
LogDevObjectVersion:   Dev-ReflectionCapture (6B266CEC-1EC7-4B8F-A30B-E4D90942FC07): 1
LogDevObjectVersion:   Dev-Automation (0DF73D61-A23F-47EA-B727-89E90C41499A): 1
LogDevObjectVersion:   FortniteMain (601D1886-AC64-4F84-AA16-D3DE0DEAC7D6): 31
LogDevObjectVersion:   Dev-Enterprise (9DFFBCD6-494F-0158-E221-12823C92A888): 10
LogDevObjectVersion:   Dev-Niagara (F2AED0AC-9AFE-416F-8664-AA7FFA26D6FC): 1
LogDevObjectVersion:   Dev-Destruction (174F1F0B-B4C6-45A5-B13F-2EE8D0FB917D): 10
LogDevObjectVersion:   Dev-Physics-Ext (35F94A83-E258-406C-A318-09F59610247C): 37
LogDevObjectVersion:   Dev-PhysicsMaterial-Chaos (B68FC16E-8B1B-42E2-B453-215C058844FE): 1
LogDevObjectVersion:   Dev-CineCamera (B2E18506-4273-CFC2-A54E-F4BB758BBA07): 1
LogInit: Presizing for max 25165824 objects, including 0 objects not considered by GC, pre-allocating 0 bytes for permanent pool.
LogConfig: Applying CVar settings from Section [/Script/Engine.StreamingSettings] File [C:/Users/Bombay/Documents/GitHub/GameDesign/GAME/Saved/Config/Windows/Engine.ini]
LogConfig: Setting CVar [[s.MinBulkDataSizeForAsyncLoading:131072]]
LogConfig: Setting CVar [[s.AsyncLoadingThreadEnabled:0]]
LogConfig: Setting CVar [[s.EventDrivenLoaderEnabled:1]]
LogConfig: Setting CVar [[s.WarnIfTimeLimitExceeded:0]]
LogConfig: Setting CVar [[s.TimeLimitExceededMultiplier:1.5]]
LogConfig: Setting CVar [[s.TimeLimitExceededMinTime:0.005]]
LogConfig: Setting CVar [[s.UseBackgroundLevelStreaming:1]]
LogConfig: Setting CVar [[s.PriorityAsyncLoadingExtraTime:15.0]]
LogConfig: Setting CVar [[s.LevelStreamingActorsUpdateTimeLimit:5.0]]
LogConfig: Setting CVar [[s.PriorityLevelStreamingActorsUpdateExtraTime:5.0]]
LogConfig: Setting CVar [[s.LevelStreamingComponentsRegistrationGranularity:10]]
LogConfig: Setting CVar [[s.UnregisterComponentsTimeLimit:1.0]]
LogConfig: Setting CVar [[s.LevelStreamingComponentsUnregistrationGranularity:5]]
LogConfig: Setting CVar [[s.FlushStreamingOnExit:1]]
LogInit: Object subsystem initialized
LogConfig: Setting CVar [[con.DebugEarlyDefault:1]]
LogConfig: Setting CVar [[r.setres:1280x720]]
[2020.12.20-14.45.32:888][  0]LogConfig: Setting CVar [[r.VSync:0]]
[2020.12.20-14.45.32:888][  0]LogConfig: Setting CVar [[r.RHICmdBypass:0]]
[2020.12.20-14.45.32:888][  0]LogConfig: Applying CVar settings from Section [/Script/Engine.RendererSettings] File [C:/Users/Bombay/Documents/GitHub/GameDesign/GAME/Saved/Config/Windows/Engine.ini]
[2020.12.20-14.45.32:888][  0]LogConfig: Setting CVar [[r.GPUCrashDebugging:0]]
[2020.12.20-14.45.32:888][  0]LogConfig: Setting CVar [[r.MobileHDR:0]]
[2020.12.20-14.45.32:888][  0]LogConfig: Applying CVar settings from Section [/Script/Engine.RendererOverrideSettings] File [C:/Users/Bombay/Documents/GitHub/GameDesign/GAME/Saved/Config/Windows/Engine.ini]
[2020.12.20-14.45.32:888][  0]LogConfig: Applying CVar settings from Section [/Script/Engine.StreamingSettings] File [C:/Users/Bombay/Documents/GitHub/GameDesign/GAME/Saved/Config/Windows/Engine.ini]
[2020.12.20-14.45.32:888][  0]LogConfig: Setting CVar [[s.MinBulkDataSizeForAsyncLoading:131072]]
[2020.12.20-14.45.32:888][  0]LogConfig: Setting CVar [[s.AsyncLoadingThreadEnabled:0]]
[2020.12.20-14.45.32:888][  0]LogConfig: Setting CVar [[s.EventDrivenLoaderEnabled:1]]
[2020.12.20-14.45.32:889][  0]LogConfig: Setting CVar [[s.WarnIfTimeLimitExceeded:0]]
[2020.12.20-14.45.32:889][  0]LogConfig: Setting CVar [[s.TimeLimitExceededMultiplier:1.5]]
[2020.12.20-14.45.32:889][  0]LogConfig: Setting CVar [[s.TimeLimitExceededMinTime:0.005]]
[2020.12.20-14.45.32:889][  0]LogConfig: Setting CVar [[s.UseBackgroundLevelStreaming:1]]
[2020.12.20-14.45.32:889][  0]LogConfig: Setting CVar [[s.PriorityAsyncLoadingExtraTime:15.0]]
[2020.12.20-14.45.32:889][  0]LogConfig: Setting CVar [[s.LevelStreamingActorsUpdateTimeLimit:5.0]]
[2020.12.20-14.45.32:889][  0]LogConfig: Setting CVar [[s.PriorityLevelStreamingActorsUpdateExtraTime:5.0]]
[2020.12.20-14.45.32:889][  0]LogConfig: Setting CVar [[s.LevelStreamingComponentsRegistrationGranularity:10]]
[2020.12.20-14.45.32:889][  0]LogConfig: Setting CVar [[s.UnregisterComponentsTimeLimit:1.0]]
[2020.12.20-14.45.32:889][  0]LogConfig: Setting CVar [[s.LevelStreamingComponentsUnregistrationGranularity:5]]
[2020.12.20-14.45.32:889][  0]LogConfig: Setting CVar [[s.FlushStreamingOnExit:1]]
[2020.12.20-14.45.32:889][  0]LogConfig: Applying CVar settings from Section [/Script/Engine.GarbageCollectionSettings] File [C:/Users/Bombay/Documents/GitHub/GameDesign/GAME/Saved/Config/Windows/Engine.ini]
[2020.12.20-14.45.32:889][  0]LogConfig: Setting CVar [[gc.MaxObjectsNotConsideredByGC:1]]
[2020.12.20-14.45.32:889][  0]LogConfig: Setting CVar [[gc.SizeOfPermanentObjectPool:0]]
[2020.12.20-14.45.32:889][  0]LogConfig: Setting CVar [[gc.FlushStreamingOnGC:0]]
[2020.12.20-14.45.32:889][  0]LogConfig: Setting CVar [[gc.NumRetriesBeforeForcingGC:10]]
[2020.12.20-14.45.32:889][  0]LogConfig: Setting CVar [[gc.AllowParallelGC:1]]
[2020.12.20-14.45.32:889][  0]LogConfig: Setting CVar [[gc.TimeBetweenPurgingPendingKillObjects:61.1]]
[2020.12.20-14.45.32:889][  0]LogConfig: Setting CVar [[gc.MaxObjectsInEditor:25165824]]
[2020.12.20-14.45.32:889][  0]LogConfig: Setting CVar [[gc.IncrementalBeginDestroyEnabled:1]]
[2020.12.20-14.45.32:890][  0]LogConfig: Setting CVar [[gc.CreateGCClusters:1]]
[2020.12.20-14.45.32:890][  0]LogConfig: Setting CVar [[gc.MinGCClusterSize:5]]
[2020.12.20-14.45.32:890][  0]LogConfig: Setting CVar [[gc.ActorClusteringEnabled:0]]
[2020.12.20-14.45.32:890][  0]LogConfig: Setting CVar [[gc.BlueprintClusteringEnabled:0]]
[2020.12.20-14.45.32:890][  0]LogConfig: Setting CVar [[gc.UseDisregardForGCOnDedicatedServers:0]]
[2020.12.20-14.45.32:890][  0]LogConfig: Applying CVar settings from Section [/Script/Engine.NetworkSettings] File [C:/Users/Bombay/Documents/GitHub/GameDesign/GAME/Saved/Config/Windows/Engine.ini]
[2020.12.20-14.45.32:890][  0]LogConfig: Applying CVar settings from Section [/Script/UnrealEd.CookerSettings] File [C:/Users/Bombay/Documents/GitHub/GameDesign/GAME/Saved/Config/Windows/Engine.ini]
[2020.12.20-14.45.32:895][  0]LogConfig: Applying CVar settings from Section [ViewDistanceQuality@3] File [C:/Users/Bombay/Documents/GitHub/GameDesign/GAME/Saved/Config/Windows/Scalability.ini]
[2020.12.20-14.45.32:895][  0]LogConfig: Setting CVar [[r.SkeletalMeshLODBias:0]]
[2020.12.20-14.45.32:896][  0]LogConfig: Setting CVar [[r.ViewDistanceScale:1.0]]
[2020.12.20-14.45.32:896][  0]LogConfig: Applying CVar settings from Section [AntiAliasingQuality@3] File [C:/Users/Bombay/Documents/GitHub/GameDesign/GAME/Saved/Config/Windows/Scalability.ini]
[2020.12.20-14.45.32:896][  0]LogConfig: Setting CVar [[r.PostProcessAAQuality:4]]
[2020.12.20-14.45.32:896][  0]LogConfig: Applying CVar settings from Section [ShadowQuality@3] File [C:/Users/Bombay/Documents/GitHub/GameDesign/GAME/Saved/Config/Windows/Scalability.ini]
[2020.12.20-14.45.32:896][  0]LogConfig: Setting CVar [[r.LightFunctionQuality:1]]
[2020.12.20-14.45.32:896][  0]LogConfig: Setting CVar [[r.ShadowQuality:5]]
[2020.12.20-14.45.32:896][  0]LogConfig: Setting CVar [[r.Shadow.CSM.MaxCascades:10]]
[2020.12.20-14.45.32:896][  0]LogConfig: Setting CVar [[r.Shadow.MaxResolution:2048]]
[2020.12.20-14.45.32:896][  0]LogConfig: Setting CVar [[r.Shadow.MaxCSMResolution:2048]]
[2020.12.20-14.45.32:896][  0]LogConfig: Setting CVar [[r.Shadow.RadiusThreshold:0.01]]
[2020.12.20-14.45.32:896][  0]LogConfig: Setting CVar [[r.Shadow.DistanceScale:1.0]]
[2020.12.20-14.45.32:896][  0]LogConfig: Setting CVar [[r.Shadow.CSM.TransitionScale:1.0]]
[2020.12.20-14.45.32:896][  0]LogConfig: Setting CVar [[r.Shadow.PreShadowResolutionFactor:1.0]]
[2020.12.20-14.45.32:896][  0]LogConfig: Setting CVar [[r.DistanceFieldShadowing:1]]
[2020.12.20-14.45.32:896][  0]LogConfig: Setting CVar [[r.DistanceFieldAO:1]]
[2020.12.20-14.45.32:896][  0]LogConfig: Setting CVar [[r.AOQuality:2]]
[2020.12.20-14.45.32:896][  0]LogConfig: Setting CVar [[r.VolumetricFog:1]]
[2020.12.20-14.45.32:896][  0]LogConfig: Setting CVar [[r.VolumetricFog.GridPixelSize:8]]
[2020.12.20-14.45.32:896][  0]LogConfig: Setting CVar [[r.VolumetricFog.GridSizeZ:128]]
[2020.12.20-14.45.32:896][  0]LogConfig: Setting CVar [[r.VolumetricFog.HistoryMissSupersampleCount:4]]
[2020.12.20-14.45.32:896][  0]LogConfig: Setting CVar [[r.LightMaxDrawDistanceScale:1]]
[2020.12.20-14.45.32:896][  0]LogConfig: Setting CVar [[r.CapsuleShadows:1]]
[2020.12.20-14.45.32:896][  0]LogConfig: Applying CVar settings from Section [PostProcessQuality@3] File [C:/Users/Bombay/Documents/GitHub/GameDesign/GAME/Saved/Config/Windows/Scalability.ini]
[2020.12.20-14.45.32:897][  0]LogConfig: Setting CVar [[r.MotionBlurQuality:4]]
[2020.12.20-14.45.32:897][  0]LogConfig: Setting CVar [[r.AmbientOcclusionMipLevelFactor:0.4]]
[2020.12.20-14.45.32:897][  0]LogConfig: Setting CVar [[r.AmbientOcclusionMaxQuality:100]]
[2020.12.20-14.45.32:897][  0]LogConfig: Setting CVar [[r.AmbientOcclusionLevels:-1]]
[2020.12.20-14.45.32:897][  0]LogConfig: Setting CVar [[r.AmbientOcclusionRadiusScale:1.0]]
[2020.12.20-14.45.32:897][  0]LogConfig: Setting CVar [[r.DepthOfFieldQuality:2]]
[2020.12.20-14.45.32:897][  0]LogConfig: Setting CVar [[r.RenderTargetPoolMin:400]]
[2020.12.20-14.45.32:897][  0]LogConfig: Setting CVar [[r.LensFlareQuality:2]]
[2020.12.20-14.45.32:897][  0]LogConfig: Setting CVar [[r.SceneColorFringeQuality:1]]
[2020.12.20-14.45.32:897][  0]LogConfig: Setting CVar [[r.EyeAdaptationQuality:2]]
[2020.12.20-14.45.32:897][  0]LogConfig: Setting CVar [[r.BloomQuality:5]]
[2020.12.20-14.45.32:897][  0]LogConfig: Setting CVar [[r.FastBlurThreshold:100]]
[2020.12.20-14.45.32:897][  0]LogConfig: Setting CVar [[r.Upscale.Quality:3]]
[2020.12.20-14.45.32:897][  0]LogConfig: Setting CVar [[r.Tonemapper.GrainQuantization:1]]
[2020.12.20-14.45.32:897][  0]LogConfig: Setting CVar [[r.LightShaftQuality:1]]
[2020.12.20-14.45.32:897][  0]LogConfig: Setting CVar [[r.Filter.SizeScale:1]]
[2020.12.20-14.45.32:897][  0]LogConfig: Setting CVar [[r.Tonemapper.Quality:5]]
[2020.12.20-14.45.32:897][  0]LogConfig: Setting CVar [[r.DOF.Gather.AccumulatorQuality:1        ; higher gathering accumulator quality]]
[2020.12.20-14.45.32:897][  0]LogConfig: Setting CVar [[r.DOF.Gather.PostfilterMethod:1          ; Median3x3 postfilering method]]
[2020.12.20-14.45.32:897][  0]LogConfig: Setting CVar [[r.DOF.Gather.EnableBokehSettings:0       ; no bokeh simulation when gathering]]
[2020.12.20-14.45.32:897][  0]LogConfig: Setting CVar [[r.DOF.Gather.RingCount:4                 ; medium number of samples when gathering]]
[2020.12.20-14.45.32:897][  0]LogConfig: Setting CVar [[r.DOF.Scatter.ForegroundCompositing:1    ; additive foreground scattering]]
[2020.12.20-14.45.32:897][  0]LogConfig: Setting CVar [[r.DOF.Scatter.BackgroundCompositing:2    ; additive background scattering]]
[2020.12.20-14.45.32:898][  0]LogConfig: Setting CVar [[r.DOF.Scatter.EnableBokehSettings:1      ; bokeh simulation when scattering]]
[2020.12.20-14.45.32:898][  0]LogConfig: Setting CVar [[r.DOF.Scatter.MaxSpriteRatio:0.1         ; only a maximum of 10% of scattered bokeh]]
[2020.12.20-14.45.32:898][  0]LogConfig: Setting CVar [[r.DOF.Recombine.Quality:1                ; cheap slight out of focus]]
[2020.12.20-14.45.32:898][  0]LogConfig: Setting CVar [[r.DOF.Recombine.EnableBokehSettings:0    ; no bokeh simulation on slight out of focus]]
[2020.12.20-14.45.32:898][  0]LogConfig: Setting CVar [[r.DOF.TemporalAAQuality:1                ; more stable temporal accumulation]]
[2020.12.20-14.45.32:898][  0]LogConfig: Setting CVar [[r.DOF.Kernel.MaxForegroundRadius:0.025]]
[2020.12.20-14.45.32:898][  0]LogConfig: Setting CVar [[r.DOF.Kernel.MaxBackgroundRadius:0.025]]
[2020.12.20-14.45.32:898][  0]LogConfig: Applying CVar settings from Section [TextureQuality@3] File [C:/Users/Bombay/Documents/GitHub/GameDesign/GAME/Saved/Config/Windows/Scalability.ini]
[2020.12.20-14.45.32:898][  0]LogConfig: Setting CVar [[r.Streaming.MipBias:0]]
[2020.12.20-14.45.32:898][  0]LogConfig: Setting CVar [[r.Streaming.AmortizeCPUToGPUCopy:0]]
[2020.12.20-14.45.32:898][  0]LogConfig: Setting CVar [[r.Streaming.MaxNumTexturesToStreamPerFrame:0]]
[2020.12.20-14.45.32:898][  0]LogConfig: Setting CVar [[r.Streaming.Boost:1]]
[2020.12.20-14.45.32:898][  0]LogConfig: Setting CVar [[r.MaxAnisotropy:8]]
[2020.12.20-14.45.32:898][  0]LogConfig: Setting CVar [[r.VT.MaxAnisotropy:8]]
[2020.12.20-14.45.32:898][  0]LogConfig: Setting CVar [[r.Streaming.LimitPoolSizeToVRAM:0]]
[2020.12.20-14.45.32:898][  0]LogConfig: Setting CVar [[r.Streaming.PoolSize:1000]]
[2020.12.20-14.45.32:898][  0]LogConfig: Setting CVar [[r.Streaming.MaxEffectiveScreenSize:0]]
[2020.12.20-14.45.32:898][  0]LogConfig: Applying CVar settings from Section [EffectsQuality@3] File [C:/Users/Bombay/Documents/GitHub/GameDesign/GAME/Saved/Config/Windows/Scalability.ini]
[2020.12.20-14.45.32:898][  0]LogConfig: Setting CVar [[r.TranslucencyLightingVolumeDim:64]]
[2020.12.20-14.45.32:898][  0]LogConfig: Setting CVar [[r.RefractionQuality:2]]
[2020.12.20-14.45.32:898][  0]LogConfig: Setting CVar [[r.SSR.Quality:3]]
[2020.12.20-14.45.32:899][  0]LogConfig: Setting CVar [[r.SSR.HalfResSceneColor:0]]
[2020.12.20-14.45.32:899][  0]LogConfig: Setting CVar [[r.SceneColorFormat:4]]
[2020.12.20-14.45.32:899][  0]LogConfig: Setting CVar [[r.DetailMode:2]]
[2020.12.20-14.45.32:899][  0]LogConfig: Setting CVar [[r.TranslucencyVolumeBlur:1]]
[2020.12.20-14.45.32:899][  0]LogConfig: Setting CVar [[r.MaterialQualityLevel:1 ; High quality]]
[2020.12.20-14.45.32:899][  0]LogConfig: Setting CVar [[r.SSS.Scale:1]]
[2020.12.20-14.45.32:899][  0]LogConfig: Setting CVar [[r.SSS.SampleSet:2]]
[2020.12.20-14.45.32:899][  0]LogConfig: Setting CVar [[r.SSS.Quality:1]]
[2020.12.20-14.45.32:899][  0]LogConfig: Setting CVar [[r.SSS.HalfRes:0]]
[2020.12.20-14.45.32:899][  0]LogConfig: Setting CVar [[r.SSGI.Quality:3]]
[2020.12.20-14.45.32:899][  0]LogConfig: Setting CVar [[r.EmitterSpawnRateScale:1.0]]
[2020.12.20-14.45.32:899][  0]LogConfig: Setting CVar [[r.ParticleLightQuality:2]]
[2020.12.20-14.45.32:899][  0]LogConfig: Setting CVar [[r.SkyAtmosphere.AerialPerspectiveLUT.FastApplyOnOpaque:1 ; Always have FastSkyLUT 1 in this case to avoid wrong sky]]
[2020.12.20-14.45.32:899][  0]LogConfig: Setting CVar [[r.SkyAtmosphere.AerialPerspectiveLUT.SampleCountPerSlice:1]]
[2020.12.20-14.45.32:899][  0]LogConfig: Setting CVar [[r.SkyAtmosphere.AerialPerspectiveLUT.DepthResolution:16.0]]
[2020.12.20-14.45.32:899][  0]LogConfig: Setting CVar [[r.SkyAtmosphere.FastSkyLUT:1]]
[2020.12.20-14.45.32:899][  0]LogConfig: Setting CVar [[r.SkyAtmosphere.FastSkyLUT.SampleCountMin:4.0]]
[2020.12.20-14.45.32:899][  0]LogConfig: Setting CVar [[r.SkyAtmosphere.FastSkyLUT.SampleCountMax:32.0]]
[2020.12.20-14.45.32:899][  0]LogConfig: Setting CVar [[r.SkyAtmosphere.SampleCountMin:4.0]]
[2020.12.20-14.45.32:899][  0]LogConfig: Setting CVar [[r.SkyAtmosphere.SampleCountMax:32.0]]
[2020.12.20-14.45.32:899][  0]LogConfig: Setting CVar [[r.SkyAtmosphere.TransmittanceLUT.UseSmallFormat:0]]
[2020.12.20-14.45.32:899][  0]LogConfig: Setting CVar [[r.SkyAtmosphere.TransmittanceLUT.SampleCount:10.0]]
[2020.12.20-14.45.32:899][  0]LogConfig: Setting CVar [[r.SkyAtmosphere.MultiScatteringLUT.SampleCount:15.0]]
[2020.12.20-14.45.32:899][  0]LogConfig: Applying CVar settings from Section [FoliageQuality@3] File [C:/Users/Bombay/Documents/GitHub/GameDesign/GAME/Saved/Config/Windows/Scalability.ini]
[2020.12.20-14.45.32:900][  0]LogConfig: Setting CVar [[foliage.DensityScale:1.0]]
[2020.12.20-14.45.32:900][  0]LogConfig: Setting CVar [[grass.DensityScale:1.0]]
[2020.12.20-14.45.32:900][  0]LogConfig: Applying CVar settings from Section [ShadingQuality@3] File [C:/Users/Bombay/Documents/GitHub/GameDesign/GAME/Saved/Config/Windows/Scalability.ini]
[2020.12.20-14.45.32:900][  0]LogConfig: Setting CVar [[r.HairStrands.SkyLighting.SampleCount:16]]
[2020.12.20-14.45.32:900][  0]LogConfig: Setting CVar [[r.HairStrands.SkyLighting.JitterIntegration:0]]
[2020.12.20-14.45.32:900][  0]LogConfig: Setting CVar [[r.HairStrands.SkyAO.SampleCount:16]]
[2020.12.20-14.45.32:900][  0]LogConfig: Setting CVar [[r.HairStrands.DeepShadow.SuperSampling:0]]
[2020.12.20-14.45.32:900][  0]LogConfig: Setting CVar [[r.HairStrands.VisibilityPPLL:0]]
[2020.12.20-14.45.32:900][  0]LogConfig: Setting CVar [[r.HairStrands.RasterizationScale:0.5]]
[2020.12.20-14.45.32:900][  0]LogConfig: Setting CVar [[r.HairStrands.VelocityRasterizationScale:1]]
[2020.12.20-14.45.32:900][  0]LogInit: Selected Device Profile: [Windows]
[2020.12.20-14.45.32:900][  0]LogInit: Applying CVar settings loaded from the selected device profile: [Windows]
[2020.12.20-14.45.32:900][  0]LogHAL: Display: Platform has ~ 8 GB [8500490240 / 8589934592 / 8], which maps to Default [LargestMinGB=32, LargerMinGB=12, DefaultMinGB=8, SmallerMinGB=6, SmallestMinGB=0)
[2020.12.20-14.45.32:900][  0]LogInit: Going up to parent DeviceProfile []
[2020.12.20-14.45.32:900][  0]LogConfig: Applying CVar settings from Section [ViewDistanceQuality@3] File [C:/Users/Bombay/Documents/GitHub/GameDesign/GAME/Saved/Config/Windows/Scalability.ini]
[2020.12.20-14.45.32:900][  0]LogConfig: Setting CVar [[r.SkeletalMeshLODBias:0]]
[2020.12.20-14.45.32:900][  0]LogConfig: Setting CVar [[r.ViewDistanceScale:1.0]]
[2020.12.20-14.45.32:900][  0]LogConfig: Applying CVar settings from Section [AntiAliasingQuality@3] File [C:/Users/Bombay/Documents/GitHub/GameDesign/GAME/Saved/Config/Windows/Scalability.ini]
[2020.12.20-14.45.32:900][  0]LogConfig: Setting CVar [[r.PostProcessAAQuality:4]]
[2020.12.20-14.45.32:901][  0]LogConfig: Applying CVar settings from Section [ShadowQuality@3] File [C:/Users/Bombay/Documents/GitHub/GameDesign/GAME/Saved/Config/Windows/Scalability.ini]
[2020.12.20-14.45.32:901][  0]LogConfig: Setting CVar [[r.LightFunctionQuality:1]]
[2020.12.20-14.45.32:901][  0]LogConfig: Setting CVar [[r.ShadowQuality:5]]
[2020.12.20-14.45.32:901][  0]LogConfig: Setting CVar [[r.Shadow.CSM.MaxCascades:10]]
[2020.12.20-14.45.32:901][  0]LogConfig: Setting CVar [[r.Shadow.MaxResolution:2048]]
[2020.12.20-14.45.32:901][  0]LogConfig: Setting CVar [[r.Shadow.MaxCSMResolution:2048]]
[2020.12.20-14.45.32:901][  0]LogConfig: Setting CVar [[r.Shadow.RadiusThreshold:0.01]]
[2020.12.20-14.45.32:901][  0]LogConfig: Setting CVar [[r.Shadow.DistanceScale:1.0]]
[2020.12.20-14.45.32:901][  0]LogConfig: Setting CVar [[r.Shadow.CSM.TransitionScale:1.0]]
[2020.12.20-14.45.32:901][  0]LogConfig: Setting CVar [[r.Shadow.PreShadowResolutionFactor:1.0]]
[2020.12.20-14.45.32:901][  0]LogConfig: Setting CVar [[r.DistanceFieldShadowing:1]]
[2020.12.20-14.45.32:901][  0]LogConfig: Setting CVar [[r.DistanceFieldAO:1]]
[2020.12.20-14.45.32:901][  0]LogConfig: Setting CVar [[r.AOQuality:2]]
[2020.12.20-14.45.32:901][  0]LogConfig: Setting CVar [[r.VolumetricFog:1]]
[2020.12.20-14.45.32:901][  0]LogConfig: Setting CVar [[r.VolumetricFog.GridPixelSize:8]]
[2020.12.20-14.45.32:901][  0]LogConfig: Setting CVar [[r.VolumetricFog.GridSizeZ:128]]
[2020.12.20-14.45.32:901][  0]LogConfig: Setting CVar [[r.VolumetricFog.HistoryMissSupersampleCount:4]]
[2020.12.20-14.45.32:901][  0]LogConfig: Setting CVar [[r.LightMaxDrawDistanceScale:1]]
[2020.12.20-14.45.32:901][  0]LogConfig: Setting CVar [[r.CapsuleShadows:1]]
[2020.12.20-14.45.32:901][  0]LogConfig: Applying CVar settings from Section [PostProcessQuality@3] File [C:/Users/Bombay/Documents/GitHub/GameDesign/GAME/Saved/Config/Windows/Scalability.ini]
[2020.12.20-14.45.32:902][  0]LogConfig: Setting CVar [[r.MotionBlurQuality:4]]
[2020.12.20-14.45.32:902][  0]LogConfig: Setting CVar [[r.AmbientOcclusionMipLevelFactor:0.4]]
[2020.12.20-14.45.32:902][  0]LogConfig: Setting CVar [[r.AmbientOcclusionMaxQuality:100]]
[2020.12.20-14.45.32:902][  0]LogConfig: Setting CVar [[r.AmbientOcclusionLevels:-1]]
[2020.12.20-14.45.32:902][  0]LogConfig: Setting CVar [[r.AmbientOcclusionRadiusScale:1.0]]
[2020.12.20-14.45.32:902][  0]LogConfig: Setting CVar [[r.DepthOfFieldQuality:2]]
[2020.12.20-14.45.32:902][  0]LogConfig: Setting CVar [[r.RenderTargetPoolMin:400]]
[2020.12.20-14.45.32:902][  0]LogConfig: Setting CVar [[r.LensFlareQuality:2]]
[2020.12.20-14.45.32:902][  0]LogConfig: Setting CVar [[r.SceneColorFringeQuality:1]]
[2020.12.20-14.45.32:902][  0]LogConfig: Setting CVar [[r.EyeAdaptationQuality:2]]
[2020.12.20-14.45.32:902][  0]LogConfig: Setting CVar [[r.BloomQuality:5]]
[2020.12.20-14.45.32:902][  0]LogConfig: Setting CVar [[r.FastBlurThreshold:100]]
[2020.12.20-14.45.32:902][  0]LogConfig: Setting CVar [[r.Upscale.Quality:3]]
[2020.12.20-14.45.32:902][  0]LogConfig: Setting CVar [[r.Tonemapper.GrainQuantization:1]]
[2020.12.20-14.45.32:902][  0]LogConfig: Setting CVar [[r.LightShaftQuality:1]]
[2020.12.20-14.45.32:902][  0]LogConfig: Setting CVar [[r.Filter.SizeScale:1]]
[2020.12.20-14.45.32:902][  0]LogConfig: Setting CVar [[r.Tonemapper.Quality:5]]
[2020.12.20-14.45.32:902][  0]LogConfig: Setting CVar [[r.DOF.Gather.AccumulatorQuality:1        ; higher gathering accumulator quality]]
[2020.12.20-14.45.32:902][  0]LogConfig: Setting CVar [[r.DOF.Gather.PostfilterMethod:1          ; Median3x3 postfilering method]]
[2020.12.20-14.45.32:902][  0]LogConfig: Setting CVar [[r.DOF.Gather.EnableBokehSettings:0       ; no bokeh simulation when gathering]]
[2020.12.20-14.45.32:902][  0]LogConfig: Setting CVar [[r.DOF.Gather.RingCount:4                 ; medium number of samples when gathering]]
[2020.12.20-14.45.32:902][  0]LogConfig: Setting CVar [[r.DOF.Scatter.ForegroundCompositing:1    ; additive foreground scattering]]
[2020.12.20-14.45.32:902][  0]LogConfig: Setting CVar [[r.DOF.Scatter.BackgroundCompositing:2    ; additive background scattering]]
[2020.12.20-14.45.32:902][  0]LogConfig: Setting CVar [[r.DOF.Scatter.EnableBokehSettings:1      ; bokeh simulation when scattering]]
[2020.12.20-14.45.32:903][  0]LogConfig: Setting CVar [[r.DOF.Scatter.MaxSpriteRatio:0.1         ; only a maximum of 10% of scattered bokeh]]
[2020.12.20-14.45.32:903][  0]LogConfig: Setting CVar [[r.DOF.Recombine.Quality:1                ; cheap slight out of focus]]
[2020.12.20-14.45.32:903][  0]LogConfig: Setting CVar [[r.DOF.Recombine.EnableBokehSettings:0    ; no bokeh simulation on slight out of focus]]
[2020.12.20-14.45.32:903][  0]LogConfig: Setting CVar [[r.DOF.TemporalAAQuality:1                ; more stable temporal accumulation]]
[2020.12.20-14.45.32:903][  0]LogConfig: Setting CVar [[r.DOF.Kernel.MaxForegroundRadius:0.025]]
[2020.12.20-14.45.32:903][  0]LogConfig: Setting CVar [[r.DOF.Kernel.MaxBackgroundRadius:0.025]]
[2020.12.20-14.45.32:903][  0]LogConfig: Applying CVar settings from Section [TextureQuality@3] File [C:/Users/Bombay/Documents/GitHub/GameDesign/GAME/Saved/Config/Windows/Scalability.ini]
[2020.12.20-14.45.32:903][  0]LogConfig: Setting CVar [[r.Streaming.MipBias:0]]
[2020.12.20-14.45.32:903][  0]LogConfig: Setting CVar [[r.Streaming.AmortizeCPUToGPUCopy:0]]
[2020.12.20-14.45.32:903][  0]LogConfig: Setting CVar [[r.Streaming.MaxNumTexturesToStreamPerFrame:0]]
[2020.12.20-14.45.32:903][  0]LogConfig: Setting CVar [[r.Streaming.Boost:1]]
[2020.12.20-14.45.32:903][  0]LogConfig: Setting CVar [[r.MaxAnisotropy:8]]
[2020.12.20-14.45.32:903][  0]LogConfig: Setting CVar [[r.VT.MaxAnisotropy:8]]
[2020.12.20-14.45.32:903][  0]LogConfig: Setting CVar [[r.Streaming.LimitPoolSizeToVRAM:0]]
[2020.12.20-14.45.32:903][  0]LogConfig: Setting CVar [[r.Streaming.PoolSize:1000]]
[2020.12.20-14.45.32:903][  0]LogConfig: Setting CVar [[r.Streaming.MaxEffectiveScreenSize:0]]
[2020.12.20-14.45.32:903][  0]LogConfig: Applying CVar settings from Section [EffectsQuality@3] File [C:/Users/Bombay/Documents/GitHub/GameDesign/GAME/Saved/Config/Windows/Scalability.ini]
[2020.12.20-14.45.32:903][  0]LogConfig: Setting CVar [[r.TranslucencyLightingVolumeDim:64]]
[2020.12.20-14.45.32:903][  0]LogConfig: Setting CVar [[r.RefractionQuality:2]]
[2020.12.20-14.45.32:904][  0]LogConfig: Setting CVar [[r.SSR.Quality:3]]
[2020.12.20-14.45.32:904][  0]LogConfig: Setting CVar [[r.SSR.HalfResSceneColor:0]]
[2020.12.20-14.45.32:904][  0]LogConfig: Setting CVar [[r.SceneColorFormat:4]]
[2020.12.20-14.45.32:904][  0]LogConfig: Setting CVar [[r.DetailMode:2]]
[2020.12.20-14.45.32:904][  0]LogConfig: Setting CVar [[r.TranslucencyVolumeBlur:1]]
[2020.12.20-14.45.32:904][  0]LogConfig: Setting CVar [[r.MaterialQualityLevel:1 ; High quality]]
[2020.12.20-14.45.32:904][  0]LogConfig: Setting CVar [[r.SSS.Scale:1]]
[2020.12.20-14.45.32:904][  0]LogConfig: Setting CVar [[r.SSS.SampleSet:2]]
[2020.12.20-14.45.32:904][  0]LogConfig: Setting CVar [[r.SSS.Quality:1]]
[2020.12.20-14.45.32:904][  0]LogConfig: Setting CVar [[r.SSS.HalfRes:0]]
[2020.12.20-14.45.32:904][  0]LogConfig: Setting CVar [[r.SSGI.Quality:3]]
[2020.12.20-14.45.32:904][  0]LogConfig: Setting CVar [[r.EmitterSpawnRateScale:1.0]]
[2020.12.20-14.45.32:904][  0]LogConfig: Setting CVar [[r.ParticleLightQuality:2]]
[2020.12.20-14.45.32:904][  0]LogConfig: Setting CVar [[r.SkyAtmosphere.AerialPerspectiveLUT.FastApplyOnOpaque:1 ; Always have FastSkyLUT 1 in this case to avoid wrong sky]]
[2020.12.20-14.45.32:904][  0]LogConfig: Setting CVar [[r.SkyAtmosphere.AerialPerspectiveLUT.SampleCountPerSlice:1]]
[2020.12.20-14.45.32:904][  0]LogConfig: Setting CVar [[r.SkyAtmosphere.AerialPerspectiveLUT.DepthResolution:16.0]]
[2020.12.20-14.45.32:905][  0]LogConfig: Setting CVar [[r.SkyAtmosphere.FastSkyLUT:1]]
[2020.12.20-14.45.32:905][  0]LogConfig: Setting CVar [[r.SkyAtmosphere.FastSkyLUT.SampleCountMin:4.0]]
[2020.12.20-14.45.32:905][  0]LogConfig: Setting CVar [[r.SkyAtmosphere.FastSkyLUT.SampleCountMax:32.0]]
[2020.12.20-14.45.32:905][  0]LogConfig: Setting CVar [[r.SkyAtmosphere.SampleCountMin:4.0]]
[2020.12.20-14.45.32:905][  0]LogConfig: Setting CVar [[r.SkyAtmosphere.SampleCountMax:32.0]]
[2020.12.20-14.45.32:905][  0]LogConfig: Setting CVar [[r.SkyAtmosphere.TransmittanceLUT.UseSmallFormat:0]]
[2020.12.20-14.45.32:905][  0]LogConfig: Setting CVar [[r.SkyAtmosphere.TransmittanceLUT.SampleCount:10.0]]
[2020.12.20-14.45.32:905][  0]LogConfig: Setting CVar [[r.SkyAtmosphere.MultiScatteringLUT.SampleCount:15.0]]
[2020.12.20-14.45.32:905][  0]LogConfig: Applying CVar settings from Section [FoliageQuality@3] File [C:/Users/Bombay/Documents/GitHub/GameDesign/GAME/Saved/Config/Windows/Scalability.ini]
[2020.12.20-14.45.32:905][  0]LogConfig: Setting CVar [[foliage.DensityScale:1.0]]
[2020.12.20-14.45.32:905][  0]LogConfig: Setting CVar [[grass.DensityScale:1.0]]
[2020.12.20-14.45.32:905][  0]LogConfig: Applying CVar settings from Section [ShadingQuality@3] File [C:/Users/Bombay/Documents/GitHub/GameDesign/GAME/Saved/Config/Windows/Scalability.ini]
[2020.12.20-14.45.32:905][  0]LogConfig: Setting CVar [[r.HairStrands.SkyLighting.SampleCount:16]]
[2020.12.20-14.45.32:905][  0]LogConfig: Setting CVar [[r.HairStrands.SkyLighting.JitterIntegration:0]]
[2020.12.20-14.45.32:905][  0]LogConfig: Setting CVar [[r.HairStrands.SkyAO.SampleCount:16]]
[2020.12.20-14.45.32:906][  0]LogConfig: Setting CVar [[r.HairStrands.DeepShadow.SuperSampling:0]]
[2020.12.20-14.45.32:906][  0]LogConfig: Setting CVar [[r.HairStrands.VisibilityPPLL:0]]
[2020.12.20-14.45.32:906][  0]LogConfig: Setting CVar [[r.HairStrands.RasterizationScale:0.5]]
[2020.12.20-14.45.32:906][  0]LogConfig: Setting CVar [[r.HairStrands.VelocityRasterizationScale:1]]
[2020.12.20-14.45.32:906][  0]LogConfig: Applying CVar settings from Section [Startup] File [../../../Engine/Config/ConsoleVariables.ini]
[2020.12.20-14.45.32:906][  0]LogConfig: Setting CVar [[net.UseAdaptiveNetUpdateFrequency:0]]
[2020.12.20-14.45.32:907][  0]LogConfig: Setting CVar [[p.chaos.AllowCreatePhysxBodies:1]]
[2020.12.20-14.45.32:907][  0]LogConfig: Setting CVar [[fx.SkipVectorVMBackendOptimizations:1]]
[2020.12.20-14.45.32:907][  0]LogConfig: Applying CVar settings from Section [ConsoleVariables] File [C:/Users/Bombay/Documents/GitHub/GameDesign/GAME/Saved/Config/Windows/Engine.ini]
[2020.12.20-14.45.32:907][  0]LogInit: Computer: DESKTOP-3O1B2KC
[2020.12.20-14.45.32:907][  0]LogInit: User: Bombay
[2020.12.20-14.45.32:907][  0]LogInit: CPU Page size=4096, Cores=2
[2020.12.20-14.45.32:907][  0]LogInit: High frequency timer resolution =10.000000 MHz
[2020.12.20-14.45.32:907][  0]LogMemory: Memory total: Physical=7.9GB (8GB approx)
[2020.12.20-14.45.32:907][  0]LogMemory: Platform Memory Stats for Windows
[2020.12.20-14.45.32:907][  0]LogMemory: Process Physical Memory: 113.44 MB used, 113.45 MB peak
[2020.12.20-14.45.32:907][  0]LogMemory: Process Virtual Memory: 94.98 MB used, 94.98 MB peak
[2020.12.20-14.45.32:907][  0]LogMemory: Physical Memory: 4837.74 MB used,  3268.96 MB free, 8106.70 MB total
[2020.12.20-14.45.32:907][  0]LogMemory: Virtual Memory: 5088.41 MB used,  134212640.00 MB free, 134217728.00 MB total
[2020.12.20-14.45.32:918][  0]LogWindows: WindowsPlatformFeatures enabled
[2020.12.20-14.45.33:000][  0]LogInit: Physics initialised using underlying interface: PhysX
[2020.12.20-14.45.33:002][  0]LogInit: Using OS detected language (en-US).
[2020.12.20-14.45.33:002][  0]LogInit: Using OS detected locale (th-TH).
[2020.12.20-14.45.33:012][  0]LogTextLocalizationManager: No specific localization for 'en-US' exists, so the 'en' localization will be used.
[2020.12.20-14.45.33:310][  0]LogInit: Setting process to per monitor DPI aware
[2020.12.20-14.45.33:372][  0]LogSlate: New Slate User Created.  User Index 0, Is Virtual User: 0
[2020.12.20-14.45.33:372][  0]LogSlate: Slate User Registered.  User Index 0, Is Virtual User: 0
[2020.12.20-14.45.33:845][  0]LogHMD: Failed to initialize OpenVR with code 110
[2020.12.20-14.45.33:846][  0]LogD3D11RHI: D3D11 min allowed feature level: 11_0
[2020.12.20-14.45.33:846][  0]LogD3D11RHI: D3D11 max allowed feature level: 11_0
[2020.12.20-14.45.33:846][  0]LogD3D11RHI: D3D11 adapters:
[2020.12.20-14.45.34:018][  0]LogD3D11RHI:    0. 'NVIDIA GeForce 940M' (Feature Level 11_0)
[2020.12.20-14.45.34:018][  0]LogD3D11RHI:       2004/0/4053 MB DedicatedVideo/DedicatedSystem/SharedSystem, Outputs:1, VendorId:0x10de
[2020.12.20-14.45.34:031][  0]LogD3D11RHI:    1. 'Intel(R) HD Graphics 5500' (Feature Level 11_0)
[2020.12.20-14.45.34:031][  0]LogD3D11RHI:       128/0/4053 MB DedicatedVideo/DedicatedSystem/SharedSystem, Outputs:0, VendorId:0x8086
[2020.12.20-14.45.34:036][  0]LogD3D11RHI:    2. 'Microsoft Basic Render Driver' (Feature Level 11_0)
[2020.12.20-14.45.34:036][  0]LogD3D11RHI:       0/0/4053 MB DedicatedVideo/DedicatedSystem/SharedSystem, Outputs:0, VendorId:0x1414
[2020.12.20-14.45.34:036][  0]LogD3D11RHI: Chosen D3D11 Adapter: 0
[2020.12.20-14.45.34:099][  0]LogD3D11RHI: Creating new Direct3DDevice
[2020.12.20-14.45.34:099][  0]LogD3D11RHI:     GPU DeviceId: 0x1347 (for the marketing name, search the web for "GPU Device Id")
[2020.12.20-14.45.34:099][  0]LogWindows: EnumDisplayDevices:
[2020.12.20-14.45.34:100][  0]LogWindows:    0. 'Intel(R) HD Graphics 5500' (P:1 D:1)
[2020.12.20-14.45.34:101][  0]LogWindows:    1. 'Intel(R) HD Graphics 5500' (P:0 D:0)
[2020.12.20-14.45.34:101][  0]LogWindows:    2. 'Intel(R) HD Graphics 5500' (P:0 D:0)
[2020.12.20-14.45.34:102][  0]LogWindows: DebugString: PrimaryIsNotTheChoosenAdapter PrimaryIsNotTheChoosenAdapter PrimaryIsNotTheChoosenAdapter FoundDriverCount:0 
[2020.12.20-14.45.34:102][  0]LogD3D11RHI:     Adapter Name: NVIDIA GeForce 940M
[2020.12.20-14.45.34:102][  0]LogD3D11RHI:   Driver Version: Unknown (internal:Unknown, unified:Unknown)
[2020.12.20-14.45.34:102][  0]LogD3D11RHI:      Driver Date: Unknown
[2020.12.20-14.45.34:102][  0]LogRHI: Texture pool is 1402 MB (70% of 2004 MB)
[2020.12.20-14.45.34:190][  0]LogD3D11RHI: RHI has support for 64 bit atomics
[2020.12.20-14.45.34:195][  0]LogD3D11RHI: [Aftermath] Enabled and primed
[2020.12.20-14.45.34:195][  0]LogD3D11RHI: Async texture creation enabled
[2020.12.20-14.45.34:221][  0]LogD3D11RHI: GPU Timing Frequency: 1000.000000 (Debug: 2 1)
[2020.12.20-14.45.34:968][  0]LogTargetPlatformManager: Display: Loaded TargetPlatform 'AllDesktop'
[2020.12.20-14.45.35:007][  0]LogTargetPlatformManager: Display: Loaded TargetPlatform 'Android'
[2020.12.20-14.45.35:007][  0]LogTargetPlatformManager: Display: Loaded TargetPlatform 'Android_ASTC'
[2020.12.20-14.45.35:007][  0]LogTargetPlatformManager: Display: Loaded TargetPlatform 'Android_DXT'
[2020.12.20-14.45.35:007][  0]LogTargetPlatformManager: Display: Loaded TargetPlatform 'Android_ETC2'
[2020.12.20-14.45.35:007][  0]LogTargetPlatformManager: Display: Loaded TargetPlatform 'AndroidClient'
[2020.12.20-14.45.35:007][  0]LogTargetPlatformManager: Display: Loaded TargetPlatform 'Android_ASTCClient'
[2020.12.20-14.45.35:007][  0]LogTargetPlatformManager: Display: Loaded TargetPlatform 'Android_DXTClient'
[2020.12.20-14.45.35:007][  0]LogTargetPlatformManager: Display: Loaded TargetPlatform 'Android_ETC2Client'
[2020.12.20-14.45.35:007][  0]LogTargetPlatformManager: Display: Loaded TargetPlatform 'Android_Multi'
[2020.12.20-14.45.35:007][  0]LogTargetPlatformManager: Display: Loaded TargetPlatform 'Android_MultiClient'
[2020.12.20-14.45.35:047][  0]LogTargetPlatformManager: Display: Loaded TargetPlatform 'IOSClient'
[2020.12.20-14.45.35:047][  0]LogTargetPlatformManager: Display: Loaded TargetPlatform 'IOS'
[2020.12.20-14.45.35:067][  0]LogTargetPlatformManager: Display: Loaded TargetPlatform 'Linux'
[2020.12.20-14.45.35:083][  0]LogTargetPlatformManager: Display: Loaded TargetPlatform 'LinuxNoEditor'
[2020.12.20-14.45.35:098][  0]LogTargetPlatformManager: Display: Loaded TargetPlatform 'LinuxClient'
[2020.12.20-14.45.35:113][  0]LogTargetPlatformManager: Display: Loaded TargetPlatform 'LinuxServer'
[2020.12.20-14.45.35:129][  0]LogTargetPlatformManager: Display: Loaded TargetPlatform 'LinuxAArch64NoEditor'
[2020.12.20-14.45.35:144][  0]LogTargetPlatformManager: Display: Loaded TargetPlatform 'LinuxAArch64Client'
[2020.12.20-14.45.35:159][  0]LogTargetPlatformManager: Display: Loaded TargetPlatform 'LinuxAArch64Server'
[2020.12.20-14.45.35:206][  0]LogTargetPlatformManager: Display: Loaded TargetPlatform 'Lumin'
[2020.12.20-14.45.35:206][  0]LogTargetPlatformManager: Display: Loaded TargetPlatform 'LuminClient'
[2020.12.20-14.45.35:233][  0]LogTargetPlatformManager: Display: Loaded TargetPlatform 'TVOSClient'
[2020.12.20-14.45.35:233][  0]LogTargetPlatformManager: Display: Loaded TargetPlatform 'TVOS'
[2020.12.20-14.45.35:250][  0]LogTargetPlatformManager: Display: Loaded TargetPlatform 'WindowsNoEditor'
[2020.12.20-14.45.35:267][  0]LogTargetPlatformManager: Display: Loaded TargetPlatform 'Windows'
[2020.12.20-14.45.35:283][  0]LogTargetPlatformManager: Display: Loaded TargetPlatform 'WindowsClient'
[2020.12.20-14.45.35:298][  0]LogTargetPlatformManager: Display: Loaded TargetPlatform 'WindowsServer'
[2020.12.20-14.45.35:298][  0]LogTargetPlatformManager: Display: Building Assets For Windows
[2020.12.20-14.45.35:315][  0]LogAudioDebug: Display: Lib vorbis DLL was dynamically loaded.
[2020.12.20-14.45.35:436][  0]LogShaderCompilers: Guid format shader working directory is -13 characters bigger than the processId version (../../../../../Users/Bombay/Documents/GitHub/GameDesign/GAME/Intermediate/Shaders/WorkingDirectory/8564/).
[2020.12.20-14.45.35:436][  0]LogShaderCompilers: Cleaned the shader compiler working directory 'C:/Users/Bombay/AppData/Local/Temp/UnrealShaderWorkingDir/A3643055467B189B501EDE96680524D4/'.
[2020.12.20-14.45.35:437][  0]LogXGEController: Cannot use XGE Controller as Incredibuild is not installed on this machine.
[2020.12.20-14.45.35:437][  0]LogShaderCompilers: Cannot use XGE Shader Compiler as Incredibuild is not installed on this machine.
[2020.12.20-14.45.35:437][  0]LogShaderCompilers: Display: Using Local Shader Compiler.
[2020.12.20-14.45.36:696][  0]LogDerivedDataCache: Display: Max Cache Size: 512 MB
[2020.12.20-14.45.36:783][  0]LogDerivedDataCache: Loaded boot cache 0.09s 76MB C:/Users/Bombay/AppData/Local/UnrealEngine/4.25/DerivedDataCache/Boot.ddc.
[2020.12.20-14.45.36:783][  0]LogDerivedDataCache: Display: Loaded Boot cache: C:/Users/Bombay/AppData/Local/UnrealEngine/4.25/DerivedDataCache/Boot.ddc
[2020.12.20-14.45.36:783][  0]LogDerivedDataCache: FDerivedDataBackendGraph:  Pak pak cache file ../../../../../Users/Bombay/Documents/GitHub/GameDesign/GAME/DerivedDataCache/DDC.ddp not found, will not use a pak cache.
[2020.12.20-14.45.36:783][  0]LogDerivedDataCache: Unable to find inner node Pak for hierarchical cache Hierarchy.
[2020.12.20-14.45.36:784][  0]LogDerivedDataCache: FDerivedDataBackendGraph:  CompressedPak pak cache file ../../../../../Users/Bombay/Documents/GitHub/GameDesign/GAME/DerivedDataCache/Compressed.ddp not found, will not use a pak cache.
[2020.12.20-14.45.36:784][  0]LogDerivedDataCache: Unable to find inner node CompressedPak for hierarchical cache Hierarchy.
[2020.12.20-14.45.36:799][  0]LogDerivedDataCache: Display: Pak cache opened for reading ../../../Engine/DerivedDataCache/Compressed.ddp.
[2020.12.20-14.45.36:799][  0]LogDerivedDataCache: FDerivedDataBackendGraph:  EnterprisePak pak cache file ../../../Enterprise/DerivedDataCache/Compressed.ddp not found, will not use a pak cache.
[2020.12.20-14.45.36:800][  0]LogDerivedDataCache: Unable to find inner node EnterprisePak for hierarchical cache Hierarchy.
[2020.12.20-14.45.36:801][  0]LogDerivedDataCache: Using Local data cache path C:/Users/Bombay/AppData/Local/UnrealEngine/Common/DerivedDataCache: Writable
[2020.12.20-14.45.36:801][  0]LogDerivedDataCache: Shared data cache path not found in *engine.ini, will not use an Shared cache.
[2020.12.20-14.45.36:801][  0]LogDerivedDataCache: Unable to find inner node Shared for hierarchical cache Hierarchy.
[2020.12.20-14.45.36:903][  0]LogSlate: Using FreeType 2.10.0
[2020.12.20-14.45.36:904][  0]LogSlate: SlateFontServices - WITH_FREETYPE: 1, WITH_HARFBUZZ: 1
[2020.12.20-14.45.36:973][  0]LogAssetRegistry: FAssetRegistry took 0.0041 seconds to start up
[2020.12.20-14.45.37:401][  0]LogInit: Selected Device Profile: [Windows]
[2020.12.20-14.45.37:594][  0]LogMeshReduction: Using QuadricMeshReduction for automatic static mesh reduction
[2020.12.20-14.45.37:594][  0]LogMeshReduction: Using SimplygonMeshReduction for automatic skeletal mesh reduction
[2020.12.20-14.45.37:594][  0]LogMeshReduction: Using ProxyLODMeshReduction for automatic mesh merging
[2020.12.20-14.45.37:594][  0]LogMeshReduction: No distributed automatic mesh merging module available
[2020.12.20-14.45.37:594][  0]LogMeshMerging: No distributed automatic mesh merging module available
[2020.12.20-14.45.37:623][  0]LogNetVersion: GAME 1.0.0, NetCL: 13144385, EngineNetVer: 14, GameNetVer: 0 (Checksum: 4126638738)
[2020.12.20-14.45.38:830][  0]LogAISub: UAISubsystem::UAISubsystem AISubsystem (00000239FED16980), frame # 0
[2020.12.20-14.45.38:830][  0]LogAISub: UAISubsystem::UAISubsystem AIPerceptionSystem (00000239FFBA79C0), frame # 0
[2020.12.20-14.45.38:836][  0]LogAISub: UAISubsystem::UAISubsystem EnvQueryManager (00000239FECFEA00), frame # 0
[2020.12.20-14.45.38:972][  0]LogPackageLocalizationCache: Processed 19 localized package path(s) for 1 prioritized culture(s) in 0.122676 seconds
[2020.12.20-14.45.38:978][  0]LogUObjectArray: 15917 objects as part of root set at end of initial load.
[2020.12.20-14.45.38:979][  0]LogUObjectAllocator: 3965568 out of 0 bytes used by permanent object pool.
[2020.12.20-14.45.38:979][  0]LogUObjectArray: CloseDisregardForGC: 0/0 objects in disregard for GC pool
[2020.12.20-14.45.39:848][  0]LogTcpMessaging: Initializing TcpMessaging bridge
[2020.12.20-14.45.39:856][  0]LogUdpMessaging: Initializing bridge on interface 0.0.0.0:0 to multicast group 230.0.0.1:6666.
[2020.12.20-14.45.40:006][  0]SourceControl: Source control is disabled
[2020.12.20-14.45.40:006][  0]SourceControl: Source control is disabled
[2020.12.20-14.45.40:012][  0]SourceControl: Source control is disabled
[2020.12.20-14.45.40:018][  0]SourceControl: Source control is disabled
[2020.12.20-14.45.40:030][  0]SourceControl: Source control is disabled
[2020.12.20-14.45.40:054][  0]LogVSAccessor: Display: Unable to create Visual Studio setup instance: 80040154
[2020.12.20-14.45.40:055][  0]LogVSAccessor: Display: Unable to create Visual Studio setup instance: 80040154
[2020.12.20-14.45.40:484][  0]LogAndroidPermission: UAndroidPermissionCallbackProxy::GetInstance
[2020.12.20-14.45.40:519][  0]LogAudioCaptureCore: Display: No Audio Capture implementations found. Audio input will be silent.
[2020.12.20-14.45.40:519][  0]LogAudioCaptureCore: Display: No Audio Capture implementations found. Audio input will be silent.
[2020.12.20-14.45.40:610][  0]LogOcInput: OculusInput pre-init called
[2020.12.20-14.45.40:632][  0]LogWindows: Failed to load 'OVRPlugin.dll' (GetLastError=126)
[2020.12.20-14.45.40:632][  0]LogWindows: File 'OVRPlugin.dll' does not exist
[2020.12.20-14.45.40:732][  0]LogEngine: Initializing Engine...
[2020.12.20-14.45.40:734][  0]LogHMD: Failed to initialize OpenVR with code 110
[2020.12.20-14.45.40:735][  0]LogMagicLeap: Warning: VR disabled because ZI is not enabled.  To enable, in the editor, Edit -> Project Settings -> Plugins -> Magic Leap Plugin -> Enable Zero Iteration
[2020.12.20-14.45.40:736][  0]LogStats: UGameplayTagsManager::InitializeManager -  0.000 s
[2020.12.20-14.45.40:949][  0]LogInit: Initializing FReadOnlyCVARCache
[2020.12.20-14.45.40:963][  0]LogAIModule: Creating AISystem for world Untitled
[2020.12.20-14.45.40:963][  0]LogAISub: UAISubsystem::UAISubsystem EnvQueryManager (000002398540FC00), frame # 0
[2020.12.20-14.45.40:964][  0]LogAISub: UAISubsystem::UAISubsystem AIPerceptionSystem (000002398541BB00), frame # 0
[2020.12.20-14.45.40:992][  0]LogAudioMixer: Display: Audio Mixer Platform Settings:
[2020.12.20-14.45.40:992][  0]LogAudioMixer: Display: 	Sample Rate:						  48000
[2020.12.20-14.45.40:992][  0]LogAudioMixer: Display: 	Callback Buffer Frame Size Requested: 1024
[2020.12.20-14.45.40:992][  0]LogAudioMixer: Display: 	Callback Buffer Frame Size To Use:	  1024
[2020.12.20-14.45.40:992][  0]LogAudioMixer: Display: 	Number of buffers to queue:			  2
[2020.12.20-14.45.40:992][  0]LogAudioMixer: Display: 	Max Channels (voices):				  32
[2020.12.20-14.45.40:992][  0]LogAudioMixer: Display: 	Number of Async Source Workers:		  0
[2020.12.20-14.45.40:992][  0]LogAudio: Display: AudioDevice MaxSources: 32
[2020.12.20-14.45.40:993][  0]LogAudio: Display: Using built-in audio occlusion.
[2020.12.20-14.45.40:993][  0]LogAudioMixer: Display: Initializing audio mixer.
[2020.12.20-14.45.41:035][  0]LogAudioMixer: Display: 0: FrontLeft
[2020.12.20-14.45.41:035][  0]LogAudioMixer: Display: 1: FrontRight
[2020.12.20-14.45.41:118][  0]LogAudioMixer: Display: Using Audio Device Speakers (Realtek High Definition Audio)
[2020.12.20-14.45.41:122][  0]LogAudioMixer: Display: Initializing Sound Submixes...
[2020.12.20-14.45.41:128][  0]LogAudioMixer: Display: Creating Master Submix 'MasterSubmixDefault'
[2020.12.20-14.45.41:129][  0]LogAudioMixer: Display: Creating Master Submix 'MasterReverbSubmixDefault'
[2020.12.20-14.45.41:130][  0]LogAudioMixer: Display: Creating Master Submix 'MasterEQSubmixDefault'
[2020.12.20-14.45.41:132][  0]LogInit: FAudioDevice initialized.
[2020.12.20-14.45.41:132][  0]LogNetVersion: Set ProjectVersion to 1.0.0.0. Version Checksum will be recalculated on next use.
[2020.12.20-14.45.41:547][  0]LogDerivedDataCache: Saved boot cache 0.42s 76MB C:/Users/Bombay/AppData/Local/UnrealEngine/4.25/DerivedDataCache/Boot.ddc.
[2020.12.20-14.45.41:549][  0]LogInit: Texture streaming: Enabled
[2020.12.20-14.45.41:595][  0]LogEngineSessionManager: EngineSessionManager initialized
[2020.12.20-14.45.41:595][  0]LogEditorSessionSummary: Verbose: Initializing EditorSessionSummaryWriter for editor session tracking
[2020.12.20-14.45.41:626][  0]LogEditorSessionSummary: EditorSessionSummaryWriter initialized
[2020.12.20-14.45.41:728][  0]LogInit: Transaction tracking system initialized
[2020.12.20-14.45.41:786][  0]BlueprintLog: New page: Editor Load
[2020.12.20-14.45.41:968][  0]LocalizationService: Localization service is disabled
[2020.12.20-14.45.42:150][  0]LogVSAccessor: Display: Unable to create Visual Studio setup instance: 80040154
[2020.12.20-14.45.42:151][  0]LogVSAccessor: Display: Unable to create Visual Studio setup instance: 80040154
[2020.12.20-14.45.42:658][  0]LogCook: Display: Max memory allowance for cook 16384mb min free memory 0mb
[2020.12.20-14.45.42:658][  0]LogCook: Display: Mobile HDR setting 0
[2020.12.20-14.45.43:890][  0]LogFileCache: Scanning file cache for directory 'C:/Users/Bombay/Documents/GitHub/GameDesign/GAME/Content/' took 1.19s
[2020.12.20-14.45.43:890][  0]SourceControl: Source control is disabled
[2020.12.20-14.45.43:890][  0]LogUnrealEdMisc: Loading editor; pre map load, took 16.147
[2020.12.20-14.45.43:891][  0]Cmd: MAP LOAD FILE="../../../../../Users/Bombay/Documents/GitHub/GameDesign/GAME/Content/2DSideScrollerBP/Maps/2DSideScrollerExampleMap.umap" TEMPLATE=0 SHOWPROGRESS=1 FEATURELEVEL=3
[2020.12.20-14.45.43:939][  0]LightingResults: New page: Lighting Build
[2020.12.20-14.45.43:940][  0]LogWorld: UWorld::CleanupWorld for Untitled, bSessionEnded=true, bCleanupResources=true
[2020.12.20-14.45.43:941][  0]LogSlate: InvalidateAllWidgets triggered.  All widgets were invalidated
[2020.12.20-14.45.43:941][  0]MapCheck: New page: Map Check
[2020.12.20-14.45.43:941][  0]LightingResults: New page: Lighting Build
[2020.12.20-14.45.43:955][  0]LogAISub: UAISubsystem::~UAISubsystem EnvQueryManager (000002398540FC00), frame # 0
[2020.12.20-14.45.43:955][  0]LogAISub: UAISubsystem::~UAISubsystem AIPerceptionSystem (000002398541BB00), frame # 0
[2020.12.20-14.45.43:956][  0]LogUObjectHash: Compacting FUObjectHashTables data took   0.88ms
[2020.12.20-14.46.14:347][  0]LogAIModule: Creating AISystem for world 2DSideScrollerExampleMap
[2020.12.20-14.46.14:349][  0]LogAISub: UAISubsystem::UAISubsystem EnvQueryManager (0000023993330400), frame # 0
[2020.12.20-14.46.14:349][  0]LogAISub: UAISubsystem::UAISubsystem AIPerceptionSystem (00000239931F07C0), frame # 0
[2020.12.20-14.46.14:427][  0]LogEditorServer: Finished looking for orphan Actors (0.000 secs)
[2020.12.20-14.46.14:553][  0]LogUObjectHash: Compacting FUObjectHashTables data took   1.51ms
[2020.12.20-14.46.14:562][  0]Cmd: MAP CHECKDEP NOCLEARLOG
[2020.12.20-14.46.14:562][  0]MapCheck: Map check complete: 0 Error(s), 0 Warning(s), took 0.341ms to complete.
[2020.12.20-14.46.14:562][  0]LogFileHelpers: Loading map '2DSideScrollerExampleMap' took 30.672
[2020.12.20-14.46.14:590][  0]LogUnrealEdMisc: Total Editor Startup Time, took 46.847
[2020.12.20-14.46.16:678][  0]LogSlate: Updating window title bar state: overlay mode, drag disabled, window buttons hidden, title bar hidden
[2020.12.20-14.46.16:707][  0]LogSlate: Updating window title bar state: overlay mode, drag disabled, window buttons hidden, title bar hidden
[2020.12.20-14.46.16:717][  0]LogSlate: Updating window title bar state: overlay mode, drag disabled, window buttons hidden, title bar hidden
[2020.12.20-14.46.16:727][  0]LogSlate: Updating window title bar state: overlay mode, drag disabled, window buttons hidden, title bar hidden
[2020.12.20-14.46.16:860][  0]LogCollectionManager: Loaded 0 collections in 0.005085 seconds
[2020.12.20-14.46.16:975][  0]LogFileCache: Scanning file cache for directory 'C:/Users/Bombay/Documents/GitHub/GameDesign/GAME/Saved/Collections/' took 0.00s
[2020.12.20-14.46.16:976][  0]LogFileCache: Scanning file cache for directory 'C:/Users/Bombay/Documents/GitHub/GameDesign/GAME/Content/Developers/Bombay/Collections/' took 0.00s
[2020.12.20-14.46.16:976][  0]LogFileCache: Scanning file cache for directory 'C:/Users/Bombay/Documents/GitHub/GameDesign/GAME/Content/Collections/' took 0.00s
[2020.12.20-14.46.16:976][  0]LogContentBrowser: Native class hierarchy populated in 0.0157 seconds. Added 3427 classes and 821 folders.
[2020.12.20-14.46.17:198][  0]LogContentBrowser: Native class hierarchy updated for 'WidgetCarousel' in 0.0004 seconds. Added 0 classes and 0 folders.
[2020.12.20-14.46.19:523][  0]LogContentBrowser: Native class hierarchy updated for 'AddContentDialog' in 0.0010 seconds. Added 0 classes and 0 folders.
[2020.12.20-14.46.19:566][  0]LogContentBrowser: Native class hierarchy updated for 'SceneOutliner' in 0.0016 seconds. Added 2 classes and 0 folders.
[2020.12.20-14.46.21:661][  0]LogSlate: Took 0.000457 seconds to synchronously load lazily loaded font '../../../Engine/Content/Slate/Fonts/Roboto-Regular.ttf' (155K)
[2020.12.20-14.46.21:667][  0]LogSlate: Took 0.002215 seconds to synchronously load lazily loaded font '../../../Engine/Content/Slate/Fonts/Roboto-Bold.ttf' (160K)
[2020.12.20-14.46.21:731][  0]LogSlate: Took 0.018682 seconds to synchronously load lazily loaded font '../../../Engine/Content/Editor/Slate/Fonts/FontAwesome.ttf' (139K)
[2020.12.20-14.46.21:783][  0]LogSlate: Took 0.016613 seconds to synchronously load lazily loaded font '../../../Engine/Content/Slate/Fonts/DroidSansMono.ttf' (77K)
[2020.12.20-14.46.22:244][  0]LogRenderer: Reallocating scene render targets to support 848x376 Format 10 NumSamples 1 (Frame:1).
[2020.12.20-14.46.22:675][  0]LogContentBrowser: Native class hierarchy updated for 'HierarchicalLODOutliner' in 0.0005 seconds. Added 0 classes and 0 folders.
[2020.12.20-14.46.22:675][  0]LogLoad: (Engine Initialization) Total time: 54.93 seconds
[2020.12.20-14.46.22:675][  0]LogLoad: (Engine Initialization) Total Blueprint compile time: 0.00 seconds
[2020.12.20-14.46.22:962][  0]LogContentStreaming: Texture pool size now 1000 MB
[2020.12.20-14.46.23:148][  0]LogSlate: Took 0.032048 seconds to synchronously load lazily loaded font '../../../Engine/Content/Slate/Fonts/Roboto-Light.ttf' (167K)
[2020.12.20-14.46.23:435][  2]LogAssetRegistry: Asset discovery search completed in 46.4637 seconds
[2020.12.20-14.46.23:440][  2]LogCollectionManager: Fixed up redirectors for 0 collections in 0.000003 seconds (updated 0 objects)
[2020.12.20-14.46.23:794][  7]LogSlate: Took 0.000336 seconds to synchronously load lazily loaded font '../../../Engine/Content/Slate/Fonts/Roboto-Light.ttf' (167K)
[2020.12.20-14.46.32:300][305]LogSlate: Window 'Project Settings' being destroyed
[2020.12.20-14.46.32:317][305]LogSlate: Window 'Project Settings' being destroyed
[2020.12.20-14.46.41:045][802]LogSlate: Window 'Output Log' being destroyed
[2020.12.20-14.46.41:053][802]LogSlate: Window 'Output Log' being destroyed
[2020.12.20-14.46.56:053][548]LogAssetEditorSubsystem: Opening Asset editor for World /Game/Map/map/Title.Title
[2020.12.20-14.46.56:083][548]LogUObjectHash: Compacting FUObjectHashTables data took   1.35ms
[2020.12.20-14.46.56:088][548]Cmd: MAP LOAD FILE="../../../../../Users/Bombay/Documents/GitHub/GameDesign/GAME/Content/Map/map/Title.umap" TEMPLATE=0 SHOWPROGRESS=1 FEATURELEVEL=3
[2020.12.20-14.46.56:088][548]LightingResults: New page: Lighting Build
[2020.12.20-14.46.56:088][548]LoadErrors: New page: Loading map: Title.umap
[2020.12.20-14.46.56:091][548]LogWorld: UWorld::CleanupWorld for 2DSideScrollerExampleMap, bSessionEnded=true, bCleanupResources=true
[2020.12.20-14.46.56:091][548]LogSlate: InvalidateAllWidgets triggered.  All widgets were invalidated
[2020.12.20-14.46.56:091][548]MapCheck: New page: Map Check
[2020.12.20-14.46.56:092][548]LightingResults: New page: Lighting Build
[2020.12.20-14.46.56:103][548]LogAISub: UAISubsystem::~UAISubsystem EnvQueryManager (0000023993330400), frame # 1548
[2020.12.20-14.46.56:103][548]LogAISub: UAISubsystem::~UAISubsystem AIPerceptionSystem (00000239931F07C0), frame # 1548
[2020.12.20-14.46.56:104][548]LogUObjectHash: Compacting FUObjectHashTables data took   1.02ms
[2020.12.20-14.46.56:200][548]LogEditorServer: Finished looking for orphan Actors (0.000 secs)
[2020.12.20-14.46.56:200][548]LogAIModule: Creating AISystem for world Title
[2020.12.20-14.46.56:200][548]LogAISub: UAISubsystem::UAISubsystem EnvQueryManager (00000239A709A600), frame # 1548
[2020.12.20-14.46.56:200][548]LogAISub: UAISubsystem::UAISubsystem AIPerceptionSystem (000002398DEBF880), frame # 1548
[2020.12.20-14.46.56:213][548]LogUObjectHash: Compacting FUObjectHashTables data took   0.83ms
[2020.12.20-14.46.56:247][548]Cmd: MAP CHECKDEP NOCLEARLOG
[2020.12.20-14.46.56:251][548]MapCheck: Map check complete: 0 Error(s), 0 Warning(s), took 3.903ms to complete.
[2020.12.20-14.46.56:251][548]LogFileHelpers: Loading map 'Title' took 0.164
[2020.12.20-14.46.58:152][647]LogTemp: Repeating last play command: New Editor Window (PIE)
[2020.12.20-14.46.58:191][647]LogPlayLevel: PlayLevel: No blueprints needed recompiling
[2020.12.20-14.46.58:229][647]PIE: New page: PIE session: Title (21 ธ.ค. 2563 04:46:58)
[2020.12.20-14.46.58:230][647]LogOnline: OSS: Creating online subsystem instance for: NULL
[2020.12.20-14.46.58:232][647]LogOnline: OSS: TryLoadSubsystemAndSetDefault: Loaded subsystem for module [NULL]
[2020.12.20-14.46.58:232][647]LogPlayLevel: Creating play world package: /Game/Map/map/UEDPIE_0_Title
[2020.12.20-14.46.58:234][647]LogPlayLevel: PIE: StaticDuplicateObject took: (0.001625s)
[2020.12.20-14.46.58:236][647]LogAIModule: Creating AISystem for world Title
[2020.12.20-14.46.58:236][647]LogAISub: UAISubsystem::UAISubsystem EnvQueryManager (00000239A9AF6400), frame # 1647
[2020.12.20-14.46.58:236][647]LogAISub: UAISubsystem::UAISubsystem AIPerceptionSystem (0000023992BF9E40), frame # 1647
[2020.12.20-14.46.58:236][647]LogPlayLevel: PIE: World Init took: (0.001899s)
[2020.12.20-14.46.58:236][647]LogPlayLevel: PIE: Created PIE world by copying editor world from /Game/Map/map/Title.Title to /Game/Map/map/UEDPIE_0_Title.Title (0.003834s)
[2020.12.20-14.46.58:250][647]LogUObjectHash: Compacting FUObjectHashTables data took   0.83ms
[2020.12.20-14.46.58:252][647]LogAudioMixer: Display: Audio Mixer Platform Settings:
[2020.12.20-14.46.58:252][647]LogAudioMixer: Display: 	Sample Rate:						  48000
[2020.12.20-14.46.58:252][647]LogAudioMixer: Display: 	Callback Buffer Frame Size Requested: 1024
[2020.12.20-14.46.58:252][647]LogAudioMixer: Display: 	Callback Buffer Frame Size To Use:	  1024
[2020.12.20-14.46.58:253][647]LogAudioMixer: Display: 	Number of buffers to queue:			  2
[2020.12.20-14.46.58:253][647]LogAudioMixer: Display: 	Max Channels (voices):				  32
[2020.12.20-14.46.58:253][647]LogAudioMixer: Display: 	Number of Async Source Workers:		  0
[2020.12.20-14.46.58:253][647]LogAudio: Display: AudioDevice MaxSources: 32
[2020.12.20-14.46.58:253][647]LogAudio: Display: Using built-in audio occlusion.
[2020.12.20-14.46.58:253][647]LogAudioMixer: Display: Initializing audio mixer.
[2020.12.20-14.46.58:260][647]LogAudioMixer: Display: 0: FrontLeft
[2020.12.20-14.46.58:260][647]LogAudioMixer: Display: 1: FrontRight
[2020.12.20-14.46.58:312][647]LogAudioMixer: Display: Using Audio Device Speakers (Realtek High Definition Audio)
[2020.12.20-14.46.58:313][647]LogAudioMixer: Display: Initializing Sound Submixes...
[2020.12.20-14.46.58:313][647]LogAudioMixer: Display: Creating Master Submix 'MasterSubmixDefault'
[2020.12.20-14.46.58:313][647]LogAudioMixer: Display: Creating Master Submix 'MasterReverbSubmixDefault'
[2020.12.20-14.46.58:314][647]LogAudioMixer: Display: Creating Master Submix 'MasterEQSubmixDefault'
[2020.12.20-14.46.58:336][647]LogInit: FAudioDevice initialized.
[2020.12.20-14.46.58:503][647]LogSlate: Updating window title bar state: overlay mode, drag disabled, window buttons hidden, title bar hidden
[2020.12.20-14.46.58:503][647]LogLoad: Game class is '2DSideScrollerGameMode_C'
[2020.12.20-14.46.58:506][647]LogWorld: Bringing World /Game/Map/map/UEDPIE_0_Title.Title up for play (max tick rate 60) at 2020.12.20-21.46.58
[2020.12.20-14.46.58:506][647]LogWorld: Bringing up level for play took: 0.000781
[2020.12.20-14.46.58:506][647]LogOnline: OSS: Creating online subsystem instance for: :Context_2
[2020.12.20-14.46.58:555][647]LogSpawn: Warning: SpawnActor failed because no class was specified
[2020.12.20-14.46.58:712][647]LogContentBrowser: Native class hierarchy updated for 'MovieSceneCapture' in 0.0005 seconds. Added 20 classes and 0 folders.
[2020.12.20-14.46.58:731][647]PIE: Server logged in
[2020.12.20-14.46.58:732][647]PIE: Play in editor total start time 0.555 seconds.
[2020.12.20-14.46.58:794][648]LogRenderer: Reallocating scene render targets to support 1280x704 Format 10 NumSamples 1 (Frame:1).
[2020.12.20-14.47.00:743][735]LogNet: Browse: /Game/Map/map/story
[2020.12.20-14.47.00:743][735]LogLoad: LoadMap: /Game/Map/map/story
[2020.12.20-14.47.00:743][735]LogWorld: BeginTearingDown for /Game/Map/map/UEDPIE_0_Title
[2020.12.20-14.47.00:744][735]LogWorld: UWorld::CleanupWorld for Title, bSessionEnded=true, bCleanupResources=true
[2020.12.20-14.47.00:744][735]LogSlate: InvalidateAllWidgets triggered.  All widgets were invalidated
[2020.12.20-14.47.00:790][735]LogAISub: UAISubsystem::~UAISubsystem AIPerceptionSystem (0000023992BF9E40), frame # 1735
[2020.12.20-14.47.00:790][735]LogAISub: UAISubsystem::~UAISubsystem EnvQueryManager (00000239A9AF6400), frame # 1735
[2020.12.20-14.47.00:792][735]LogUObjectHash: Compacting FUObjectHashTables data took   1.48ms
[2020.12.20-14.47.01:387][735]LogAIModule: Creating AISystem for world story
[2020.12.20-14.47.01:387][735]LogAISub: UAISubsystem::UAISubsystem EnvQueryManager (00000239A285FE00), frame # 1735
[2020.12.20-14.47.01:387][735]LogAISub: UAISubsystem::UAISubsystem AIPerceptionSystem (000002398DEC5D00), frame # 1735
[2020.12.20-14.47.01:387][735]LogLoad: Game class is '2DSideScrollerGameMode_C'
[2020.12.20-14.47.01:389][735]LogWorld: Bringing World /Game/Map/map/UEDPIE_0_story.story up for play (max tick rate 60) at 2020.12.20-21.47.01
[2020.12.20-14.47.01:390][735]LogWorld: Bringing up level for play took: 0.001211
[2020.12.20-14.47.01:391][735]LogGameMode: FindPlayerStart: PATHS NOT DEFINED or NO PLAYERSTART with positive rating
[2020.12.20-14.47.01:391][735]LogSpawn: Warning: SpawnActor failed because no class was specified
[2020.12.20-14.47.01:401][735]LogLoad: Took 0.658245 seconds to LoadMap(/Game/Map/map/story)
[2020.12.20-14.47.03:626][851]LogNet: Browse: /Game/Map/map/Level1
[2020.12.20-14.47.03:626][851]LogLoad: LoadMap: /Game/Map/map/Level1
[2020.12.20-14.47.03:626][851]LogWorld: BeginTearingDown for /Game/Map/map/UEDPIE_0_story
[2020.12.20-14.47.03:626][851]LogWorld: UWorld::CleanupWorld for story, bSessionEnded=true, bCleanupResources=true
[2020.12.20-14.47.03:626][851]LogSlate: InvalidateAllWidgets triggered.  All widgets were invalidated
[2020.12.20-14.47.03:669][851]LogAISub: UAISubsystem::~UAISubsystem AIPerceptionSystem (000002398DEC5D00), frame # 1851
[2020.12.20-14.47.03:669][851]LogAISub: UAISubsystem::~UAISubsystem EnvQueryManager (00000239A285FE00), frame # 1851
[2020.12.20-14.47.03:671][851]LogUObjectHash: Compacting FUObjectHashTables data took   1.30ms
[2020.12.20-14.47.04:483][851]LogAIModule: Creating AISystem for world Level1
[2020.12.20-14.47.04:483][851]LogAISub: UAISubsystem::UAISubsystem EnvQueryManager (00000239A285E800), frame # 1851
[2020.12.20-14.47.04:483][851]LogAISub: UAISubsystem::UAISubsystem AIPerceptionSystem (0000023996BEE840), frame # 1851
[2020.12.20-14.47.04:483][851]LogLoad: Game class is '2DSideScrollerGameMode_C'
[2020.12.20-14.47.04:519][851]LogWorld: Bringing World /Game/Map/map/UEDPIE_0_Level1.Level1 up for play (max tick rate 60) at 2020.12.20-21.47.04
[2020.12.20-14.47.04:520][851]LogWorld: Bringing up level for play took: 0.035866
[2020.12.20-14.47.04:521][851]LogSpawn: Warning: SpawnActor failed because no class was specified
[2020.12.20-14.47.04:522][851]LogLoad: Took 0.896718 seconds to LoadMap(/Game/Map/map/Level1)
[2020.12.20-14.47.04:546][852]LogCharacterMovement: Warning: GetSimulationTimeStep() - Max iterations 8 hit while remaining time 0.098006 > MaxSimulationTimeStep (0.050) for 'Enemies2_5', movement 'Walking'
[2020.12.20-14.47.10:657][195]LogNet: Browse: /Game/Map/map/Level1
[2020.12.20-14.47.10:657][195]LogLoad: LoadMap: /Game/Map/map/Level1
[2020.12.20-14.47.10:657][195]LogWorld: BeginTearingDown for /Game/Map/map/UEDPIE_0_Level1
[2020.12.20-14.47.10:658][195]LogWorld: UWorld::CleanupWorld for Level1, bSessionEnded=true, bCleanupResources=true
[2020.12.20-14.47.10:658][195]LogSlate: InvalidateAllWidgets triggered.  All widgets were invalidated
[2020.12.20-14.47.10:706][195]LogAISub: UAISubsystem::~UAISubsystem AIPerceptionSystem (0000023996BEE840), frame # 2195
[2020.12.20-14.47.10:706][195]LogAISub: UAISubsystem::~UAISubsystem EnvQueryManager (00000239A285E800), frame # 2195
[2020.12.20-14.47.10:708][195]LogUObjectHash: Compacting FUObjectHashTables data took   1.31ms
[2020.12.20-14.47.10:733][195]LogAIModule: Creating AISystem for world Level1
[2020.12.20-14.47.10:733][195]LogAISub: UAISubsystem::UAISubsystem EnvQueryManager (0000023996980200), frame # 2195
[2020.12.20-14.47.10:733][195]LogAISub: UAISubsystem::UAISubsystem AIPerceptionSystem (0000023996B6A980), frame # 2195
[2020.12.20-14.47.10:733][195]LogLoad: Game class is '2DSideScrollerGameMode_C'
[2020.12.20-14.47.10:766][195]LogWorld: Bringing World /Game/Map/map/UEDPIE_0_Level1.Level1 up for play (max tick rate 60) at 2020.12.20-21.47.10
[2020.12.20-14.47.10:767][195]LogWorld: Bringing up level for play took: 0.032816
[2020.12.20-14.47.10:767][195]LogSpawn: Warning: SpawnActor failed because no class was specified
[2020.12.20-14.47.10:769][195]LogLoad: Took 0.111812 seconds to LoadMap(/Game/Map/map/Level1)
[2020.12.20-14.47.11:406][228]LogSlate: Updating window title bar state: overlay mode, drag disabled, window buttons hidden, title bar hidden
[2020.12.20-14.47.11:407][228]LogWorld: BeginTearingDown for /Game/Map/map/UEDPIE_0_Level1
[2020.12.20-14.47.11:407][228]LogSlate: Window 'GAME Preview [NetMode: Standalone] (64-bit/Windows) ' being destroyed
[2020.12.20-14.47.11:414][228]LogWorld: UWorld::CleanupWorld for Level1, bSessionEnded=true, bCleanupResources=true
[2020.12.20-14.47.11:416][228]LogSlate: InvalidateAllWidgets triggered.  All widgets were invalidated
[2020.12.20-14.47.11:430][228]LogPlayLevel: Display: Shutting down PIE online subsystems
[2020.12.20-14.47.11:432][228]LogSlate: InvalidateAllWidgets triggered.  All widgets were invalidated
[2020.12.20-14.47.11:502][228]LogAISub: UAISubsystem::~UAISubsystem AIPerceptionSystem (0000023996B6A980), frame # 2228
[2020.12.20-14.47.11:502][228]LogAISub: UAISubsystem::~UAISubsystem EnvQueryManager (0000023996980200), frame # 2228
[2020.12.20-14.47.11:504][228]LogUObjectHash: Compacting FUObjectHashTables data took   1.64ms
[2020.12.20-14.47.11:547][229]LogPlayLevel: Display: Destroying online subsystem :Context_2
[2020.12.20-14.47.38:568][659]LogSlate: Took 0.065002 seconds to synchronously load lazily loaded font '../../../Engine/Content/Slate/Fonts/DroidSansFallback.ttf' (3848K)
[2020.12.20-14.47.38:583][659]LogSlate: Last resort fallback font was requested. Font: '../../../Engine/Content/Slate/Fonts/DroidSansFallback.ttf', Character: 'ฤ (U+0e24)'
[2020.12.20-14.47.38:645][659]LogSlate: Took 0.058660 seconds to synchronously load lazily loaded font '../../../Engine/Content/SlateDebug/Fonts/LastResort.ttf' (5269K)
[2020.12.20-14.47.40:605][748]LogWindowsTextInputMethodSystem: Display: IME system now deactivated.
[2020.12.20-14.47.40:605][748]LogWindowsTextInputMethodSystem: Display: IME system now deactivated.
[2020.12.20-14.47.51:311][356]LogAssetEditorSubsystem: Opening Asset editor for EditorUtilityWidgetBlueprint /Game/Widgets/Dead.Dead
[2020.12.20-14.47.53:055][356]LogContentBrowser: Native class hierarchy updated for 'BlueprintGraph' in 0.0011 seconds. Added 125 classes and 0 folders.
[2020.12.20-14.47.57:982][356]LogSlate: Took 0.000388 seconds to synchronously load lazily loaded font '../../../Engine/Content/Slate/Fonts/Roboto-BoldCondensed.ttf' (158K)
[2020.12.20-14.48.04:786][641]LogAssetEditorSubsystem: Opening Asset editor for WidgetBlueprint /Game/Widgets/Die.Die
[2020.12.20-14.48.40:836][202]BlueprintLog: New page: Compile Die
[2020.12.20-14.48.41:095][202]LogUObjectHash: Compacting FUObjectHashTables data took   6.53ms
[2020.12.20-14.48.41:736][221]Cmd: OBJ SAVEPACKAGE PACKAGE="/Game/Widgets/Die" FILE="../../../../../Users/Bombay/Documents/GitHub/GameDesign/GAME/Content/Widgets/Die.uasset" SILENT=true
[2020.12.20-14.48.41:997][221]LogSavePackage: Moving '../../../../../Users/Bombay/Documents/GitHub/GameDesign/GAME/Saved/DieD666940E47E7B7B99E964287C6A54E88.tmp' to '../../../../../Users/Bombay/Documents/GitHub/GameDesign/GAME/Content/Widgets/Die.uasset'
[2020.12.20-14.48.42:055][221]AssetCheck: New page: Asset Save: Die
[2020.12.20-14.48.42:055][221]LogContentValidation: Display: Validating WidgetBlueprint /Game/Widgets/Die.Die
[2020.12.20-14.48.53:961][741]LogAssetEditorSubsystem: Opening Asset editor for Blueprint /Game/Charecter/2DSideScrollerCharacter.2DSideScrollerCharacter
[2020.12.20-14.48.57:199][742]LogSlate: Took 0.012767 seconds to synchronously load lazily loaded font '../../../Engine/Content/Slate/Fonts/Roboto-Italic.ttf' (157K)
[2020.12.20-14.49.18:657][602]BlueprintLog: New page: Compile 2DSideScrollerCharacter
[2020.12.20-14.49.19:072][602]LogUObjectHash: Compacting FUObjectHashTables data took   5.35ms
[2020.12.20-14.49.20:457][622]Cmd: OBJ SAVEPACKAGE PACKAGE="/Game/Charecter/2DSideScrollerCharacter" FILE="../../../../../Users/Bombay/Documents/GitHub/GameDesign/GAME/Content/Charecter/2DSideScrollerCharacter.uasset" SILENT=true
[2020.12.20-14.49.23:245][622]LogSavePackage: Moving '../../../../../Users/Bombay/Documents/GitHub/GameDesign/GAME/Saved/2DSideScrollerCharacter580148304BBF9A83B37BA8A77279C515.tmp' to '../../../../../Users/Bombay/Documents/GitHub/GameDesign/GAME/Content/Charecter/2DSideScrollerCharacter.uasset'
[2020.12.20-14.49.23:266][622]AssetCheck: New page: Asset Save: 2DSideScrollerCharacter
[2020.12.20-14.49.23:266][622]LogContentValidation: Display: Validating Blueprint /Game/Charecter/2DSideScrollerCharacter.2DSideScrollerCharacter
[2020.12.20-14.49.27:672][835]LogTemp: Repeating last play command: New Editor Window (PIE)
[2020.12.20-14.49.27:709][835]LogPlayLevel: PlayLevel: No blueprints needed recompiling
[2020.12.20-14.49.27:709][835]PIE: New page: PIE session: Title (21 ธ.ค. 2563 04:49:27)
[2020.12.20-14.49.27:710][835]LogPlayLevel: Creating play world package: /Game/Map/map/UEDPIE_0_Title
[2020.12.20-14.49.27:711][835]LogPlayLevel: PIE: StaticDuplicateObject took: (0.001565s)
[2020.12.20-14.49.27:713][835]LogAIModule: Creating AISystem for world Title
[2020.12.20-14.49.27:713][835]LogAISub: UAISubsystem::UAISubsystem EnvQueryManager (0000023A934BCA00), frame # 7835
[2020.12.20-14.49.27:713][835]LogAISub: UAISubsystem::UAISubsystem AIPerceptionSystem (0000023A8D2BB740), frame # 7835
[2020.12.20-14.49.27:713][835]LogPlayLevel: PIE: World Init took: (0.001851s)
[2020.12.20-14.49.27:713][835]LogPlayLevel: PIE: Created PIE world by copying editor world from /Game/Map/map/Title.Title to /Game/Map/map/UEDPIE_0_Title.Title (0.003714s)
[2020.12.20-14.49.27:765][835]LogUObjectHash: Compacting FUObjectHashTables data took   5.30ms
[2020.12.20-14.49.27:768][835]LogAudioMixer: Display: Audio Mixer Platform Settings:
[2020.12.20-14.49.27:768][835]LogAudioMixer: Display: 	Sample Rate:						  48000
[2020.12.20-14.49.27:768][835]LogAudioMixer: Display: 	Callback Buffer Frame Size Requested: 1024
[2020.12.20-14.49.27:768][835]LogAudioMixer: Display: 	Callback Buffer Frame Size To Use:	  1024
[2020.12.20-14.49.27:768][835]LogAudioMixer: Display: 	Number of buffers to queue:			  2
[2020.12.20-14.49.27:768][835]LogAudioMixer: Display: 	Max Channels (voices):				  32
[2020.12.20-14.49.27:768][835]LogAudioMixer: Display: 	Number of Async Source Workers:		  0
[2020.12.20-14.49.27:768][835]LogAudio: Display: AudioDevice MaxSources: 32
[2020.12.20-14.49.27:769][835]LogAudio: Display: Using built-in audio occlusion.
[2020.12.20-14.49.27:769][835]LogAudioMixer: Display: Initializing audio mixer.
[2020.12.20-14.49.27:777][835]LogAudioMixer: Display: 0: FrontLeft
[2020.12.20-14.49.27:777][835]LogAudioMixer: Display: 1: FrontRight
[2020.12.20-14.49.27:826][835]LogAudioMixer: Display: Using Audio Device Speakers (Realtek High Definition Audio)
[2020.12.20-14.49.27:827][835]LogAudioMixer: Display: Initializing Sound Submixes...
[2020.12.20-14.49.27:827][835]LogAudioMixer: Display: Creating Master Submix 'MasterSubmixDefault'
[2020.12.20-14.49.27:827][835]LogAudioMixer: Display: Creating Master Submix 'MasterReverbSubmixDefault'
[2020.12.20-14.49.27:828][835]LogAudioMixer: Display: Creating Master Submix 'MasterEQSubmixDefault'
[2020.12.20-14.49.27:851][835]LogInit: FAudioDevice initialized.
[2020.12.20-14.49.27:901][835]LogSlate: Updating window title bar state: overlay mode, drag disabled, window buttons hidden, title bar hidden
[2020.12.20-14.49.27:901][835]LogLoad: Game class is '2DSideScrollerGameMode_C'
[2020.12.20-14.49.27:903][835]LogWorld: Bringing World /Game/Map/map/UEDPIE_0_Title.Title up for play (max tick rate 60) at 2020.12.20-21.49.27
[2020.12.20-14.49.27:903][835]LogWorld: Bringing up level for play took: 0.000822
[2020.12.20-14.49.27:904][835]LogOnline: OSS: Creating online subsystem instance for: :Context_8
[2020.12.20-14.49.27:907][835]LogSpawn: Warning: SpawnActor failed because no class was specified
[2020.12.20-14.49.27:926][835]PIE: Server logged in
[2020.12.20-14.49.27:938][835]PIE: Play in editor total start time 0.241 seconds.
[2020.12.20-14.49.29:158][892]LogNet: Browse: /Game/Map/map/story
[2020.12.20-14.49.29:158][892]LogLoad: LoadMap: /Game/Map/map/story
[2020.12.20-14.49.29:158][892]LogWorld: BeginTearingDown for /Game/Map/map/UEDPIE_0_Title
[2020.12.20-14.49.29:159][892]LogWorld: UWorld::CleanupWorld for Title, bSessionEnded=true, bCleanupResources=true
[2020.12.20-14.49.29:159][892]LogSlate: InvalidateAllWidgets triggered.  All widgets were invalidated
[2020.12.20-14.49.29:237][892]LogAISub: UAISubsystem::~UAISubsystem AIPerceptionSystem (0000023A8D2BB740), frame # 7892
[2020.12.20-14.49.29:237][892]LogAISub: UAISubsystem::~UAISubsystem EnvQueryManager (0000023A934BCA00), frame # 7892
[2020.12.20-14.49.29:241][892]LogUObjectHash: Compacting FUObjectHashTables data took   4.00ms
[2020.12.20-14.49.29:256][892]LogAIModule: Creating AISystem for world story
[2020.12.20-14.49.29:256][892]LogAISub: UAISubsystem::UAISubsystem EnvQueryManager (0000023A934BE400), frame # 7892
[2020.12.20-14.49.29:256][892]LogAISub: UAISubsystem::UAISubsystem AIPerceptionSystem (0000023A8D0D4680), frame # 7892
[2020.12.20-14.49.29:257][892]LogLoad: Game class is '2DSideScrollerGameMode_C'
[2020.12.20-14.49.29:258][892]LogWorld: Bringing World /Game/Map/map/UEDPIE_0_story.story up for play (max tick rate 60) at 2020.12.20-21.49.29
[2020.12.20-14.49.29:258][892]LogWorld: Bringing up level for play took: 0.001048
[2020.12.20-14.49.29:259][892]LogGameMode: FindPlayerStart: PATHS NOT DEFINED or NO PLAYERSTART with positive rating
[2020.12.20-14.49.29:260][892]LogSpawn: Warning: SpawnActor failed because no class was specified
[2020.12.20-14.49.29:263][892]LogLoad: Took 0.104570 seconds to LoadMap(/Game/Map/map/story)
[2020.12.20-14.49.30:610][956]LogNet: Browse: /Game/Map/map/Level1
[2020.12.20-14.49.30:610][956]LogLoad: LoadMap: /Game/Map/map/Level1
[2020.12.20-14.49.30:610][956]LogWorld: BeginTearingDown for /Game/Map/map/UEDPIE_0_story
[2020.12.20-14.49.30:610][956]LogWorld: UWorld::CleanupWorld for story, bSessionEnded=true, bCleanupResources=true
[2020.12.20-14.49.30:611][956]LogSlate: InvalidateAllWidgets triggered.  All widgets were invalidated
[2020.12.20-14.49.30:660][956]LogAISub: UAISubsystem::~UAISubsystem AIPerceptionSystem (0000023A8D0D4680), frame # 7956
[2020.12.20-14.49.30:660][956]LogAISub: UAISubsystem::~UAISubsystem EnvQueryManager (0000023A934BE400), frame # 7956
[2020.12.20-14.49.30:664][956]LogUObjectHash: Compacting FUObjectHashTables data took   4.04ms
[2020.12.20-14.49.30:795][956]LogAIModule: Creating AISystem for world Level1
[2020.12.20-14.49.30:796][956]LogAISub: UAISubsystem::UAISubsystem EnvQueryManager (0000023A934BF800), frame # 7956
[2020.12.20-14.49.30:796][956]LogAISub: UAISubsystem::UAISubsystem AIPerceptionSystem (0000023A8D2BA0C0), frame # 7956
[2020.12.20-14.49.30:796][956]LogLoad: Game class is '2DSideScrollerGameMode_C'
[2020.12.20-14.49.30:872][956]LogWorld: Bringing World /Game/Map/map/UEDPIE_0_Level1.Level1 up for play (max tick rate 60) at 2020.12.20-21.49.30
[2020.12.20-14.49.30:873][956]LogWorld: Bringing up level for play took: 0.075592
[2020.12.20-14.49.30:875][956]LogSpawn: Warning: SpawnActor failed because no class was specified
[2020.12.20-14.49.30:879][956]LogLoad: Took 0.269725 seconds to LoadMap(/Game/Map/map/Level1)
[2020.12.20-14.49.36:539][199]LogNet: Browse: /Game/Map/map/Level1
[2020.12.20-14.49.36:539][199]LogLoad: LoadMap: /Game/Map/map/Level1
[2020.12.20-14.49.36:539][199]LogWorld: BeginTearingDown for /Game/Map/map/UEDPIE_0_Level1
[2020.12.20-14.49.36:540][199]LogWorld: UWorld::CleanupWorld for Level1, bSessionEnded=true, bCleanupResources=true
[2020.12.20-14.49.36:541][199]LogSlate: InvalidateAllWidgets triggered.  All widgets were invalidated
[2020.12.20-14.49.36:616][199]LogAISub: UAISubsystem::~UAISubsystem AIPerceptionSystem (0000023A8D2BA0C0), frame # 8199
[2020.12.20-14.49.36:616][199]LogAISub: UAISubsystem::~UAISubsystem EnvQueryManager (0000023A934BF800), frame # 8199
[2020.12.20-14.49.36:621][199]LogUObjectHash: Compacting FUObjectHashTables data took   4.75ms
[2020.12.20-14.49.36:646][199]LogAIModule: Creating AISystem for world Level1
[2020.12.20-14.49.36:646][199]LogAISub: UAISubsystem::UAISubsystem EnvQueryManager (0000023AA37AEC00), frame # 8199
[2020.12.20-14.49.36:646][199]LogAISub: UAISubsystem::UAISubsystem AIPerceptionSystem (0000023A8D2B87C0), frame # 8199
[2020.12.20-14.49.36:646][199]LogLoad: Game class is '2DSideScrollerGameMode_C'
[2020.12.20-14.49.36:681][199]LogWorld: Bringing World /Game/Map/map/UEDPIE_0_Level1.Level1 up for play (max tick rate 60) at 2020.12.20-21.49.36
[2020.12.20-14.49.36:682][199]LogWorld: Bringing up level for play took: 0.034065
[2020.12.20-14.49.36:682][199]LogSpawn: Warning: SpawnActor failed because no class was specified
[2020.12.20-14.49.36:685][199]LogLoad: Took 0.145454 seconds to LoadMap(/Game/Map/map/Level1)
[2020.12.20-14.49.37:909][257]LogSlate: Updating window title bar state: overlay mode, drag disabled, window buttons hidden, title bar hidden
[2020.12.20-14.49.37:909][257]LogWorld: BeginTearingDown for /Game/Map/map/UEDPIE_0_Level1
[2020.12.20-14.49.37:910][257]LogSlate: Window 'GAME Preview [NetMode: Standalone] (64-bit/Windows) ' being destroyed
[2020.12.20-14.49.37:922][257]LogWorld: UWorld::CleanupWorld for Level1, bSessionEnded=true, bCleanupResources=true
[2020.12.20-14.49.37:923][257]LogSlate: InvalidateAllWidgets triggered.  All widgets were invalidated
[2020.12.20-14.49.37:938][257]LogPlayLevel: Display: Shutting down PIE online subsystems
[2020.12.20-14.49.37:945][257]LogSlate: InvalidateAllWidgets triggered.  All widgets were invalidated
[2020.12.20-14.49.38:046][257]LogAISub: UAISubsystem::~UAISubsystem AIPerceptionSystem (0000023A8D2B87C0), frame # 8257
[2020.12.20-14.49.38:046][257]LogAISub: UAISubsystem::~UAISubsystem EnvQueryManager (0000023AA37AEC00), frame # 8257
[2020.12.20-14.49.38:052][257]LogUObjectHash: Compacting FUObjectHashTables data took   6.13ms
[2020.12.20-14.49.38:093][258]LogPlayLevel: Display: Destroying online subsystem :Context_8
