Log file open, 12/19/20 16:32:06
LogInit: Display: Running engine for game: GAME
LogPlatformFile: Not using cached read wrapper
LogTaskGraph: Started task graph with 5 named threads and 35 total threads with 3 sets of task threads.
LogStats: Stats thread started at 0.220716
LogD3D11RHI: Loaded GFSDK_Aftermath_Lib.x64.dll
LogICUInternationalization: ICU TimeZone Detection - Raw Offset: +7:00, Platform Override: ''
LogPluginManager: Mounting plugin Paper2D
LogPluginManager: Mounting plugin AISupport
LogPluginManager: Mounting plugin LightPropagationVolume
LogPluginManager: Mounting plugin CameraShakePreviewer
LogPluginManager: Mounting plugin ActorLayerUtilities
LogPluginManager: Mounting plugin AnimationSharing
LogPluginManager: Mounting plugin CLionSourceCodeAccess
LogPluginManager: Mounting plugin CodeLiteSourceCodeAccess
LogPluginManager: Mounting plugin GitSourceControl
LogPluginManager: Mounting plugin KDevelopSourceCodeAccess
LogPluginManager: Mounting plugin NullSourceCodeAccess
LogPluginManager: Mounting plugin PerforceSourceControl
LogPluginManager: Mounting plugin PlasticSourceControl
LogPluginManager: Mounting plugin RiderSourceCodeAccess
LogPluginManager: Mounting plugin SubversionSourceControl
LogPluginManager: Mounting plugin UObjectPlugin
LogPluginManager: Mounting plugin VisualStudioCodeSourceCodeAccess
LogPluginManager: Mounting plugin VisualStudioSourceCodeAccess
LogPluginManager: Mounting plugin XCodeSourceCodeAccess
LogPluginManager: Mounting plugin AssetManagerEditor
LogPluginManager: Mounting plugin CryptoKeys
LogPluginManager: Mounting plugin CurveEditorTools
LogPluginManager: Mounting plugin DataValidation
LogPluginManager: Mounting plugin EditorScriptingUtilities
LogPluginManager: Mounting plugin FacialAnimation
LogPluginManager: Mounting plugin GameplayTagsEditor
LogPluginManager: Mounting plugin GeometryMode
LogPluginManager: Mounting plugin MacGraphicsSwitching
LogPluginManager: Mounting plugin MaterialAnalyzer
LogPluginManager: Mounting plugin MobileLauncherProfileWizard
LogPluginManager: Mounting plugin PluginBrowser
LogPluginManager: Mounting plugin SpeedTreeImporter
LogPluginManager: Mounting plugin DatasmithContent
LogPluginManager: Mounting plugin VariantManagerContent
LogPluginManager: Mounting plugin AlembicImporter
LogPluginManager: Mounting plugin AutomationUtils
LogPluginManager: Mounting plugin BackChannel
LogPluginManager: Mounting plugin ChaosCloth
LogPluginManager: Mounting plugin ChaosClothEditor
LogPluginManager: Mounting plugin ChaosEditor
LogPluginManager: Mounting plugin ChaosNiagara
LogPluginManager: Mounting plugin ChaosSolverPlugin
LogPluginManager: Mounting plugin CharacterAI
LogPluginManager: Mounting plugin GeometryCache
LogPluginManager: Mounting plugin GeometryCollectionPlugin
LogPluginManager: Mounting plugin GeometryProcessing
LogPluginManager: Mounting plugin PlanarCut
LogPluginManager: Mounting plugin PlatformCrypto
LogPluginManager: Mounting plugin ProxyLODPlugin
LogPluginManager: Mounting plugin SkeletalReduction
LogPluginManager: Mounting plugin Niagara
LogPluginManager: Mounting plugin MagicLeap
LogPluginManager: Mounting plugin MagicLeapLightEstimation
LogPluginManager: Mounting plugin MagicLeapMedia
LogPluginManager: Mounting plugin MagicLeapPassableWorld
LogPluginManager: Mounting plugin MLSDK
LogPluginManager: Mounting plugin AndroidMedia
LogPluginManager: Mounting plugin AvfMedia
LogPluginManager: Mounting plugin ImgMedia
LogPluginManager: Mounting plugin MediaCompositing
LogPluginManager: Mounting plugin MediaPlayerEditor
LogPluginManager: Mounting plugin WebMMedia
LogPluginManager: Mounting plugin WmfMedia
LogPluginManager: Mounting plugin MeshPainting
LogPluginManager: Mounting plugin TcpMessaging
LogPluginManager: Mounting plugin UdpMessaging
LogPluginManager: Mounting plugin ActorSequence
LogPluginManager: Mounting plugin LevelSequenceEditor
LogPluginManager: Mounting plugin MatineeToLevelSequence
LogPluginManager: Mounting plugin MovieRenderPipeline
LogPluginManager: Mounting plugin TemplateSequence
LogPluginManager: Mounting plugin NetcodeUnitTest
LogPluginManager: Mounting plugin NUTUnrealEngine4
LogPluginManager: Mounting plugin OnlineSubsystemGooglePlay
LogPluginManager: Mounting plugin OnlineSubsystemIOS
LogPluginManager: Mounting plugin OnlineSubsystem
LogPluginManager: Mounting plugin OnlineSubsystemNull
LogPluginManager: Mounting plugin OnlineSubsystemUtils
LogPluginManager: Mounting plugin LauncherChunkInstaller
LogPluginManager: Mounting plugin AndroidDeviceProfileSelector
LogPluginManager: Mounting plugin AndroidMoviePlayer
LogPluginManager: Mounting plugin AndroidPermission
LogPluginManager: Mounting plugin AppleImageUtils
LogPluginManager: Mounting plugin AppleMoviePlayer
LogPluginManager: Mounting plugin ArchVisCharacter
LogPluginManager: Mounting plugin AssetTags
LogPluginManager: Mounting plugin AudioCapture
LogPluginManager: Mounting plugin CableComponent
LogPluginManager: Mounting plugin CustomMeshComponent
LogPluginManager: Mounting plugin EditableMesh
LogPluginManager: Mounting plugin ExampleDeviceProfileSelector
LogPluginManager: Mounting plugin GoogleCloudMessaging
LogPluginManager: Mounting plugin GooglePAD
LogPluginManager: Mounting plugin IOSDeviceProfileSelector
LogPluginManager: Mounting plugin LinuxDeviceProfileSelector
LogPluginManager: Mounting plugin LocationServicesBPLibrary
LogPluginManager: Mounting plugin MobilePatchingUtils
LogPluginManager: Mounting plugin OculusVR
LogPluginManager: Mounting plugin PhysXVehicles
LogPluginManager: Mounting plugin PostSplashScreen
LogPluginManager: Mounting plugin ProceduralMeshComponent
LogPluginManager: Mounting plugin RuntimePhysXCooking
LogPluginManager: Mounting plugin SignificanceManager
LogPluginManager: Mounting plugin SoundFields
LogPluginManager: Mounting plugin SteamVR
LogPluginManager: Mounting plugin Synthesis
LogPluginManager: Mounting plugin WebMMoviePlayer
LogPluginManager: Mounting plugin WindowsMoviePlayer
LogPluginManager: Mounting plugin ScreenshotTools
LogInit: Using libcurl 7.55.1-DEV
LogInit:  - built for x86_64-pc-win32
LogInit:  - supports SSL with OpenSSL/1.1.1
LogInit:  - supports HTTP deflate (compression) using libz 1.2.8
LogInit:  - other features:
LogInit:      CURL_VERSION_SSL
LogInit:      CURL_VERSION_LIBZ
LogInit:      CURL_VERSION_IPV6
LogInit:      CURL_VERSION_ASYNCHDNS
LogInit:      CURL_VERSION_LARGEFILE
LogInit:      CURL_VERSION_IDN
LogInit:  CurlRequestOptions (configurable via config and command line):
LogInit:  - bVerifyPeer = true  - Libcurl will verify peer certificate
LogInit:  - bUseHttpProxy = false  - Libcurl will NOT use HTTP proxy
LogInit:  - bDontReuseConnections = false  - Libcurl will reuse connections
LogInit:  - MaxHostConnections = 16  - Libcurl will limit the number of connections to a host
LogInit:  - LocalHostAddr = Default
LogInit:  - BufferSize = 65536
LogOnline: OSS: Creating online subsystem instance for: NULL
LogInit: WinSock: version 1.1 (2.2), MaxSocks=32767, MaxUdp=65467
LogOnline: OSS: TryLoadSubsystemAndSetDefault: Loaded subsystem for module [NULL]
LogInit: Build: ++UE4+Release-4.25-CL-13942748
LogInit: Engine Version: 4.25.3-13942748+++UE4+Release-4.25
LogInit: Compatible Engine Version: 4.25.0-13144385+++UE4+Release-4.25
LogInit: Net CL: 13144385
LogInit: OS: Windows 10 (Release 2004) (), CPU: Intel(R) Core(TM) i7-8750H CPU @ 2.20GHz, GPU: NVIDIA GeForce GTX 1060
LogInit: Compiled (64-bit): Jul 25 2020 02:07:48
LogInit: Compiled with Visual C++: 19.24.28315.00
LogInit: Build Configuration: Development
LogInit: Branch Name: ++UE4+Release-4.25
LogInit: Command Line: 
LogInit: Base Directory: E:/Unreal Engine/UE_4.25/Engine/Binaries/Win64/
LogInit: Allocator: TBB
LogInit: Installed Engine Build: 1
LogDevObjectVersion: Number of dev versions registered: 26
LogDevObjectVersion:   Dev-Blueprints (B0D832E4-1F89-4F0D-ACCF-7EB736FD4AA2): 10
LogDevObjectVersion:   Dev-Build (E1C64328-A22C-4D53-A36C-8E866417BD8C): 0
LogDevObjectVersion:   Dev-Core (375EC13C-06E4-48FB-B500-84F0262A717E): 4
LogDevObjectVersion:   Dev-Editor (E4B068ED-F494-42E9-A231-DA0B2E46BB41): 38
LogDevObjectVersion:   Dev-Framework (CFFC743F-43B0-4480-9391-14DF171D2073): 37
LogDevObjectVersion:   Dev-Mobile (B02B49B5-BB20-44E9-A304-32B752E40360): 2
LogDevObjectVersion:   Dev-Networking (A4E4105C-59A1-49B5-A7C5-40C4547EDFEE): 0
LogDevObjectVersion:   Dev-Online (39C831C9-5AE6-47DC-9A44-9C173E1C8E7C): 0
LogDevObjectVersion:   Dev-Physics (78F01B33-EBEA-4F98-B9B4-84EACCB95AA2): 4
LogDevObjectVersion:   Dev-Platform (6631380F-2D4D-43E0-8009-CF276956A95A): 0
LogDevObjectVersion:   Dev-Rendering (12F88B9F-8875-4AFC-A67C-D90C383ABD29): 43
LogDevObjectVersion:   Dev-Sequencer (7B5AE74C-D270-4C10-A958-57980B212A5A): 12
LogDevObjectVersion:   Dev-VR (D7296918-1DD6-4BDD-9DE2-64A83CC13884): 3
LogDevObjectVersion:   Dev-LoadTimes (C2A15278-BFE7-4AFE-6C17-90FF531DF755): 1
LogDevObjectVersion:   Private-Geometry (6EACA3D4-40EC-4CC1-B786-8BED09428FC5): 3
LogDevObjectVersion:   Dev-AnimPhys (29E575DD-E0A3-4627-9D10-D276232CDCEA): 17
LogDevObjectVersion:   Dev-Anim (AF43A65D-7FD3-4947-9873-3E8ED9C1BB05): 7
LogDevObjectVersion:   Dev-ReflectionCapture (6B266CEC-1EC7-4B8F-A30B-E4D90942FC07): 1
LogDevObjectVersion:   Dev-Automation (0DF73D61-A23F-47EA-B727-89E90C41499A): 1
LogDevObjectVersion:   FortniteMain (601D1886-AC64-4F84-AA16-D3DE0DEAC7D6): 31
LogDevObjectVersion:   Dev-Enterprise (9DFFBCD6-494F-0158-E221-12823C92A888): 10
LogDevObjectVersion:   Dev-Niagara (F2AED0AC-9AFE-416F-8664-AA7FFA26D6FC): 1
LogDevObjectVersion:   Dev-Destruction (174F1F0B-B4C6-45A5-B13F-2EE8D0FB917D): 10
LogDevObjectVersion:   Dev-Physics-Ext (35F94A83-E258-406C-A318-09F59610247C): 37
LogDevObjectVersion:   Dev-PhysicsMaterial-Chaos (B68FC16E-8B1B-42E2-B453-215C058844FE): 1
LogDevObjectVersion:   Dev-CineCamera (B2E18506-4273-CFC2-A54E-F4BB758BBA07): 1
LogInit: Presizing for max 25165824 objects, including 0 objects not considered by GC, pre-allocating 0 bytes for permanent pool.
LogConfig: Applying CVar settings from Section [/Script/Engine.StreamingSettings] File [C:/Users/aoffis_/Documents/GitHub/GameDesign/GAME/Saved/Config/Windows/Engine.ini]
LogConfig: Setting CVar [[s.MinBulkDataSizeForAsyncLoading:131072]]
LogConfig: Setting CVar [[s.AsyncLoadingThreadEnabled:0]]
LogConfig: Setting CVar [[s.EventDrivenLoaderEnabled:1]]
LogConfig: Setting CVar [[s.WarnIfTimeLimitExceeded:0]]
LogConfig: Setting CVar [[s.TimeLimitExceededMultiplier:1.5]]
LogConfig: Setting CVar [[s.TimeLimitExceededMinTime:0.005]]
LogConfig: Setting CVar [[s.UseBackgroundLevelStreaming:1]]
LogConfig: Setting CVar [[s.PriorityAsyncLoadingExtraTime:15.0]]
LogConfig: Setting CVar [[s.LevelStreamingActorsUpdateTimeLimit:5.0]]
LogConfig: Setting CVar [[s.PriorityLevelStreamingActorsUpdateExtraTime:5.0]]
LogConfig: Setting CVar [[s.LevelStreamingComponentsRegistrationGranularity:10]]
LogConfig: Setting CVar [[s.UnregisterComponentsTimeLimit:1.0]]
LogConfig: Setting CVar [[s.LevelStreamingComponentsUnregistrationGranularity:5]]
LogConfig: Setting CVar [[s.FlushStreamingOnExit:1]]
LogInit: Object subsystem initialized
LogConfig: Setting CVar [[con.DebugEarlyDefault:1]]
LogConfig: Setting CVar [[r.setres:1280x720]]
[2020.12.19-09.32.06:578][  0]LogConfig: Setting CVar [[r.VSync:0]]
[2020.12.19-09.32.06:578][  0]LogConfig: Setting CVar [[r.RHICmdBypass:0]]
[2020.12.19-09.32.06:578][  0]LogConfig: Applying CVar settings from Section [/Script/Engine.RendererSettings] File [C:/Users/aoffis_/Documents/GitHub/GameDesign/GAME/Saved/Config/Windows/Engine.ini]
[2020.12.19-09.32.06:578][  0]LogConfig: Setting CVar [[r.GPUCrashDebugging:0]]
[2020.12.19-09.32.06:578][  0]LogConfig: Setting CVar [[r.MobileHDR:0]]
[2020.12.19-09.32.06:578][  0]LogConfig: Applying CVar settings from Section [/Script/Engine.RendererOverrideSettings] File [C:/Users/aoffis_/Documents/GitHub/GameDesign/GAME/Saved/Config/Windows/Engine.ini]
[2020.12.19-09.32.06:578][  0]LogConfig: Applying CVar settings from Section [/Script/Engine.StreamingSettings] File [C:/Users/aoffis_/Documents/GitHub/GameDesign/GAME/Saved/Config/Windows/Engine.ini]
[2020.12.19-09.32.06:578][  0]LogConfig: Setting CVar [[s.MinBulkDataSizeForAsyncLoading:131072]]
[2020.12.19-09.32.06:578][  0]LogConfig: Setting CVar [[s.AsyncLoadingThreadEnabled:0]]
[2020.12.19-09.32.06:578][  0]LogConfig: Setting CVar [[s.EventDrivenLoaderEnabled:1]]
[2020.12.19-09.32.06:578][  0]LogConfig: Setting CVar [[s.WarnIfTimeLimitExceeded:0]]
[2020.12.19-09.32.06:578][  0]LogConfig: Setting CVar [[s.TimeLimitExceededMultiplier:1.5]]
[2020.12.19-09.32.06:578][  0]LogConfig: Setting CVar [[s.TimeLimitExceededMinTime:0.005]]
[2020.12.19-09.32.06:578][  0]LogConfig: Setting CVar [[s.UseBackgroundLevelStreaming:1]]
[2020.12.19-09.32.06:578][  0]LogConfig: Setting CVar [[s.PriorityAsyncLoadingExtraTime:15.0]]
[2020.12.19-09.32.06:578][  0]LogConfig: Setting CVar [[s.LevelStreamingActorsUpdateTimeLimit:5.0]]
[2020.12.19-09.32.06:578][  0]LogConfig: Setting CVar [[s.PriorityLevelStreamingActorsUpdateExtraTime:5.0]]
[2020.12.19-09.32.06:578][  0]LogConfig: Setting CVar [[s.LevelStreamingComponentsRegistrationGranularity:10]]
[2020.12.19-09.32.06:578][  0]LogConfig: Setting CVar [[s.UnregisterComponentsTimeLimit:1.0]]
[2020.12.19-09.32.06:578][  0]LogConfig: Setting CVar [[s.LevelStreamingComponentsUnregistrationGranularity:5]]
[2020.12.19-09.32.06:578][  0]LogConfig: Setting CVar [[s.FlushStreamingOnExit:1]]
[2020.12.19-09.32.06:578][  0]LogConfig: Applying CVar settings from Section [/Script/Engine.GarbageCollectionSettings] File [C:/Users/aoffis_/Documents/GitHub/GameDesign/GAME/Saved/Config/Windows/Engine.ini]
[2020.12.19-09.32.06:578][  0]LogConfig: Setting CVar [[gc.MaxObjectsNotConsideredByGC:1]]
[2020.12.19-09.32.06:578][  0]LogConfig: Setting CVar [[gc.SizeOfPermanentObjectPool:0]]
[2020.12.19-09.32.06:578][  0]LogConfig: Setting CVar [[gc.FlushStreamingOnGC:0]]
[2020.12.19-09.32.06:578][  0]LogConfig: Setting CVar [[gc.NumRetriesBeforeForcingGC:10]]
[2020.12.19-09.32.06:578][  0]LogConfig: Setting CVar [[gc.AllowParallelGC:1]]
[2020.12.19-09.32.06:578][  0]LogConfig: Setting CVar [[gc.TimeBetweenPurgingPendingKillObjects:61.1]]
[2020.12.19-09.32.06:578][  0]LogConfig: Setting CVar [[gc.MaxObjectsInEditor:25165824]]
[2020.12.19-09.32.06:578][  0]LogConfig: Setting CVar [[gc.IncrementalBeginDestroyEnabled:1]]
[2020.12.19-09.32.06:578][  0]LogConfig: Setting CVar [[gc.CreateGCClusters:1]]
[2020.12.19-09.32.06:578][  0]LogConfig: Setting CVar [[gc.MinGCClusterSize:5]]
[2020.12.19-09.32.06:578][  0]LogConfig: Setting CVar [[gc.ActorClusteringEnabled:0]]
[2020.12.19-09.32.06:578][  0]LogConfig: Setting CVar [[gc.BlueprintClusteringEnabled:0]]
[2020.12.19-09.32.06:578][  0]LogConfig: Setting CVar [[gc.UseDisregardForGCOnDedicatedServers:0]]
[2020.12.19-09.32.06:578][  0]LogConfig: Applying CVar settings from Section [/Script/Engine.NetworkSettings] File [C:/Users/aoffis_/Documents/GitHub/GameDesign/GAME/Saved/Config/Windows/Engine.ini]
[2020.12.19-09.32.06:578][  0]LogConfig: Applying CVar settings from Section [/Script/UnrealEd.CookerSettings] File [C:/Users/aoffis_/Documents/GitHub/GameDesign/GAME/Saved/Config/Windows/Engine.ini]
[2020.12.19-09.32.06:595][  0]LogConfig: Applying CVar settings from Section [ViewDistanceQuality@3] File [C:/Users/aoffis_/Documents/GitHub/GameDesign/GAME/Saved/Config/Windows/Scalability.ini]
[2020.12.19-09.32.06:595][  0]LogConfig: Setting CVar [[r.SkeletalMeshLODBias:0]]
[2020.12.19-09.32.06:595][  0]LogConfig: Setting CVar [[r.ViewDistanceScale:1.0]]
[2020.12.19-09.32.06:595][  0]LogConfig: Applying CVar settings from Section [AntiAliasingQuality@3] File [C:/Users/aoffis_/Documents/GitHub/GameDesign/GAME/Saved/Config/Windows/Scalability.ini]
[2020.12.19-09.32.06:595][  0]LogConfig: Setting CVar [[r.PostProcessAAQuality:4]]
[2020.12.19-09.32.06:595][  0]LogConfig: Applying CVar settings from Section [ShadowQuality@3] File [C:/Users/aoffis_/Documents/GitHub/GameDesign/GAME/Saved/Config/Windows/Scalability.ini]
[2020.12.19-09.32.06:595][  0]LogConfig: Setting CVar [[r.LightFunctionQuality:1]]
[2020.12.19-09.32.06:595][  0]LogConfig: Setting CVar [[r.ShadowQuality:5]]
[2020.12.19-09.32.06:595][  0]LogConfig: Setting CVar [[r.Shadow.CSM.MaxCascades:10]]
[2020.12.19-09.32.06:595][  0]LogConfig: Setting CVar [[r.Shadow.MaxResolution:2048]]
[2020.12.19-09.32.06:595][  0]LogConfig: Setting CVar [[r.Shadow.MaxCSMResolution:2048]]
[2020.12.19-09.32.06:595][  0]LogConfig: Setting CVar [[r.Shadow.RadiusThreshold:0.01]]
[2020.12.19-09.32.06:595][  0]LogConfig: Setting CVar [[r.Shadow.DistanceScale:1.0]]
[2020.12.19-09.32.06:595][  0]LogConfig: Setting CVar [[r.Shadow.CSM.TransitionScale:1.0]]
[2020.12.19-09.32.06:595][  0]LogConfig: Setting CVar [[r.Shadow.PreShadowResolutionFactor:1.0]]
[2020.12.19-09.32.06:595][  0]LogConfig: Setting CVar [[r.DistanceFieldShadowing:1]]
[2020.12.19-09.32.06:595][  0]LogConfig: Setting CVar [[r.DistanceFieldAO:1]]
[2020.12.19-09.32.06:595][  0]LogConfig: Setting CVar [[r.AOQuality:2]]
[2020.12.19-09.32.06:595][  0]LogConfig: Setting CVar [[r.VolumetricFog:1]]
[2020.12.19-09.32.06:595][  0]LogConfig: Setting CVar [[r.VolumetricFog.GridPixelSize:8]]
[2020.12.19-09.32.06:595][  0]LogConfig: Setting CVar [[r.VolumetricFog.GridSizeZ:128]]
[2020.12.19-09.32.06:595][  0]LogConfig: Setting CVar [[r.VolumetricFog.HistoryMissSupersampleCount:4]]
[2020.12.19-09.32.06:595][  0]LogConfig: Setting CVar [[r.LightMaxDrawDistanceScale:1]]
[2020.12.19-09.32.06:595][  0]LogConfig: Setting CVar [[r.CapsuleShadows:1]]
[2020.12.19-09.32.06:595][  0]LogConfig: Applying CVar settings from Section [PostProcessQuality@3] File [C:/Users/aoffis_/Documents/GitHub/GameDesign/GAME/Saved/Config/Windows/Scalability.ini]
[2020.12.19-09.32.06:595][  0]LogConfig: Setting CVar [[r.MotionBlurQuality:4]]
[2020.12.19-09.32.06:595][  0]LogConfig: Setting CVar [[r.AmbientOcclusionMipLevelFactor:0.4]]
[2020.12.19-09.32.06:595][  0]LogConfig: Setting CVar [[r.AmbientOcclusionMaxQuality:100]]
[2020.12.19-09.32.06:595][  0]LogConfig: Setting CVar [[r.AmbientOcclusionLevels:-1]]
[2020.12.19-09.32.06:595][  0]LogConfig: Setting CVar [[r.AmbientOcclusionRadiusScale:1.0]]
[2020.12.19-09.32.06:595][  0]LogConfig: Setting CVar [[r.DepthOfFieldQuality:2]]
[2020.12.19-09.32.06:595][  0]LogConfig: Setting CVar [[r.RenderTargetPoolMin:400]]
[2020.12.19-09.32.06:595][  0]LogConfig: Setting CVar [[r.LensFlareQuality:2]]
[2020.12.19-09.32.06:595][  0]LogConfig: Setting CVar [[r.SceneColorFringeQuality:1]]
[2020.12.19-09.32.06:595][  0]LogConfig: Setting CVar [[r.EyeAdaptationQuality:2]]
[2020.12.19-09.32.06:595][  0]LogConfig: Setting CVar [[r.BloomQuality:5]]
[2020.12.19-09.32.06:595][  0]LogConfig: Setting CVar [[r.FastBlurThreshold:100]]
[2020.12.19-09.32.06:595][  0]LogConfig: Setting CVar [[r.Upscale.Quality:3]]
[2020.12.19-09.32.06:595][  0]LogConfig: Setting CVar [[r.Tonemapper.GrainQuantization:1]]
[2020.12.19-09.32.06:596][  0]LogConfig: Setting CVar [[r.LightShaftQuality:1]]
[2020.12.19-09.32.06:596][  0]LogConfig: Setting CVar [[r.Filter.SizeScale:1]]
[2020.12.19-09.32.06:596][  0]LogConfig: Setting CVar [[r.Tonemapper.Quality:5]]
[2020.12.19-09.32.06:596][  0]LogConfig: Setting CVar [[r.DOF.Gather.AccumulatorQuality:1        ; higher gathering accumulator quality]]
[2020.12.19-09.32.06:596][  0]LogConfig: Setting CVar [[r.DOF.Gather.PostfilterMethod:1          ; Median3x3 postfilering method]]
[2020.12.19-09.32.06:596][  0]LogConfig: Setting CVar [[r.DOF.Gather.EnableBokehSettings:0       ; no bokeh simulation when gathering]]
[2020.12.19-09.32.06:596][  0]LogConfig: Setting CVar [[r.DOF.Gather.RingCount:4                 ; medium number of samples when gathering]]
[2020.12.19-09.32.06:596][  0]LogConfig: Setting CVar [[r.DOF.Scatter.ForegroundCompositing:1    ; additive foreground scattering]]
[2020.12.19-09.32.06:596][  0]LogConfig: Setting CVar [[r.DOF.Scatter.BackgroundCompositing:2    ; additive background scattering]]
[2020.12.19-09.32.06:596][  0]LogConfig: Setting CVar [[r.DOF.Scatter.EnableBokehSettings:1      ; bokeh simulation when scattering]]
[2020.12.19-09.32.06:596][  0]LogConfig: Setting CVar [[r.DOF.Scatter.MaxSpriteRatio:0.1         ; only a maximum of 10% of scattered bokeh]]
[2020.12.19-09.32.06:596][  0]LogConfig: Setting CVar [[r.DOF.Recombine.Quality:1                ; cheap slight out of focus]]
[2020.12.19-09.32.06:596][  0]LogConfig: Setting CVar [[r.DOF.Recombine.EnableBokehSettings:0    ; no bokeh simulation on slight out of focus]]
[2020.12.19-09.32.06:596][  0]LogConfig: Setting CVar [[r.DOF.TemporalAAQuality:1                ; more stable temporal accumulation]]
[2020.12.19-09.32.06:596][  0]LogConfig: Setting CVar [[r.DOF.Kernel.MaxForegroundRadius:0.025]]
[2020.12.19-09.32.06:596][  0]LogConfig: Setting CVar [[r.DOF.Kernel.MaxBackgroundRadius:0.025]]
[2020.12.19-09.32.06:596][  0]LogConfig: Applying CVar settings from Section [TextureQuality@3] File [C:/Users/aoffis_/Documents/GitHub/GameDesign/GAME/Saved/Config/Windows/Scalability.ini]
[2020.12.19-09.32.06:596][  0]LogConfig: Setting CVar [[r.Streaming.MipBias:0]]
[2020.12.19-09.32.06:596][  0]LogConfig: Setting CVar [[r.Streaming.AmortizeCPUToGPUCopy:0]]
[2020.12.19-09.32.06:596][  0]LogConfig: Setting CVar [[r.Streaming.MaxNumTexturesToStreamPerFrame:0]]
[2020.12.19-09.32.06:596][  0]LogConfig: Setting CVar [[r.Streaming.Boost:1]]
[2020.12.19-09.32.06:596][  0]LogConfig: Setting CVar [[r.MaxAnisotropy:8]]
[2020.12.19-09.32.06:596][  0]LogConfig: Setting CVar [[r.VT.MaxAnisotropy:8]]
[2020.12.19-09.32.06:596][  0]LogConfig: Setting CVar [[r.Streaming.LimitPoolSizeToVRAM:0]]
[2020.12.19-09.32.06:596][  0]LogConfig: Setting CVar [[r.Streaming.PoolSize:1000]]
[2020.12.19-09.32.06:596][  0]LogConfig: Setting CVar [[r.Streaming.MaxEffectiveScreenSize:0]]
[2020.12.19-09.32.06:596][  0]LogConfig: Applying CVar settings from Section [EffectsQuality@3] File [C:/Users/aoffis_/Documents/GitHub/GameDesign/GAME/Saved/Config/Windows/Scalability.ini]
[2020.12.19-09.32.06:596][  0]LogConfig: Setting CVar [[r.TranslucencyLightingVolumeDim:64]]
[2020.12.19-09.32.06:596][  0]LogConfig: Setting CVar [[r.RefractionQuality:2]]
[2020.12.19-09.32.06:596][  0]LogConfig: Setting CVar [[r.SSR.Quality:3]]
[2020.12.19-09.32.06:596][  0]LogConfig: Setting CVar [[r.SSR.HalfResSceneColor:0]]
[2020.12.19-09.32.06:596][  0]LogConfig: Setting CVar [[r.SceneColorFormat:4]]
[2020.12.19-09.32.06:596][  0]LogConfig: Setting CVar [[r.DetailMode:2]]
[2020.12.19-09.32.06:596][  0]LogConfig: Setting CVar [[r.TranslucencyVolumeBlur:1]]
[2020.12.19-09.32.06:596][  0]LogConfig: Setting CVar [[r.MaterialQualityLevel:1 ; High quality]]
[2020.12.19-09.32.06:596][  0]LogConfig: Setting CVar [[r.SSS.Scale:1]]
[2020.12.19-09.32.06:596][  0]LogConfig: Setting CVar [[r.SSS.SampleSet:2]]
[2020.12.19-09.32.06:596][  0]LogConfig: Setting CVar [[r.SSS.Quality:1]]
[2020.12.19-09.32.06:596][  0]LogConfig: Setting CVar [[r.SSS.HalfRes:0]]
[2020.12.19-09.32.06:596][  0]LogConfig: Setting CVar [[r.SSGI.Quality:3]]
[2020.12.19-09.32.06:596][  0]LogConfig: Setting CVar [[r.EmitterSpawnRateScale:1.0]]
[2020.12.19-09.32.06:596][  0]LogConfig: Setting CVar [[r.ParticleLightQuality:2]]
[2020.12.19-09.32.06:596][  0]LogConfig: Setting CVar [[r.SkyAtmosphere.AerialPerspectiveLUT.FastApplyOnOpaque:1 ; Always have FastSkyLUT 1 in this case to avoid wrong sky]]
[2020.12.19-09.32.06:596][  0]LogConfig: Setting CVar [[r.SkyAtmosphere.AerialPerspectiveLUT.SampleCountPerSlice:1]]
[2020.12.19-09.32.06:596][  0]LogConfig: Setting CVar [[r.SkyAtmosphere.AerialPerspectiveLUT.DepthResolution:16.0]]
[2020.12.19-09.32.06:596][  0]LogConfig: Setting CVar [[r.SkyAtmosphere.FastSkyLUT:1]]
[2020.12.19-09.32.06:596][  0]LogConfig: Setting CVar [[r.SkyAtmosphere.FastSkyLUT.SampleCountMin:4.0]]
[2020.12.19-09.32.06:596][  0]LogConfig: Setting CVar [[r.SkyAtmosphere.FastSkyLUT.SampleCountMax:32.0]]
[2020.12.19-09.32.06:596][  0]LogConfig: Setting CVar [[r.SkyAtmosphere.SampleCountMin:4.0]]
[2020.12.19-09.32.06:596][  0]LogConfig: Setting CVar [[r.SkyAtmosphere.SampleCountMax:32.0]]
[2020.12.19-09.32.06:596][  0]LogConfig: Setting CVar [[r.SkyAtmosphere.TransmittanceLUT.UseSmallFormat:0]]
[2020.12.19-09.32.06:596][  0]LogConfig: Setting CVar [[r.SkyAtmosphere.TransmittanceLUT.SampleCount:10.0]]
[2020.12.19-09.32.06:596][  0]LogConfig: Setting CVar [[r.SkyAtmosphere.MultiScatteringLUT.SampleCount:15.0]]
[2020.12.19-09.32.06:596][  0]LogConfig: Applying CVar settings from Section [FoliageQuality@3] File [C:/Users/aoffis_/Documents/GitHub/GameDesign/GAME/Saved/Config/Windows/Scalability.ini]
[2020.12.19-09.32.06:596][  0]LogConfig: Setting CVar [[foliage.DensityScale:1.0]]
[2020.12.19-09.32.06:596][  0]LogConfig: Setting CVar [[grass.DensityScale:1.0]]
[2020.12.19-09.32.06:596][  0]LogConfig: Applying CVar settings from Section [ShadingQuality@3] File [C:/Users/aoffis_/Documents/GitHub/GameDesign/GAME/Saved/Config/Windows/Scalability.ini]
[2020.12.19-09.32.06:596][  0]LogConfig: Setting CVar [[r.HairStrands.SkyLighting.SampleCount:16]]
[2020.12.19-09.32.06:596][  0]LogConfig: Setting CVar [[r.HairStrands.SkyLighting.JitterIntegration:0]]
[2020.12.19-09.32.06:596][  0]LogConfig: Setting CVar [[r.HairStrands.SkyAO.SampleCount:16]]
[2020.12.19-09.32.06:596][  0]LogConfig: Setting CVar [[r.HairStrands.DeepShadow.SuperSampling:0]]
[2020.12.19-09.32.06:596][  0]LogConfig: Setting CVar [[r.HairStrands.VisibilityPPLL:0]]
[2020.12.19-09.32.06:596][  0]LogConfig: Setting CVar [[r.HairStrands.RasterizationScale:0.5]]
[2020.12.19-09.32.06:596][  0]LogConfig: Setting CVar [[r.HairStrands.VelocityRasterizationScale:1]]
[2020.12.19-09.32.06:596][  0]LogInit: Selected Device Profile: [Windows]
[2020.12.19-09.32.06:596][  0]LogInit: Applying CVar settings loaded from the selected device profile: [Windows]
[2020.12.19-09.32.06:596][  0]LogHAL: Display: Platform has ~ 16 GB [17015349248 / 17179869184 / 16], which maps to Larger [LargestMinGB=32, LargerMinGB=12, DefaultMinGB=8, SmallerMinGB=6, SmallestMinGB=0)
[2020.12.19-09.32.06:597][  0]LogInit: Going up to parent DeviceProfile []
[2020.12.19-09.32.06:597][  0]LogConfig: Applying CVar settings from Section [ViewDistanceQuality@3] File [C:/Users/aoffis_/Documents/GitHub/GameDesign/GAME/Saved/Config/Windows/Scalability.ini]
[2020.12.19-09.32.06:597][  0]LogConfig: Setting CVar [[r.SkeletalMeshLODBias:0]]
[2020.12.19-09.32.06:597][  0]LogConfig: Setting CVar [[r.ViewDistanceScale:1.0]]
[2020.12.19-09.32.06:597][  0]LogConfig: Applying CVar settings from Section [AntiAliasingQuality@3] File [C:/Users/aoffis_/Documents/GitHub/GameDesign/GAME/Saved/Config/Windows/Scalability.ini]
[2020.12.19-09.32.06:597][  0]LogConfig: Setting CVar [[r.PostProcessAAQuality:4]]
[2020.12.19-09.32.06:597][  0]LogConfig: Applying CVar settings from Section [ShadowQuality@3] File [C:/Users/aoffis_/Documents/GitHub/GameDesign/GAME/Saved/Config/Windows/Scalability.ini]
[2020.12.19-09.32.06:597][  0]LogConfig: Setting CVar [[r.LightFunctionQuality:1]]
[2020.12.19-09.32.06:597][  0]LogConfig: Setting CVar [[r.ShadowQuality:5]]
[2020.12.19-09.32.06:597][  0]LogConfig: Setting CVar [[r.Shadow.CSM.MaxCascades:10]]
[2020.12.19-09.32.06:597][  0]LogConfig: Setting CVar [[r.Shadow.MaxResolution:2048]]
[2020.12.19-09.32.06:597][  0]LogConfig: Setting CVar [[r.Shadow.MaxCSMResolution:2048]]
[2020.12.19-09.32.06:597][  0]LogConfig: Setting CVar [[r.Shadow.RadiusThreshold:0.01]]
[2020.12.19-09.32.06:597][  0]LogConfig: Setting CVar [[r.Shadow.DistanceScale:1.0]]
[2020.12.19-09.32.06:597][  0]LogConfig: Setting CVar [[r.Shadow.CSM.TransitionScale:1.0]]
[2020.12.19-09.32.06:597][  0]LogConfig: Setting CVar [[r.Shadow.PreShadowResolutionFactor:1.0]]
[2020.12.19-09.32.06:597][  0]LogConfig: Setting CVar [[r.DistanceFieldShadowing:1]]
[2020.12.19-09.32.06:597][  0]LogConfig: Setting CVar [[r.DistanceFieldAO:1]]
[2020.12.19-09.32.06:597][  0]LogConfig: Setting CVar [[r.AOQuality:2]]
[2020.12.19-09.32.06:597][  0]LogConfig: Setting CVar [[r.VolumetricFog:1]]
[2020.12.19-09.32.06:597][  0]LogConfig: Setting CVar [[r.VolumetricFog.GridPixelSize:8]]
[2020.12.19-09.32.06:597][  0]LogConfig: Setting CVar [[r.VolumetricFog.GridSizeZ:128]]
[2020.12.19-09.32.06:597][  0]LogConfig: Setting CVar [[r.VolumetricFog.HistoryMissSupersampleCount:4]]
[2020.12.19-09.32.06:597][  0]LogConfig: Setting CVar [[r.LightMaxDrawDistanceScale:1]]
[2020.12.19-09.32.06:597][  0]LogConfig: Setting CVar [[r.CapsuleShadows:1]]
[2020.12.19-09.32.06:597][  0]LogConfig: Applying CVar settings from Section [PostProcessQuality@3] File [C:/Users/aoffis_/Documents/GitHub/GameDesign/GAME/Saved/Config/Windows/Scalability.ini]
[2020.12.19-09.32.06:597][  0]LogConfig: Setting CVar [[r.MotionBlurQuality:4]]
[2020.12.19-09.32.06:597][  0]LogConfig: Setting CVar [[r.AmbientOcclusionMipLevelFactor:0.4]]
[2020.12.19-09.32.06:597][  0]LogConfig: Setting CVar [[r.AmbientOcclusionMaxQuality:100]]
[2020.12.19-09.32.06:597][  0]LogConfig: Setting CVar [[r.AmbientOcclusionLevels:-1]]
[2020.12.19-09.32.06:597][  0]LogConfig: Setting CVar [[r.AmbientOcclusionRadiusScale:1.0]]
[2020.12.19-09.32.06:597][  0]LogConfig: Setting CVar [[r.DepthOfFieldQuality:2]]
[2020.12.19-09.32.06:597][  0]LogConfig: Setting CVar [[r.RenderTargetPoolMin:400]]
[2020.12.19-09.32.06:597][  0]LogConfig: Setting CVar [[r.LensFlareQuality:2]]
[2020.12.19-09.32.06:597][  0]LogConfig: Setting CVar [[r.SceneColorFringeQuality:1]]
[2020.12.19-09.32.06:597][  0]LogConfig: Setting CVar [[r.EyeAdaptationQuality:2]]
[2020.12.19-09.32.06:597][  0]LogConfig: Setting CVar [[r.BloomQuality:5]]
[2020.12.19-09.32.06:597][  0]LogConfig: Setting CVar [[r.FastBlurThreshold:100]]
[2020.12.19-09.32.06:598][  0]LogConfig: Setting CVar [[r.Upscale.Quality:3]]
[2020.12.19-09.32.06:598][  0]LogConfig: Setting CVar [[r.Tonemapper.GrainQuantization:1]]
[2020.12.19-09.32.06:598][  0]LogConfig: Setting CVar [[r.LightShaftQuality:1]]
[2020.12.19-09.32.06:598][  0]LogConfig: Setting CVar [[r.Filter.SizeScale:1]]
[2020.12.19-09.32.06:598][  0]LogConfig: Setting CVar [[r.Tonemapper.Quality:5]]
[2020.12.19-09.32.06:598][  0]LogConfig: Setting CVar [[r.DOF.Gather.AccumulatorQuality:1        ; higher gathering accumulator quality]]
[2020.12.19-09.32.06:598][  0]LogConfig: Setting CVar [[r.DOF.Gather.PostfilterMethod:1          ; Median3x3 postfilering method]]
[2020.12.19-09.32.06:598][  0]LogConfig: Setting CVar [[r.DOF.Gather.EnableBokehSettings:0       ; no bokeh simulation when gathering]]
[2020.12.19-09.32.06:598][  0]LogConfig: Setting CVar [[r.DOF.Gather.RingCount:4                 ; medium number of samples when gathering]]
[2020.12.19-09.32.06:598][  0]LogConfig: Setting CVar [[r.DOF.Scatter.ForegroundCompositing:1    ; additive foreground scattering]]
[2020.12.19-09.32.06:598][  0]LogConfig: Setting CVar [[r.DOF.Scatter.BackgroundCompositing:2    ; additive background scattering]]
[2020.12.19-09.32.06:598][  0]LogConfig: Setting CVar [[r.DOF.Scatter.EnableBokehSettings:1      ; bokeh simulation when scattering]]
[2020.12.19-09.32.06:598][  0]LogConfig: Setting CVar [[r.DOF.Scatter.MaxSpriteRatio:0.1         ; only a maximum of 10% of scattered bokeh]]
[2020.12.19-09.32.06:598][  0]LogConfig: Setting CVar [[r.DOF.Recombine.Quality:1                ; cheap slight out of focus]]
[2020.12.19-09.32.06:598][  0]LogConfig: Setting CVar [[r.DOF.Recombine.EnableBokehSettings:0    ; no bokeh simulation on slight out of focus]]
[2020.12.19-09.32.06:598][  0]LogConfig: Setting CVar [[r.DOF.TemporalAAQuality:1                ; more stable temporal accumulation]]
[2020.12.19-09.32.06:598][  0]LogConfig: Setting CVar [[r.DOF.Kernel.MaxForegroundRadius:0.025]]
[2020.12.19-09.32.06:598][  0]LogConfig: Setting CVar [[r.DOF.Kernel.MaxBackgroundRadius:0.025]]
[2020.12.19-09.32.06:598][  0]LogConfig: Applying CVar settings from Section [TextureQuality@3] File [C:/Users/aoffis_/Documents/GitHub/GameDesign/GAME/Saved/Config/Windows/Scalability.ini]
[2020.12.19-09.32.06:598][  0]LogConfig: Setting CVar [[r.Streaming.MipBias:0]]
[2020.12.19-09.32.06:598][  0]LogConfig: Setting CVar [[r.Streaming.AmortizeCPUToGPUCopy:0]]
[2020.12.19-09.32.06:598][  0]LogConfig: Setting CVar [[r.Streaming.MaxNumTexturesToStreamPerFrame:0]]
[2020.12.19-09.32.06:598][  0]LogConfig: Setting CVar [[r.Streaming.Boost:1]]
[2020.12.19-09.32.06:598][  0]LogConfig: Setting CVar [[r.MaxAnisotropy:8]]
[2020.12.19-09.32.06:598][  0]LogConfig: Setting CVar [[r.VT.MaxAnisotropy:8]]
[2020.12.19-09.32.06:598][  0]LogConfig: Setting CVar [[r.Streaming.LimitPoolSizeToVRAM:0]]
[2020.12.19-09.32.06:598][  0]LogConfig: Setting CVar [[r.Streaming.PoolSize:1000]]
[2020.12.19-09.32.06:598][  0]LogConfig: Setting CVar [[r.Streaming.MaxEffectiveScreenSize:0]]
[2020.12.19-09.32.06:598][  0]LogConfig: Applying CVar settings from Section [EffectsQuality@3] File [C:/Users/aoffis_/Documents/GitHub/GameDesign/GAME/Saved/Config/Windows/Scalability.ini]
[2020.12.19-09.32.06:598][  0]LogConfig: Setting CVar [[r.TranslucencyLightingVolumeDim:64]]
[2020.12.19-09.32.06:598][  0]LogConfig: Setting CVar [[r.RefractionQuality:2]]
[2020.12.19-09.32.06:598][  0]LogConfig: Setting CVar [[r.SSR.Quality:3]]
[2020.12.19-09.32.06:598][  0]LogConfig: Setting CVar [[r.SSR.HalfResSceneColor:0]]
[2020.12.19-09.32.06:598][  0]LogConfig: Setting CVar [[r.SceneColorFormat:4]]
[2020.12.19-09.32.06:598][  0]LogConfig: Setting CVar [[r.DetailMode:2]]
[2020.12.19-09.32.06:598][  0]LogConfig: Setting CVar [[r.TranslucencyVolumeBlur:1]]
[2020.12.19-09.32.06:598][  0]LogConfig: Setting CVar [[r.MaterialQualityLevel:1 ; High quality]]
[2020.12.19-09.32.06:598][  0]LogConfig: Setting CVar [[r.SSS.Scale:1]]
[2020.12.19-09.32.06:598][  0]LogConfig: Setting CVar [[r.SSS.SampleSet:2]]
[2020.12.19-09.32.06:598][  0]LogConfig: Setting CVar [[r.SSS.Quality:1]]
[2020.12.19-09.32.06:598][  0]LogConfig: Setting CVar [[r.SSS.HalfRes:0]]
[2020.12.19-09.32.06:598][  0]LogConfig: Setting CVar [[r.SSGI.Quality:3]]
[2020.12.19-09.32.06:598][  0]LogConfig: Setting CVar [[r.EmitterSpawnRateScale:1.0]]
[2020.12.19-09.32.06:598][  0]LogConfig: Setting CVar [[r.ParticleLightQuality:2]]
[2020.12.19-09.32.06:598][  0]LogConfig: Setting CVar [[r.SkyAtmosphere.AerialPerspectiveLUT.FastApplyOnOpaque:1 ; Always have FastSkyLUT 1 in this case to avoid wrong sky]]
[2020.12.19-09.32.06:598][  0]LogConfig: Setting CVar [[r.SkyAtmosphere.AerialPerspectiveLUT.SampleCountPerSlice:1]]
[2020.12.19-09.32.06:599][  0]LogConfig: Setting CVar [[r.SkyAtmosphere.AerialPerspectiveLUT.DepthResolution:16.0]]
[2020.12.19-09.32.06:599][  0]LogConfig: Setting CVar [[r.SkyAtmosphere.FastSkyLUT:1]]
[2020.12.19-09.32.06:599][  0]LogConfig: Setting CVar [[r.SkyAtmosphere.FastSkyLUT.SampleCountMin:4.0]]
[2020.12.19-09.32.06:599][  0]LogConfig: Setting CVar [[r.SkyAtmosphere.FastSkyLUT.SampleCountMax:32.0]]
[2020.12.19-09.32.06:599][  0]LogConfig: Setting CVar [[r.SkyAtmosphere.SampleCountMin:4.0]]
[2020.12.19-09.32.06:599][  0]LogConfig: Setting CVar [[r.SkyAtmosphere.SampleCountMax:32.0]]
[2020.12.19-09.32.06:599][  0]LogConfig: Setting CVar [[r.SkyAtmosphere.TransmittanceLUT.UseSmallFormat:0]]
[2020.12.19-09.32.06:599][  0]LogConfig: Setting CVar [[r.SkyAtmosphere.TransmittanceLUT.SampleCount:10.0]]
[2020.12.19-09.32.06:599][  0]LogConfig: Setting CVar [[r.SkyAtmosphere.MultiScatteringLUT.SampleCount:15.0]]
[2020.12.19-09.32.06:599][  0]LogConfig: Applying CVar settings from Section [FoliageQuality@3] File [C:/Users/aoffis_/Documents/GitHub/GameDesign/GAME/Saved/Config/Windows/Scalability.ini]
[2020.12.19-09.32.06:599][  0]LogConfig: Setting CVar [[foliage.DensityScale:1.0]]
[2020.12.19-09.32.06:599][  0]LogConfig: Setting CVar [[grass.DensityScale:1.0]]
[2020.12.19-09.32.06:599][  0]LogConfig: Applying CVar settings from Section [ShadingQuality@3] File [C:/Users/aoffis_/Documents/GitHub/GameDesign/GAME/Saved/Config/Windows/Scalability.ini]
[2020.12.19-09.32.06:599][  0]LogConfig: Setting CVar [[r.HairStrands.SkyLighting.SampleCount:16]]
[2020.12.19-09.32.06:599][  0]LogConfig: Setting CVar [[r.HairStrands.SkyLighting.JitterIntegration:0]]
[2020.12.19-09.32.06:599][  0]LogConfig: Setting CVar [[r.HairStrands.SkyAO.SampleCount:16]]
[2020.12.19-09.32.06:599][  0]LogConfig: Setting CVar [[r.HairStrands.DeepShadow.SuperSampling:0]]
[2020.12.19-09.32.06:599][  0]LogConfig: Setting CVar [[r.HairStrands.VisibilityPPLL:0]]
[2020.12.19-09.32.06:599][  0]LogConfig: Setting CVar [[r.HairStrands.RasterizationScale:0.5]]
[2020.12.19-09.32.06:599][  0]LogConfig: Setting CVar [[r.HairStrands.VelocityRasterizationScale:1]]
[2020.12.19-09.32.06:599][  0]LogConfig: Applying CVar settings from Section [Startup] File [../../../Engine/Config/ConsoleVariables.ini]
[2020.12.19-09.32.06:599][  0]LogConfig: Setting CVar [[net.UseAdaptiveNetUpdateFrequency:0]]
[2020.12.19-09.32.06:599][  0]LogConfig: Setting CVar [[p.chaos.AllowCreatePhysxBodies:1]]
[2020.12.19-09.32.06:599][  0]LogConfig: Setting CVar [[fx.SkipVectorVMBackendOptimizations:1]]
[2020.12.19-09.32.06:599][  0]LogConfig: Applying CVar settings from Section [ConsoleVariables] File [C:/Users/aoffis_/Documents/GitHub/GameDesign/GAME/Saved/Config/Windows/Engine.ini]
[2020.12.19-09.32.06:599][  0]LogInit: Computer: MSI
[2020.12.19-09.32.06:600][  0]LogInit: User: aoffis
[2020.12.19-09.32.06:600][  0]LogInit: CPU Page size=4096, Cores=6
[2020.12.19-09.32.06:600][  0]LogInit: High frequency timer resolution =10.000000 MHz
[2020.12.19-09.32.06:600][  0]LogMemory: Memory total: Physical=15.8GB (16GB approx)
[2020.12.19-09.32.06:600][  0]LogMemory: Platform Memory Stats for Windows
[2020.12.19-09.32.06:600][  0]LogMemory: Process Physical Memory: 116.17 MB used, 116.17 MB peak
[2020.12.19-09.32.06:600][  0]LogMemory: Process Virtual Memory: 97.01 MB used, 97.01 MB peak
[2020.12.19-09.32.06:600][  0]LogMemory: Physical Memory: 6239.32 MB used,  9987.78 MB free, 16227.10 MB total
[2020.12.19-09.32.06:600][  0]LogMemory: Virtual Memory: 5166.67 MB used,  134212560.00 MB free, 134217728.00 MB total
[2020.12.19-09.32.06:728][  0]LogWindows: WindowsPlatformFeatures enabled
[2020.12.19-09.32.06:765][  0]LogInit: Physics initialised using underlying interface: PhysX
[2020.12.19-09.32.06:766][  0]LogInit: Using OS detected language (en-US).
[2020.12.19-09.32.06:766][  0]LogInit: Using OS detected locale (en-US).
[2020.12.19-09.32.06:768][  0]LogTextLocalizationManager: No specific localization for 'en-US' exists, so the 'en' localization will be used.
[2020.12.19-09.32.06:971][  0]LogInit: Setting process to per monitor DPI aware
[2020.12.19-09.32.07:023][  0]LogSlate: New Slate User Created.  User Index 0, Is Virtual User: 0
[2020.12.19-09.32.07:023][  0]LogSlate: Slate User Registered.  User Index 0, Is Virtual User: 0
[2020.12.19-09.32.07:193][  0]LogHMD: Failed to initialize OpenVR with code 110
[2020.12.19-09.32.07:193][  0]LogD3D11RHI: D3D11 min allowed feature level: 11_0
[2020.12.19-09.32.07:193][  0]LogD3D11RHI: D3D11 max allowed feature level: 11_0
[2020.12.19-09.32.07:193][  0]LogD3D11RHI: D3D11 adapters:
[2020.12.19-09.32.07:282][  0]LogD3D11RHI:    0. 'NVIDIA GeForce GTX 1060' (Feature Level 11_0)
[2020.12.19-09.32.07:282][  0]LogD3D11RHI:       6052/0/8113 MB DedicatedVideo/DedicatedSystem/SharedSystem, Outputs:1, VendorId:0x10de
[2020.12.19-09.32.07:312][  0]LogD3D11RHI:    1. 'Intel(R) UHD Graphics 630' (Feature Level 11_0)
[2020.12.19-09.32.07:312][  0]LogD3D11RHI:       128/0/8113 MB DedicatedVideo/DedicatedSystem/SharedSystem, Outputs:0, VendorId:0x8086
[2020.12.19-09.32.07:314][  0]LogD3D11RHI:    2. 'Microsoft Basic Render Driver' (Feature Level 11_0)
[2020.12.19-09.32.07:314][  0]LogD3D11RHI:       0/0/8113 MB DedicatedVideo/DedicatedSystem/SharedSystem, Outputs:0, VendorId:0x1414
[2020.12.19-09.32.07:314][  0]LogD3D11RHI: Chosen D3D11 Adapter: 0
[2020.12.19-09.32.07:322][  0]LogD3D11RHI: Creating new Direct3DDevice
[2020.12.19-09.32.07:322][  0]LogD3D11RHI:     GPU DeviceId: 0x1c20 (for the marketing name, search the web for "GPU Device Id")
[2020.12.19-09.32.07:322][  0]LogWindows: EnumDisplayDevices:
[2020.12.19-09.32.07:322][  0]LogWindows:    0. 'Intel(R) UHD Graphics 630' (P:0 D:0)
[2020.12.19-09.32.07:323][  0]LogWindows:    1. 'Intel(R) UHD Graphics 630' (P:0 D:0)
[2020.12.19-09.32.07:323][  0]LogWindows:    2. 'Intel(R) UHD Graphics 630' (P:0 D:0)
[2020.12.19-09.32.07:323][  0]LogWindows:    3. 'NVIDIA GeForce GTX 1060' (P:1 D:1)
[2020.12.19-09.32.07:324][  0]LogWindows:    4. 'NVIDIA GeForce GTX 1060' (P:0 D:0)
[2020.12.19-09.32.07:324][  0]LogWindows:    5. 'NVIDIA GeForce GTX 1060' (P:0 D:0)
[2020.12.19-09.32.07:324][  0]LogWindows:    6. 'NVIDIA GeForce GTX 1060' (P:0 D:0)
[2020.12.19-09.32.07:324][  0]LogWindows: DebugString: PrimaryIsNotTheChoosenAdapter PrimaryIsNotTheChoosenAdapter PrimaryIsNotTheChoosenAdapter FoundDriverCount:4 
[2020.12.19-09.32.07:324][  0]LogD3D11RHI:     Adapter Name: NVIDIA GeForce GTX 1060
[2020.12.19-09.32.07:324][  0]LogD3D11RHI:   Driver Version: 451.67 (internal:27.21.14.5167, unified:451.67)
[2020.12.19-09.32.07:324][  0]LogD3D11RHI:      Driver Date: 7-5-2020
[2020.12.19-09.32.07:324][  0]LogRHI: Texture pool is 4236 MB (70% of 6052 MB)
[2020.12.19-09.32.07:386][  0]LogD3D11RHI: RHI has support for 64 bit atomics
[2020.12.19-09.32.07:389][  0]LogD3D11RHI: [Aftermath] Enabled and primed
[2020.12.19-09.32.07:389][  0]LogD3D11RHI: Async texture creation enabled
[2020.12.19-09.32.07:389][  0]LogD3D11RHI: Array index from any shader is supported
[2020.12.19-09.32.07:408][  0]LogD3D11RHI: GPU Timing Frequency: 1000.000000 (Debug: 2 1)
[2020.12.19-09.32.07:820][  0]LogTargetPlatformManager: Display: Loaded TargetPlatform 'AllDesktop'
[2020.12.19-09.32.07:843][  0]LogTargetPlatformManager: Display: Loaded TargetPlatform 'Android'
[2020.12.19-09.32.07:843][  0]LogTargetPlatformManager: Display: Loaded TargetPlatform 'Android_ASTC'
[2020.12.19-09.32.07:843][  0]LogTargetPlatformManager: Display: Loaded TargetPlatform 'Android_DXT'
[2020.12.19-09.32.07:843][  0]LogTargetPlatformManager: Display: Loaded TargetPlatform 'Android_ETC2'
[2020.12.19-09.32.07:843][  0]LogTargetPlatformManager: Display: Loaded TargetPlatform 'AndroidClient'
[2020.12.19-09.32.07:843][  0]LogTargetPlatformManager: Display: Loaded TargetPlatform 'Android_ASTCClient'
[2020.12.19-09.32.07:843][  0]LogTargetPlatformManager: Display: Loaded TargetPlatform 'Android_DXTClient'
[2020.12.19-09.32.07:843][  0]LogTargetPlatformManager: Display: Loaded TargetPlatform 'Android_ETC2Client'
[2020.12.19-09.32.07:843][  0]LogTargetPlatformManager: Display: Loaded TargetPlatform 'Android_Multi'
[2020.12.19-09.32.07:843][  0]LogTargetPlatformManager: Display: Loaded TargetPlatform 'Android_MultiClient'
[2020.12.19-09.32.07:867][  0]LogTargetPlatformManager: Display: Loaded TargetPlatform 'IOSClient'
[2020.12.19-09.32.07:867][  0]LogTargetPlatformManager: Display: Loaded TargetPlatform 'IOS'
[2020.12.19-09.32.07:878][  0]LogTargetPlatformManager: Display: Loaded TargetPlatform 'Linux'
[2020.12.19-09.32.07:888][  0]LogTargetPlatformManager: Display: Loaded TargetPlatform 'LinuxNoEditor'
[2020.12.19-09.32.07:898][  0]LogTargetPlatformManager: Display: Loaded TargetPlatform 'LinuxClient'
[2020.12.19-09.32.07:908][  0]LogTargetPlatformManager: Display: Loaded TargetPlatform 'LinuxServer'
[2020.12.19-09.32.07:917][  0]LogTargetPlatformManager: Display: Loaded TargetPlatform 'LinuxAArch64NoEditor'
[2020.12.19-09.32.07:927][  0]LogTargetPlatformManager: Display: Loaded TargetPlatform 'LinuxAArch64Client'
[2020.12.19-09.32.07:937][  0]LogTargetPlatformManager: Display: Loaded TargetPlatform 'LinuxAArch64Server'
[2020.12.19-09.32.07:965][  0]LogTargetPlatformManager: Display: Loaded TargetPlatform 'Lumin'
[2020.12.19-09.32.07:965][  0]LogTargetPlatformManager: Display: Loaded TargetPlatform 'LuminClient'
[2020.12.19-09.32.07:982][  0]LogTargetPlatformManager: Display: Loaded TargetPlatform 'TVOSClient'
[2020.12.19-09.32.07:982][  0]LogTargetPlatformManager: Display: Loaded TargetPlatform 'TVOS'
[2020.12.19-09.32.07:991][  0]LogTargetPlatformManager: Display: Loaded TargetPlatform 'WindowsNoEditor'
[2020.12.19-09.32.08:002][  0]LogTargetPlatformManager: Display: Loaded TargetPlatform 'Windows'
[2020.12.19-09.32.08:011][  0]LogTargetPlatformManager: Display: Loaded TargetPlatform 'WindowsClient'
[2020.12.19-09.32.08:021][  0]LogTargetPlatformManager: Display: Loaded TargetPlatform 'WindowsServer'
[2020.12.19-09.32.08:021][  0]LogTargetPlatformManager: Display: Building Assets For Windows
[2020.12.19-09.32.08:029][  0]LogAudioDebug: Display: Lib vorbis DLL was dynamically loaded.
[2020.12.19-09.32.08:086][  0]LogShaderCompilers: Guid format shader working directory is -2 characters bigger than the processId version (C:/Users/aoffis_/Documents/GitHub/GameDesign/GAME/Intermediate/Shaders/WorkingDirectory/17700/).
[2020.12.19-09.32.08:087][  0]LogShaderCompilers: Cleaned the shader compiler working directory 'C:/Users/aoffis_/AppData/Local/Temp/UnrealShaderWorkingDir/0853ED0F4BD9265CAA03FBB033EB7A28/'.
[2020.12.19-09.32.08:087][  0]LogXGEController: Cannot use XGE Controller as Incredibuild is not installed on this machine.
[2020.12.19-09.32.08:087][  0]LogShaderCompilers: Cannot use XGE Shader Compiler as Incredibuild is not installed on this machine.
[2020.12.19-09.32.08:087][  0]LogShaderCompilers: Display: Using Local Shader Compiler.
[2020.12.19-09.32.08:910][  0]LogDerivedDataCache: Display: Max Cache Size: 512 MB
[2020.12.19-09.32.08:962][  0]LogDerivedDataCache: Loaded boot cache 0.05s 75MB C:/Users/aoffis_/AppData/Local/UnrealEngine/4.25/DerivedDataCache/Boot.ddc.
[2020.12.19-09.32.08:962][  0]LogDerivedDataCache: Display: Loaded Boot cache: C:/Users/aoffis_/AppData/Local/UnrealEngine/4.25/DerivedDataCache/Boot.ddc
[2020.12.19-09.32.08:962][  0]LogDerivedDataCache: FDerivedDataBackendGraph:  Pak pak cache file C:/Users/aoffis_/Documents/GitHub/GameDesign/GAME/DerivedDataCache/DDC.ddp not found, will not use a pak cache.
[2020.12.19-09.32.08:962][  0]LogDerivedDataCache: Unable to find inner node Pak for hierarchical cache Hierarchy.
[2020.12.19-09.32.08:962][  0]LogDerivedDataCache: FDerivedDataBackendGraph:  CompressedPak pak cache file C:/Users/aoffis_/Documents/GitHub/GameDesign/GAME/DerivedDataCache/Compressed.ddp not found, will not use a pak cache.
[2020.12.19-09.32.08:962][  0]LogDerivedDataCache: Unable to find inner node CompressedPak for hierarchical cache Hierarchy.
[2020.12.19-09.32.08:974][  0]LogDerivedDataCache: Display: Pak cache opened for reading ../../../Engine/DerivedDataCache/Compressed.ddp.
[2020.12.19-09.32.08:974][  0]LogDerivedDataCache: FDerivedDataBackendGraph:  EnterprisePak pak cache file ../../../Enterprise/DerivedDataCache/Compressed.ddp not found, will not use a pak cache.
[2020.12.19-09.32.08:974][  0]LogDerivedDataCache: Unable to find inner node EnterprisePak for hierarchical cache Hierarchy.
[2020.12.19-09.32.08:975][  0]LogDerivedDataCache: Using Local data cache path C:/Users/aoffis_/AppData/Local/UnrealEngine/Common/DerivedDataCache: Writable
[2020.12.19-09.32.08:975][  0]LogDerivedDataCache: Shared data cache path not found in *engine.ini, will not use an Shared cache.
[2020.12.19-09.32.08:975][  0]LogDerivedDataCache: Unable to find inner node Shared for hierarchical cache Hierarchy.
[2020.12.19-09.32.09:031][  0]LogSlate: Using FreeType 2.10.0
[2020.12.19-09.32.09:032][  0]LogSlate: SlateFontServices - WITH_FREETYPE: 1, WITH_HARFBUZZ: 1
[2020.12.19-09.32.09:060][  0]LogAssetRegistry: FAssetRegistry took 0.0026 seconds to start up
[2020.12.19-09.32.09:317][  0]LogInit: Selected Device Profile: [Windows]
[2020.12.19-09.32.09:440][  0]LogMeshReduction: Using QuadricMeshReduction for automatic static mesh reduction
[2020.12.19-09.32.09:440][  0]LogMeshReduction: Using SimplygonMeshReduction for automatic skeletal mesh reduction
[2020.12.19-09.32.09:440][  0]LogMeshReduction: Using ProxyLODMeshReduction for automatic mesh merging
[2020.12.19-09.32.09:440][  0]LogMeshReduction: No distributed automatic mesh merging module available
[2020.12.19-09.32.09:440][  0]LogMeshMerging: No distributed automatic mesh merging module available
[2020.12.19-09.32.09:470][  0]LogNetVersion: GAME 1.0.0, NetCL: 13144385, EngineNetVer: 14, GameNetVer: 0 (Checksum: 4126638738)
[2020.12.19-09.32.09:921][  0]LogAISub: UAISubsystem::UAISubsystem AISubsystem (0000016D7B30DBC0), frame # 0
[2020.12.19-09.32.09:921][  0]LogAISub: UAISubsystem::UAISubsystem AIPerceptionSystem (0000016D7B26D080), frame # 0
[2020.12.19-09.32.09:922][  0]LogAISub: UAISubsystem::UAISubsystem EnvQueryManager (0000016D7B2D4A00), frame # 0
[2020.12.19-09.32.09:964][  0]LogPackageLocalizationCache: Processed 19 localized package path(s) for 1 prioritized culture(s) in 0.035473 seconds
[2020.12.19-09.32.09:969][  0]LogUObjectArray: 15917 objects as part of root set at end of initial load.
[2020.12.19-09.32.09:969][  0]LogUObjectAllocator: 3965568 out of 0 bytes used by permanent object pool.
[2020.12.19-09.32.09:969][  0]LogUObjectArray: CloseDisregardForGC: 0/0 objects in disregard for GC pool
[2020.12.19-09.32.10:302][  0]LogTcpMessaging: Initializing TcpMessaging bridge
[2020.12.19-09.32.10:306][  0]LogUdpMessaging: Initializing bridge on interface 0.0.0.0:0 to multicast group 230.0.0.1:6666.
[2020.12.19-09.32.10:382][  0]SourceControl: Source control is disabled
[2020.12.19-09.32.10:382][  0]SourceControl: Source control is disabled
[2020.12.19-09.32.10:385][  0]SourceControl: Source control is disabled
[2020.12.19-09.32.10:388][  0]SourceControl: Source control is disabled
[2020.12.19-09.32.10:394][  0]SourceControl: Source control is disabled
[2020.12.19-09.32.10:408][  0]LogVSAccessor: Display: Unable to create Visual Studio setup instance: 80040154
[2020.12.19-09.32.10:409][  0]LogVSAccessor: Display: Unable to create Visual Studio setup instance: 80040154
[2020.12.19-09.32.10:625][  0]LogAndroidPermission: UAndroidPermissionCallbackProxy::GetInstance
[2020.12.19-09.32.10:645][  0]LogAudioCaptureCore: Display: No Audio Capture implementations found. Audio input will be silent.
[2020.12.19-09.32.10:645][  0]LogAudioCaptureCore: Display: No Audio Capture implementations found. Audio input will be silent.
[2020.12.19-09.32.10:694][  0]LogOcInput: OculusInput pre-init called
[2020.12.19-09.32.10:704][  0]LogWindows: Failed to load 'OVRPlugin.dll' (GetLastError=126)
[2020.12.19-09.32.10:704][  0]LogWindows: File 'OVRPlugin.dll' does not exist
[2020.12.19-09.32.10:765][  0]LogEngine: Initializing Engine...
[2020.12.19-09.32.10:766][  0]LogHMD: Failed to initialize OpenVR with code 110
[2020.12.19-09.32.10:766][  0]LogMagicLeap: Warning: VR disabled because ZI is not enabled.  To enable, in the editor, Edit -> Project Settings -> Plugins -> Magic Leap Plugin -> Enable Zero Iteration
[2020.12.19-09.32.10:767][  0]LogStats: UGameplayTagsManager::InitializeManager -  0.000 s
[2020.12.19-09.32.10:889][  0]LogInit: Initializing FReadOnlyCVARCache
[2020.12.19-09.32.10:897][  0]LogAIModule: Creating AISystem for world Untitled
[2020.12.19-09.32.10:897][  0]LogAISub: UAISubsystem::UAISubsystem EnvQueryManager (0000016D7DD8FC00), frame # 0
[2020.12.19-09.32.10:897][  0]LogAISub: UAISubsystem::UAISubsystem AIPerceptionSystem (0000016D7DDE1BC0), frame # 0
[2020.12.19-09.32.10:917][  0]LogAudioMixer: Display: Audio Mixer Platform Settings:
[2020.12.19-09.32.10:917][  0]LogAudioMixer: Display: 	Sample Rate:						  48000
[2020.12.19-09.32.10:917][  0]LogAudioMixer: Display: 	Callback Buffer Frame Size Requested: 1024
[2020.12.19-09.32.10:917][  0]LogAudioMixer: Display: 	Callback Buffer Frame Size To Use:	  1024
[2020.12.19-09.32.10:917][  0]LogAudioMixer: Display: 	Number of buffers to queue:			  2
[2020.12.19-09.32.10:917][  0]LogAudioMixer: Display: 	Max Channels (voices):				  32
[2020.12.19-09.32.10:917][  0]LogAudioMixer: Display: 	Number of Async Source Workers:		  0
[2020.12.19-09.32.10:917][  0]LogAudio: Display: AudioDevice MaxSources: 32
[2020.12.19-09.32.10:917][  0]LogAudio: Display: Using built-in audio occlusion.
[2020.12.19-09.32.10:917][  0]LogAudioMixer: Display: Initializing audio mixer.
[2020.12.19-09.32.11:030][  0]LogAudioMixer: Display: 0: FrontLeft
[2020.12.19-09.32.11:030][  0]LogAudioMixer: Display: 1: FrontRight
[2020.12.19-09.32.11:030][  0]LogAudioMixer: Display: 2: FrontCenter
[2020.12.19-09.32.11:030][  0]LogAudioMixer: Display: 3: LowFrequency
[2020.12.19-09.32.11:030][  0]LogAudioMixer: Display: 4: BackLeft
[2020.12.19-09.32.11:030][  0]LogAudioMixer: Display: 5: BackRight
[2020.12.19-09.32.11:030][  0]LogAudioMixer: Display: 6: SideLeft
[2020.12.19-09.32.11:030][  0]LogAudioMixer: Display: 7: SideRight
[2020.12.19-09.32.11:382][  0]LogAudioMixer: Display: Using Audio Device Speakers (JBL Charge 3 Stereo)
[2020.12.19-09.32.11:384][  0]LogAudioMixer: Display: Initializing Sound Submixes...
[2020.12.19-09.32.11:385][  0]LogAudioMixer: Display: Creating Master Submix 'MasterSubmixDefault'
[2020.12.19-09.32.11:385][  0]LogAudioMixer: Display: Creating Master Submix 'MasterReverbSubmixDefault'
[2020.12.19-09.32.11:386][  0]LogAudioMixer: Display: Creating Master Submix 'MasterEQSubmixDefault'
[2020.12.19-09.32.11:387][  0]LogInit: FAudioDevice initialized.
[2020.12.19-09.32.11:388][  0]LogNetVersion: Set ProjectVersion to 1.0.0.0. Version Checksum will be recalculated on next use.
[2020.12.19-09.32.11:431][  0]LogDerivedDataCache: Saved boot cache 0.04s 75MB C:/Users/aoffis_/AppData/Local/UnrealEngine/4.25/DerivedDataCache/Boot.ddc.
[2020.12.19-09.32.11:431][  0]LogInit: Texture streaming: Enabled
[2020.12.19-09.32.11:447][  0]LogEngineSessionManager: EngineSessionManager initialized
[2020.12.19-09.32.11:447][  0]LogEditorSessionSummary: Verbose: Initializing EditorSessionSummaryWriter for editor session tracking
[2020.12.19-09.32.11:449][  0]LogEditorSessionSummary: EditorSessionSummaryWriter initialized
[2020.12.19-09.32.11:487][  0]LogInit: Transaction tracking system initialized
[2020.12.19-09.32.11:506][  0]BlueprintLog: New page: Editor Load
[2020.12.19-09.32.11:574][  0]LocalizationService: Localization service is disabled
[2020.12.19-09.32.11:647][  0]LogVSAccessor: Display: Unable to create Visual Studio setup instance: 80040154
[2020.12.19-09.32.11:648][  0]LogVSAccessor: Display: Unable to create Visual Studio setup instance: 80040154
[2020.12.19-09.32.11:717][  0]LogCook: Display: Max memory allowance for cook 16384mb min free memory 0mb
[2020.12.19-09.32.11:717][  0]LogCook: Display: Mobile HDR setting 0
[2020.12.19-09.32.11:838][  0]LogFileCache: Scanning file cache for directory 'C:/Users/aoffis_/Documents/GitHub/GameDesign/GAME/Content/' took 0.01s
[2020.12.19-09.32.12:062][  0]SourceControl: Source control is disabled
[2020.12.19-09.32.12:062][  0]LogUnrealEdMisc: Loading editor; pre map load, took 7.027
[2020.12.19-09.32.12:062][  0]Cmd: MAP LOAD FILE="C:/Users/aoffis_/Documents/GitHub/GameDesign/GAME/Content/2DSideScrollerBP/Maps/2DSideScrollerExampleMap.umap" TEMPLATE=0 SHOWPROGRESS=1 FEATURELEVEL=3
[2020.12.19-09.32.12:063][  0]LightingResults: New page: Lighting Build
[2020.12.19-09.32.12:063][  0]LogWorld: UWorld::CleanupWorld for Untitled, bSessionEnded=true, bCleanupResources=true
[2020.12.19-09.32.12:063][  0]LogSlate: InvalidateAllWidgets triggered.  All widgets were invalidated
[2020.12.19-09.32.12:064][  0]MapCheck: New page: Map Check
[2020.12.19-09.32.12:064][  0]LightingResults: New page: Lighting Build
[2020.12.19-09.32.12:075][  0]LogAISub: UAISubsystem::~UAISubsystem EnvQueryManager (0000016D7DD8FC00), frame # 0
[2020.12.19-09.32.12:075][  0]LogAISub: UAISubsystem::~UAISubsystem AIPerceptionSystem (0000016D7DDE1BC0), frame # 0
[2020.12.19-09.32.12:076][  0]LogUObjectHash: Compacting FUObjectHashTables data took   0.71ms
[2020.12.19-09.32.12:125][  0]LogLinker: Warning: While loading 'C:/Users/aoffis_/Documents/GitHub/GameDesign/GAME/Content/Enemies/Enemies1.uasset' failed to load '/Game/Levelitem/Sprites/Sprites/Dead': Can't find file.
[2020.12.19-09.32.12:125][  0]LogLinker: Warning: While loading 'C:/Users/aoffis_/Documents/GitHub/GameDesign/GAME/Content/Enemies/Enemies1.uasset' failed to load '/Game/Levelitem/Sprites/Sprites/Dead': Can't find file.
[2020.12.19-09.32.12:125][  0]LogLinker: Warning: While loading 'C:/Users/aoffis_/Documents/GitHub/GameDesign/GAME/Content/Enemies/Enemies1.uasset' failed to load '/Game/Levelitem/Sprites/Sprites/Dead': Can't find file.
[2020.12.19-09.32.12:125][  0]LogLinker: Warning: While loading 'C:/Users/aoffis_/Documents/GitHub/GameDesign/GAME/Content/Enemies/Enemies1.uasset' failed to load '/Game/Levelitem/Sprites/Sprites/Dead': Can't find file.
[2020.12.19-09.32.12:131][  0]LogLinker: Warning: While loading 'C:/Users/aoffis_/Documents/GitHub/GameDesign/GAME/Content/Enemies/Enemies1.uasset' failed to load '/Game/Levelitem/Sprites/Sprites/Dead': Can't find file.
[2020.12.19-09.32.12:131][  0]LoadErrors: Failed to load /Game/Levelitem/Sprites/Sprites/Dead.Dead Referenced by K2Node_CallFunction_23
[2020.12.19-09.32.12:132][  0]LogLinker: Warning: While loading 'C:/Users/aoffis_/Documents/GitHub/GameDesign/GAME/Content/Enemies/Enemies1.uasset' failed to load '/Game/Levelitem/Sprites/Sprites/Dead': Can't find file.
[2020.12.19-09.32.12:132][  0]LoadErrors: Failed to load /Game/Levelitem/Sprites/Sprites/Dead.Dead Referenced by K2Node_CallFunction_23
[2020.12.19-09.32.12:227][  0]LogLinker: Warning: While loading 'C:/Users/aoffis_/Documents/GitHub/GameDesign/GAME/Content/Enemies/Enemies1.uasset' failed to load '/Game/Levelitem/Sprites/Sprites/Dead': Can't find file.
[2020.12.19-09.32.12:227][  0]LogLinker: Warning: While loading 'C:/Users/aoffis_/Documents/GitHub/GameDesign/GAME/Content/Enemies/Enemies1.uasset' failed to load '/Game/Levelitem/Sprites/Sprites/Dead': Can't find file.
[2020.12.19-09.32.12:228][  0]LogLinker: Warning: While loading 'C:/Users/aoffis_/Documents/GitHub/GameDesign/GAME/Content/Enemies/Enemies1.uasset' failed to load '/Game/Levelitem/Sprites/Sprites/Dead': Can't find file.
[2020.12.19-09.32.12:228][  0]LogLinker: Warning: While loading 'C:/Users/aoffis_/Documents/GitHub/GameDesign/GAME/Content/Enemies/Enemies1.uasset' failed to load '/Game/Levelitem/Sprites/Sprites/Dead': Can't find file.
[2020.12.19-09.32.12:313][  0]LogLinker: Warning: Failed to load '/Game/Levelitem/Sprites/Key_01': Can't find file.
[2020.12.19-09.32.12:313][  0]LogLinker: Warning: Failed to load '/Game/Levelitem/Sprites/Key_01': Can't find file.
[2020.12.19-09.32.12:313][  0]LogUObjectGlobals: Warning: Failed to find object 'Object /Game/Levelitem/Sprites/Key_01.Key_01'
[2020.12.19-09.32.12:318][  0]LogAIModule: Creating AISystem for world 2DSideScrollerExampleMap
[2020.12.19-09.32.12:318][  0]LogAISub: UAISubsystem::UAISubsystem EnvQueryManager (0000016D0904FE00), frame # 0
[2020.12.19-09.32.12:318][  0]LogAISub: UAISubsystem::UAISubsystem AIPerceptionSystem (0000016D07C27100), frame # 0
[2020.12.19-09.32.12:347][  0]LogEditorServer: Finished looking for orphan Actors (0.000 secs)
[2020.12.19-09.32.12:394][  0]LogUObjectHash: Compacting FUObjectHashTables data took   0.83ms
[2020.12.19-09.32.12:396][  0]Cmd: MAP CHECKDEP NOCLEARLOG
[2020.12.19-09.32.12:396][  0]MapCheck: Map check complete: 0 Error(s), 0 Warning(s), took 0.19ms to complete.
[2020.12.19-09.32.12:396][  0]LogFileHelpers: Loading map '2DSideScrollerExampleMap' took 0.333
[2020.12.19-09.32.12:398][  0]LogUnrealEdMisc: Total Editor Startup Time, took 7.362
[2020.12.19-09.32.12:554][  0]LogSlate: Updating window title bar state: overlay mode, drag disabled, window buttons hidden, title bar hidden
[2020.12.19-09.32.12:561][  0]LogSlate: Updating window title bar state: overlay mode, drag disabled, window buttons hidden, title bar hidden
[2020.12.19-09.32.12:569][  0]LogSlate: Updating window title bar state: overlay mode, drag disabled, window buttons hidden, title bar hidden
[2020.12.19-09.32.12:576][  0]LogSlate: Updating window title bar state: overlay mode, drag disabled, window buttons hidden, title bar hidden
[2020.12.19-09.32.12:582][  0]LogCollectionManager: Loaded 0 collections in 0.000822 seconds
[2020.12.19-09.32.12:595][  0]LogFileCache: Scanning file cache for directory 'C:/Users/aoffis_/Documents/GitHub/GameDesign/GAME/Saved/Collections/' took 0.00s
[2020.12.19-09.32.12:595][  0]LogFileCache: Scanning file cache for directory 'C:/Users/aoffis_/Documents/GitHub/GameDesign/GAME/Content/Developers/aoffis/Collections/' took 0.00s
[2020.12.19-09.32.12:595][  0]LogFileCache: Scanning file cache for directory 'C:/Users/aoffis_/Documents/GitHub/GameDesign/GAME/Content/Collections/' took 0.00s
[2020.12.19-09.32.12:595][  0]LogContentBrowser: Native class hierarchy populated in 0.0093 seconds. Added 3427 classes and 821 folders.
[2020.12.19-09.32.12:597][  0]LogContentBrowser: Native class hierarchy updated for 'WidgetCarousel' in 0.0003 seconds. Added 0 classes and 0 folders.
[2020.12.19-09.32.12:643][  0]LogContentBrowser: Native class hierarchy updated for 'AddContentDialog' in 0.0003 seconds. Added 0 classes and 0 folders.
[2020.12.19-09.32.12:644][  0]LogContentBrowser: Native class hierarchy updated for 'SceneOutliner' in 0.0003 seconds. Added 2 classes and 0 folders.
[2020.12.19-09.32.12:734][  0]LogSlate: Took 0.000168 seconds to synchronously load lazily loaded font '../../../Engine/Content/Slate/Fonts/Roboto-Regular.ttf' (155K)
[2020.12.19-09.32.12:736][  0]LogSlate: Took 0.000121 seconds to synchronously load lazily loaded font '../../../Engine/Content/Slate/Fonts/Roboto-Bold.ttf' (160K)
[2020.12.19-09.32.12:739][  0]LogSlate: Took 0.000116 seconds to synchronously load lazily loaded font '../../../Engine/Content/Editor/Slate/Fonts/FontAwesome.ttf' (139K)
[2020.12.19-09.32.12:824][  0]LogRenderer: Reallocating scene render targets to support 1208x572 Format 10 NumSamples 1 (Frame:1).
[2020.12.19-09.32.13:037][  0]LogContentBrowser: Native class hierarchy updated for 'HierarchicalLODOutliner' in 0.0003 seconds. Added 0 classes and 0 folders.
[2020.12.19-09.32.13:037][  0]LogLoad: (Engine Initialization) Total time: 8.00 seconds
[2020.12.19-09.32.13:037][  0]LogLoad: (Engine Initialization) Total Blueprint compile time: 0.00 seconds
[2020.12.19-09.32.13:090][  0]LogAssetRegistry: Asset discovery search completed in 4.0302 seconds
[2020.12.19-09.32.13:093][  0]LogCollectionManager: Fixed up redirectors for 0 collections in 0.000002 seconds (updated 0 objects)
[2020.12.19-09.32.13:095][  0]LogContentStreaming: Texture pool size now 1000 MB
[2020.12.19-09.32.13:168][  0]LogSlate: Took 0.000156 seconds to synchronously load lazily loaded font '../../../Engine/Content/Slate/Fonts/Roboto-Light.ttf' (167K)
[2020.12.19-09.32.13:172][  0]LogSlate: Took 0.000126 seconds to synchronously load lazily loaded font '../../../Engine/Content/Slate/Fonts/DroidSansMono.ttf' (77K)
[2020.12.19-09.32.13:179][  1]LogFileCache: Retrieving MD5 hashes for directory 'C:/Users/aoffis_/Documents/GitHub/GameDesign/GAME/Content/' took 0.12s
[2020.12.19-09.32.14:610][ 54]LogSlate: Took 0.000142 seconds to synchronously load lazily loaded font '../../../Engine/Content/Slate/Fonts/Roboto-Light.ttf' (167K)
[2020.12.19-09.32.15:545][100]LogSlate: Window 'Message Log' being destroyed
[2020.12.19-09.32.15:550][100]LogSlate: Window 'Message Log' being destroyed
[2020.12.19-09.32.17:594][221]LogAssetEditorSubsystem: Opening Asset editor for Blueprint /Game/Enemies/Enemies1.Enemies1
[2020.12.19-09.32.18:130][221]LogContentBrowser: Native class hierarchy updated for 'BlueprintGraph' in 0.0006 seconds. Added 125 classes and 0 folders.
[2020.12.19-09.32.19:619][221]LogSlate: Took 0.000137 seconds to synchronously load lazily loaded font '../../../Engine/Content/Slate/Fonts/Roboto-BoldCondensed.ttf' (158K)
[2020.12.19-09.32.20:097][222]LogSlate: Took 0.010793 seconds to synchronously load lazily loaded font '../../../Engine/Content/Slate/Fonts/Roboto-Italic.ttf' (157K)
[2020.12.19-09.32.22:606][366]LogTemp: Repeating last play command: New Editor Window (PIE)
[2020.12.19-09.32.22:628][366]LogPlayLevel: PlayLevel: No blueprints needed recompiling
[2020.12.19-09.32.22:654][366]PIE: New page: PIE session: 2DSideScrollerExampleMap (Dec 19, 2020, 11:32:22 PM)
[2020.12.19-09.32.22:663][366]LogOnline: OSS: Creating online subsystem instance for: NULL
[2020.12.19-09.32.22:673][366]LogOnline: OSS: TryLoadSubsystemAndSetDefault: Loaded subsystem for module [NULL]
[2020.12.19-09.32.22:673][366]LogPlayLevel: Creating play world package: /Game/2DSideScrollerBP/Maps/UEDPIE_0_2DSideScrollerExampleMap
[2020.12.19-09.32.22:685][366]LogPlayLevel: PIE: StaticDuplicateObject took: (0.011781s)
[2020.12.19-09.32.22:686][366]LogAIModule: Creating AISystem for world 2DSideScrollerExampleMap
[2020.12.19-09.32.22:686][366]LogAISub: UAISubsystem::UAISubsystem EnvQueryManager (0000016D3772FE00), frame # 366
[2020.12.19-09.32.22:686][366]LogAISub: UAISubsystem::UAISubsystem AIPerceptionSystem (0000016D377B2E80), frame # 366
[2020.12.19-09.32.22:686][366]LogPlayLevel: PIE: World Init took: (0.001216s)
[2020.12.19-09.32.22:686][366]LogPlayLevel: PIE: Created PIE world by copying editor world from /Game/2DSideScrollerBP/Maps/2DSideScrollerExampleMap.2DSideScrollerExampleMap to /Game/2DSideScrollerBP/Maps/UEDPIE_0_2DSideScrollerExampleMap.2DSideScrollerExampleMap (0.013144s)
[2020.12.19-09.32.22:708][366]LogUObjectHash: Compacting FUObjectHashTables data took   1.99ms
[2020.12.19-09.32.22:709][366]LogAudioMixer: Display: Audio Mixer Platform Settings:
[2020.12.19-09.32.22:709][366]LogAudioMixer: Display: 	Sample Rate:						  48000
[2020.12.19-09.32.22:709][366]LogAudioMixer: Display: 	Callback Buffer Frame Size Requested: 1024
[2020.12.19-09.32.22:709][366]LogAudioMixer: Display: 	Callback Buffer Frame Size To Use:	  1024
[2020.12.19-09.32.22:709][366]LogAudioMixer: Display: 	Number of buffers to queue:			  2
[2020.12.19-09.32.22:709][366]LogAudioMixer: Display: 	Max Channels (voices):				  32
[2020.12.19-09.32.22:710][366]LogAudioMixer: Display: 	Number of Async Source Workers:		  0
[2020.12.19-09.32.22:710][366]LogAudio: Display: AudioDevice MaxSources: 32
[2020.12.19-09.32.22:710][366]LogAudio: Display: Using built-in audio occlusion.
[2020.12.19-09.32.22:710][366]LogAudioMixer: Display: Initializing audio mixer.
[2020.12.19-09.32.22:714][366]LogAudioMixer: Display: 0: FrontLeft
[2020.12.19-09.32.22:714][366]LogAudioMixer: Display: 1: FrontRight
[2020.12.19-09.32.22:714][366]LogAudioMixer: Display: 2: FrontCenter
[2020.12.19-09.32.22:714][366]LogAudioMixer: Display: 3: LowFrequency
[2020.12.19-09.32.22:714][366]LogAudioMixer: Display: 4: BackLeft
[2020.12.19-09.32.22:714][366]LogAudioMixer: Display: 5: BackRight
[2020.12.19-09.32.22:714][366]LogAudioMixer: Display: 6: SideLeft
[2020.12.19-09.32.22:714][366]LogAudioMixer: Display: 7: SideRight
[2020.12.19-09.32.22:765][366]LogAudioMixer: Display: Using Audio Device Speakers (JBL Charge 3 Stereo)
[2020.12.19-09.32.22:765][366]LogAudioMixer: Display: Initializing Sound Submixes...
[2020.12.19-09.32.22:765][366]LogAudioMixer: Display: Creating Master Submix 'MasterSubmixDefault'
[2020.12.19-09.32.22:765][366]LogAudioMixer: Display: Creating Master Submix 'MasterReverbSubmixDefault'
[2020.12.19-09.32.22:765][366]LogAudioMixer: Display: Creating Master Submix 'MasterEQSubmixDefault'
[2020.12.19-09.32.22:781][366]LogInit: FAudioDevice initialized.
[2020.12.19-09.32.22:819][366]LogSlate: Updating window title bar state: overlay mode, drag disabled, window buttons hidden, title bar hidden
[2020.12.19-09.32.22:820][366]LogLoad: Game class is '2DSideScrollerGameMode_C'
[2020.12.19-09.32.22:844][366]LogWorld: Bringing World /Game/2DSideScrollerBP/Maps/UEDPIE_0_2DSideScrollerExampleMap.2DSideScrollerExampleMap up for play (max tick rate 60) at 2020.12.19-16.32.22
[2020.12.19-09.32.22:866][366]LogWorld: Bringing up level for play took: 0.024838
[2020.12.19-09.32.22:866][366]LogOnline: OSS: Creating online subsystem instance for: :Context_2
[2020.12.19-09.32.22:877][366]LogSpawn: Warning: SpawnActor failed because no class was specified
[2020.12.19-09.32.22:895][366]LogContentBrowser: Native class hierarchy updated for 'MovieSceneCapture' in 0.0005 seconds. Added 20 classes and 0 folders.
[2020.12.19-09.32.22:938][366]PIE: Server logged in
[2020.12.19-09.32.22:942][366]PIE: Play in editor total start time 0.326 seconds.
[2020.12.19-09.32.23:012][367]LogRenderer: Reallocating scene render targets to support 1280x720 Format 10 NumSamples 1 (Frame:1).
[2020.12.19-09.32.41:820][462]LogSlate: Updating window title bar state: overlay mode, drag disabled, window buttons hidden, title bar hidden
[2020.12.19-09.32.41:820][462]LogWorld: BeginTearingDown for /Game/2DSideScrollerBP/Maps/UEDPIE_0_2DSideScrollerExampleMap
[2020.12.19-09.32.41:820][462]LogSlate: Window 'GAME Preview [NetMode: Standalone] (64-bit/Windows) ' being destroyed
[2020.12.19-09.32.41:826][462]LogWorld: UWorld::CleanupWorld for 2DSideScrollerExampleMap, bSessionEnded=true, bCleanupResources=true
[2020.12.19-09.32.41:827][462]LogSlate: InvalidateAllWidgets triggered.  All widgets were invalidated
[2020.12.19-09.32.41:835][462]LogPlayLevel: Display: Shutting down PIE online subsystems
[2020.12.19-09.32.41:839][462]LogSlate: InvalidateAllWidgets triggered.  All widgets were invalidated
[2020.12.19-09.32.41:930][462]LogAISub: UAISubsystem::~UAISubsystem EnvQueryManager (0000016D3772FE00), frame # 1462
[2020.12.19-09.32.41:930][462]LogAISub: UAISubsystem::~UAISubsystem AIPerceptionSystem (0000016D377B2E80), frame # 1462
[2020.12.19-09.32.41:934][462]LogUObjectHash: Compacting FUObjectHashTables data took   3.44ms
[2020.12.19-09.32.41:964][463]LogPlayLevel: Display: Destroying online subsystem :Context_2
[2020.12.19-09.32.53:905][827]LogAssetEditorSubsystem: Opening Asset editor for Blueprint /Game/Charecter/2DSideScrollerCharacter.2DSideScrollerCharacter
[2020.12.19-09.33.13:471][909]BlueprintLog: New page: Compile 2DSideScrollerCharacter
[2020.12.19-09.33.13:576][909]LogUObjectHash: Compacting FUObjectHashTables data took   3.37ms
[2020.12.19-09.33.14:013][918]Cmd: OBJ SAVEPACKAGE PACKAGE="/Game/Charecter/2DSideScrollerCharacter" FILE="C:/Users/aoffis_/Documents/GitHub/GameDesign/GAME/Content/Charecter/2DSideScrollerCharacter.uasset" SILENT=true
[2020.12.19-09.33.14:143][918]LogSavePackage: Moving 'C:/Users/aoffis_/Documents/GitHub/GameDesign/GAME/Saved/2DSideScrollerCharacterD294BBB949126B6B884DDFBA7C687EAB.tmp' to 'C:/Users/aoffis_/Documents/GitHub/GameDesign/GAME/Content/Charecter/2DSideScrollerCharacter.uasset'
[2020.12.19-09.33.14:143][918]LogFileManager: Warning: DeleteFile was unable to delete 'C:/Users/aoffis_/Documents/GitHub/GameDesign/GAME/Content/Charecter/2DSideScrollerCharacter.uasset', retrying in .5s...
[2020.12.19-09.33.14:644][918]LogFileManager: Error: Error deleting file 'C:/Users/aoffis_/Documents/GitHub/GameDesign/GAME/Content/Charecter/2DSideScrollerCharacter.uasset'.
[2020.12.19-09.33.14:644][918]LogSavePackage: Error: Error saving 'C:/Users/aoffis_/Documents/GitHub/GameDesign/GAME/Content/Charecter/2DSideScrollerCharacter.uasset'
[2020.12.19-09.33.17:161][918]LogSlate: Window 'Message' being destroyed
[2020.12.19-09.33.17:167][918]Message dialog closed, result: Retry, title: Message, text: The asset '/Game/Charecter/2DSideScrollerCharacter' (2DSideScrollerCharacter.uasset) failed to save.

Cancel: Stop saving all assets and return to the editor.
Retry: Attempt to save the asset again.
Continue: Skip saving this asset only.
[2020.12.19-09.33.17:168][918]Cmd: OBJ SAVEPACKAGE PACKAGE="/Game/Charecter/2DSideScrollerCharacter" FILE="C:/Users/aoffis_/Documents/GitHub/GameDesign/GAME/Content/Charecter/2DSideScrollerCharacter.uasset" SILENT=true
[2020.12.19-09.33.17:253][918]LogSavePackage: Moving 'C:/Users/aoffis_/Documents/GitHub/GameDesign/GAME/Saved/2DSideScrollerCharacter82519DDB4677B7BBBD53058BC6F08A3C.tmp' to 'C:/Users/aoffis_/Documents/GitHub/GameDesign/GAME/Content/Charecter/2DSideScrollerCharacter.uasset'
[2020.12.19-09.33.17:253][918]LogFileManager: Warning: DeleteFile was unable to delete 'C:/Users/aoffis_/Documents/GitHub/GameDesign/GAME/Content/Charecter/2DSideScrollerCharacter.uasset', retrying in .5s...
[2020.12.19-09.33.17:754][918]LogFileManager: Error: Error deleting file 'C:/Users/aoffis_/Documents/GitHub/GameDesign/GAME/Content/Charecter/2DSideScrollerCharacter.uasset'.
[2020.12.19-09.33.17:754][918]LogSavePackage: Error: Error saving 'C:/Users/aoffis_/Documents/GitHub/GameDesign/GAME/Content/Charecter/2DSideScrollerCharacter.uasset'
[2020.12.19-09.33.21:152][918]LogSlate: Window 'Message' being destroyed
[2020.12.19-09.33.21:157][918]Message dialog closed, result: Retry, title: Message, text: The asset '/Game/Charecter/2DSideScrollerCharacter' (2DSideScrollerCharacter.uasset) failed to save.

Cancel: Stop saving all assets and return to the editor.
Retry: Attempt to save the asset again.
Continue: Skip saving this asset only.
[2020.12.19-09.33.21:157][918]Cmd: OBJ SAVEPACKAGE PACKAGE="/Game/Charecter/2DSideScrollerCharacter" FILE="C:/Users/aoffis_/Documents/GitHub/GameDesign/GAME/Content/Charecter/2DSideScrollerCharacter.uasset" SILENT=true
[2020.12.19-09.33.21:239][918]LogSavePackage: Moving 'C:/Users/aoffis_/Documents/GitHub/GameDesign/GAME/Saved/2DSideScrollerCharacterD2B7833849D147BDFE32C48305AD6028.tmp' to 'C:/Users/aoffis_/Documents/GitHub/GameDesign/GAME/Content/Charecter/2DSideScrollerCharacter.uasset'
[2020.12.19-09.33.21:239][918]LogFileManager: Warning: DeleteFile was unable to delete 'C:/Users/aoffis_/Documents/GitHub/GameDesign/GAME/Content/Charecter/2DSideScrollerCharacter.uasset', retrying in .5s...
[2020.12.19-09.33.21:741][918]LogFileManager: Error: Error deleting file 'C:/Users/aoffis_/Documents/GitHub/GameDesign/GAME/Content/Charecter/2DSideScrollerCharacter.uasset'.
[2020.12.19-09.33.21:741][918]LogSavePackage: Error: Error saving 'C:/Users/aoffis_/Documents/GitHub/GameDesign/GAME/Content/Charecter/2DSideScrollerCharacter.uasset'
[2020.12.19-09.33.23:351][918]LogSlate: Window 'Message' being destroyed
[2020.12.19-09.33.23:356][918]Message dialog closed, result: Continue, title: Message, text: The asset '/Game/Charecter/2DSideScrollerCharacter' (2DSideScrollerCharacter.uasset) failed to save.

Cancel: Stop saving all assets and return to the editor.
Retry: Attempt to save the asset again.
Continue: Skip saving this asset only.
[2020.12.19-09.33.23:384][918]EditorErrors: New page: Save Output
[2020.12.19-09.33.23:384][918]EditorErrors: Warning: Error saving 'C:/Users/aoffis_/Documents/GitHub/GameDesign/GAME/Content/Charecter/2DSideScrollerCharacter.uasset'
[2020.12.19-09.33.23:384][918]EditorErrors: Warning: Error saving 'C:/Users/aoffis_/Documents/GitHub/GameDesign/GAME/Content/Charecter/2DSideScrollerCharacter.uasset'
[2020.12.19-09.33.23:384][918]EditorErrors: Warning: Error saving 'C:/Users/aoffis_/Documents/GitHub/GameDesign/GAME/Content/Charecter/2DSideScrollerCharacter.uasset'
[2020.12.19-09.33.25:496][918]LogSlate: Window 'Packages Failed To Save' being destroyed
[2020.12.19-09.33.25:501][918]Message dialog closed, result: Ok, title: Packages Failed To Save, text: The following assets failed to save correctly:
/Game/Charecter/2DSideScrollerCharacter
[2020.12.19-09.33.26:734][992]LogSlate: Window 'Message Log' being destroyed
[2020.12.19-09.33.26:739][992]LogSlate: Window 'Message Log' being destroyed
[2020.12.19-09.33.28:772][111]Cmd: OBJ SAVEPACKAGE PACKAGE="/Game/Charecter/2DSideScrollerCharacter" FILE="C:/Users/aoffis_/Documents/GitHub/GameDesign/GAME/Content/Charecter/2DSideScrollerCharacter.uasset" SILENT=true
[2020.12.19-09.33.28:848][111]LogSavePackage: Moving 'C:/Users/aoffis_/Documents/GitHub/GameDesign/GAME/Saved/2DSideScrollerCharacter44037A0E4FCAAB5E049CEA8046005390.tmp' to 'C:/Users/aoffis_/Documents/GitHub/GameDesign/GAME/Content/Charecter/2DSideScrollerCharacter.uasset'
[2020.12.19-09.33.28:848][111]LogFileManager: Warning: DeleteFile was unable to delete 'C:/Users/aoffis_/Documents/GitHub/GameDesign/GAME/Content/Charecter/2DSideScrollerCharacter.uasset', retrying in .5s...
[2020.12.19-09.33.29:349][111]LogFileManager: Error: Error deleting file 'C:/Users/aoffis_/Documents/GitHub/GameDesign/GAME/Content/Charecter/2DSideScrollerCharacter.uasset'.
[2020.12.19-09.33.29:349][111]LogSavePackage: Error: Error saving 'C:/Users/aoffis_/Documents/GitHub/GameDesign/GAME/Content/Charecter/2DSideScrollerCharacter.uasset'
[2020.12.19-09.33.34:430][111]LogSlate: Window 'Message' being destroyed
[2020.12.19-09.33.34:435][111]Message dialog closed, result: Cancel, title: Message, text: The asset '/Game/Charecter/2DSideScrollerCharacter' (2DSideScrollerCharacter.uasset) failed to save.

Cancel: Stop saving all assets and return to the editor.
Retry: Attempt to save the asset again.
Continue: Skip saving this asset only.
[2020.12.19-09.33.34:463][111]EditorErrors: New page: Save Output
[2020.12.19-09.33.34:463][111]EditorErrors: Warning: Error saving 'C:/Users/aoffis_/Documents/GitHub/GameDesign/GAME/Content/Charecter/2DSideScrollerCharacter.uasset'
[2020.12.19-09.33.36:641][240]LogSlate: Window 'Message Log' being destroyed
[2020.12.19-09.33.36:646][240]LogSlate: Window 'Message Log' being destroyed
[2020.12.19-09.33.38:209][330]LogEditorViewport: Clicking on Actor (LMB): PaperSpriteActor (Background_Sprite)
[2020.12.19-09.33.39:196][373]LogTemp: Repeating last play command: New Editor Window (PIE)
[2020.12.19-09.33.39:207][373]LogPlayLevel: PlayLevel: No blueprints needed recompiling
[2020.12.19-09.33.39:207][373]PIE: New page: PIE session: 2DSideScrollerExampleMap (Dec 19, 2020, 11:33:39 PM)
[2020.12.19-09.33.39:207][373]LogPlayLevel: Creating play world package: /Game/2DSideScrollerBP/Maps/UEDPIE_0_2DSideScrollerExampleMap
[2020.12.19-09.33.39:213][373]LogPlayLevel: PIE: StaticDuplicateObject took: (0.006220s)
[2020.12.19-09.33.39:214][373]LogAIModule: Creating AISystem for world 2DSideScrollerExampleMap
[2020.12.19-09.33.39:214][373]LogAISub: UAISubsystem::UAISubsystem EnvQueryManager (0000016D6D401A00), frame # 3373
[2020.12.19-09.33.39:214][373]LogAISub: UAISubsystem::UAISubsystem AIPerceptionSystem (0000016D396002C0), frame # 3373
[2020.12.19-09.33.39:214][373]LogPlayLevel: PIE: World Init took: (0.001047s)
[2020.12.19-09.33.39:215][373]LogPlayLevel: PIE: Created PIE world by copying editor world from /Game/2DSideScrollerBP/Maps/2DSideScrollerExampleMap.2DSideScrollerExampleMap to /Game/2DSideScrollerBP/Maps/UEDPIE_0_2DSideScrollerExampleMap.2DSideScrollerExampleMap (0.007394s)
[2020.12.19-09.33.39:244][373]LogUObjectHash: Compacting FUObjectHashTables data took   3.29ms
[2020.12.19-09.33.39:246][373]LogAudioMixer: Display: Audio Mixer Platform Settings:
[2020.12.19-09.33.39:246][373]LogAudioMixer: Display: 	Sample Rate:						  48000
[2020.12.19-09.33.39:246][373]LogAudioMixer: Display: 	Callback Buffer Frame Size Requested: 1024
[2020.12.19-09.33.39:246][373]LogAudioMixer: Display: 	Callback Buffer Frame Size To Use:	  1024
[2020.12.19-09.33.39:246][373]LogAudioMixer: Display: 	Number of buffers to queue:			  2
[2020.12.19-09.33.39:246][373]LogAudioMixer: Display: 	Max Channels (voices):				  32
[2020.12.19-09.33.39:246][373]LogAudioMixer: Display: 	Number of Async Source Workers:		  0
[2020.12.19-09.33.39:246][373]LogAudio: Display: AudioDevice MaxSources: 32
[2020.12.19-09.33.39:247][373]LogAudio: Display: Using built-in audio occlusion.
[2020.12.19-09.33.39:247][373]LogAudioMixer: Display: Initializing audio mixer.
[2020.12.19-09.33.39:252][373]LogAudioMixer: Display: 0: FrontLeft
[2020.12.19-09.33.39:252][373]LogAudioMixer: Display: 1: FrontRight
[2020.12.19-09.33.39:252][373]LogAudioMixer: Display: 2: FrontCenter
[2020.12.19-09.33.39:252][373]LogAudioMixer: Display: 3: LowFrequency
[2020.12.19-09.33.39:252][373]LogAudioMixer: Display: 4: BackLeft
[2020.12.19-09.33.39:252][373]LogAudioMixer: Display: 5: BackRight
[2020.12.19-09.33.39:252][373]LogAudioMixer: Display: 6: SideLeft
[2020.12.19-09.33.39:252][373]LogAudioMixer: Display: 7: SideRight
[2020.12.19-09.33.39:312][373]LogAudioMixer: Display: Using Audio Device Speakers (JBL Charge 3 Stereo)
[2020.12.19-09.33.39:312][373]LogAudioMixer: Display: Initializing Sound Submixes...
[2020.12.19-09.33.39:312][373]LogAudioMixer: Display: Creating Master Submix 'MasterSubmixDefault'
[2020.12.19-09.33.39:312][373]LogAudioMixer: Display: Creating Master Submix 'MasterReverbSubmixDefault'
[2020.12.19-09.33.39:313][373]LogAudioMixer: Display: Creating Master Submix 'MasterEQSubmixDefault'
[2020.12.19-09.33.39:327][373]LogInit: FAudioDevice initialized.
[2020.12.19-09.33.39:355][373]LogSlate: Updating window title bar state: overlay mode, drag disabled, window buttons hidden, title bar hidden
[2020.12.19-09.33.39:356][373]LogLoad: Game class is '2DSideScrollerGameMode_C'
[2020.12.19-09.33.39:360][373]LogWorld: Bringing World /Game/2DSideScrollerBP/Maps/UEDPIE_0_2DSideScrollerExampleMap.2DSideScrollerExampleMap up for play (max tick rate 60) at 2020.12.19-16.33.39
[2020.12.19-09.33.39:361][373]LogWorld: Bringing up level for play took: 0.004416
[2020.12.19-09.33.39:361][373]LogOnline: OSS: Creating online subsystem instance for: :Context_5
[2020.12.19-09.33.39:363][373]LogSpawn: Warning: SpawnActor failed because no class was specified
[2020.12.19-09.33.39:369][373]PIE: Server logged in
[2020.12.19-09.33.39:373][373]PIE: Play in editor total start time 0.167 seconds.
[2020.12.19-09.33.51:749][112]LogNet: Browse: /Game/2DSideScrollerBP/Maps/2DSideScrollerExampleMap
[2020.12.19-09.33.51:756][112]LogLoad: LoadMap: /Game/2DSideScrollerBP/Maps/2DSideScrollerExampleMap
[2020.12.19-09.33.51:756][112]LogWorld: BeginTearingDown for /Game/2DSideScrollerBP/Maps/UEDPIE_0_2DSideScrollerExampleMap
[2020.12.19-09.33.51:756][112]LogWorld: UWorld::CleanupWorld for 2DSideScrollerExampleMap, bSessionEnded=true, bCleanupResources=true
[2020.12.19-09.33.51:756][112]LogSlate: InvalidateAllWidgets triggered.  All widgets were invalidated
[2020.12.19-09.33.51:784][112]LogAISub: UAISubsystem::~UAISubsystem AIPerceptionSystem (0000016D396002C0), frame # 4112
[2020.12.19-09.33.51:784][112]LogAISub: UAISubsystem::~UAISubsystem EnvQueryManager (0000016D6D401A00), frame # 4112
[2020.12.19-09.33.51:788][112]LogUObjectHash: Compacting FUObjectHashTables data took   2.77ms
[2020.12.19-09.33.51:802][112]LogPlayLevel: Creating play world package: /Game/2DSideScrollerBP/Maps/UEDPIE_0_2DSideScrollerExampleMap
[2020.12.19-09.33.51:808][112]LogPlayLevel: PIE: StaticDuplicateObject took: (0.006452s)
[2020.12.19-09.33.51:809][112]LogAIModule: Creating AISystem for world 2DSideScrollerExampleMap
[2020.12.19-09.33.51:809][112]LogAISub: UAISubsystem::UAISubsystem EnvQueryManager (0000016D6DC91200), frame # 4112
[2020.12.19-09.33.51:809][112]LogAISub: UAISubsystem::UAISubsystem AIPerceptionSystem (0000016D0BCA9F80), frame # 4112
[2020.12.19-09.33.51:809][112]LogPlayLevel: PIE: World Init took: (0.000987s)
[2020.12.19-09.33.51:810][112]LogPlayLevel: PIE: Created PIE world by copying editor world from /Game/2DSideScrollerBP/Maps/2DSideScrollerExampleMap.2DSideScrollerExampleMap to /Game/2DSideScrollerBP/Maps/UEDPIE_0_2DSideScrollerExampleMap.2DSideScrollerExampleMap (0.007595s)
[2020.12.19-09.33.51:810][112]LogLoad: Game class is '2DSideScrollerGameMode_C'
[2020.12.19-09.33.51:812][112]LogWorld: Bringing World /Game/2DSideScrollerBP/Maps/UEDPIE_0_2DSideScrollerExampleMap.2DSideScrollerExampleMap up for play (max tick rate 60) at 2020.12.19-16.33.51
[2020.12.19-09.33.51:813][112]LogWorld: Bringing up level for play took: 0.002100
[2020.12.19-09.33.51:935][112]LogWindows: Windows GetLastError: The operation completed successfully. (0)
[2020.12.19-09.34.01:245][112]LogThreadingWindows: Error: Runnable thread TaskGraphThreadHP 10 crashed.
[2020.12.19-09.34.01:245][112]LogWindows: Error: === Critical error: ===
[2020.12.19-09.34.01:245][112]LogWindows: Error: 
[2020.12.19-09.34.01:245][112]LogWindows: Error: Assertion failed: IsInGameThread() [File:D:/Build/++UE4+Licensee/Sync/Engine/Source/Runtime/CoreUObject/Private/UObject/UObjectGlobals.cpp] [Line: 1066] 
[2020.12.19-09.34.01:245][112]LogWindows: Error: Unable to load /Game/Levelitem/Sprites/Key_01. Objects and Packages can only be loaded from the game thread.
[2020.12.19-09.34.01:245][112]LogWindows: Error: 
[2020.12.19-09.34.01:245][112]LogWindows: Error: 
[2020.12.19-09.34.01:245][112]LogWindows: Error: [Callstack] 0x00007ffa7061d759 KERNELBASE.dll!UnknownFunction []
[2020.12.19-09.34.01:245][112]LogWindows: Error: [Callstack] 0x00007ffa0156e9e6 UE4Editor-Core.dll!UnknownFunction []
[2020.12.19-09.34.01:245][112]LogWindows: Error: [Callstack] 0x00007ffa01571dc8 UE4Editor-Core.dll!UnknownFunction []
[2020.12.19-09.34.01:245][112]LogWindows: Error: [Callstack] 0x00007ffa012fe53d UE4Editor-Core.dll!UnknownFunction []
[2020.12.19-09.34.01:245][112]LogWindows: Error: [Callstack] 0x00007ffa012897b5 UE4Editor-Core.dll!UnknownFunction []
[2020.12.19-09.34.01:245][112]LogWindows: Error: [Callstack] 0x00007ffa0128baf0 UE4Editor-Core.dll!UnknownFunction []
[2020.12.19-09.34.01:245][112]LogWindows: Error: [Callstack] 0x00007ffa022a759f UE4Editor-CoreUObject.dll!UnknownFunction []
[2020.12.19-09.34.01:245][112]LogWindows: Error: [Callstack] 0x00007ffa0219c6e4 UE4Editor-CoreUObject.dll!UnknownFunction []
[2020.12.19-09.34.01:245][112]LogWindows: Error: [Callstack] 0x00007ffa0219c440 UE4Editor-CoreUObject.dll!UnknownFunction []
[2020.12.19-09.34.01:245][112]LogWindows: Error: [Callstack] 0x00007ffa021b141f UE4Editor-CoreUObject.dll!UnknownFunction []
[2020.12.19-09.34.01:245][112]LogWindows: Error: [Callstack] 0x00007ffa021c3f2a UE4Editor-CoreUObject.dll!UnknownFunction []
[2020.12.19-09.34.01:245][112]LogWindows: Error: [Callstack] 0x00007ffa021c35f3 UE4Editor-CoreUObject.dll!UnknownFunction []
[2020.12.19-09.34.01:245][112]LogWindows: Error: [Callstack] 0x00007ffa021c5bdf UE4Editor-CoreUObject.dll!UnknownFunction []
[2020.12.19-09.34.01:245][112]LogWindows: Error: [Callstack] 0x00007ff9dc909a5a UE4Editor-Paper2D.dll!UnknownFunction []
[2020.12.19-09.34.01:245][112]LogWindows: Error: [Callstack] 0x00007ff9dc902f2f UE4Editor-Paper2D.dll!UnknownFunction []
[2020.12.19-09.34.01:245][112]LogWindows: Error: [Callstack] 0x00007ff9dc8e8127 UE4Editor-Paper2D.dll!UnknownFunction []
[2020.12.19-09.34.01:245][112]LogWindows: Error: [Callstack] 0x00007ff9dc8eee2f UE4Editor-Paper2D.dll!UnknownFunction []
[2020.12.19-09.34.01:245][112]LogWindows: Error: [Callstack] 0x00007ff9f73fdc96 UE4Editor-Renderer.dll!UnknownFunction []
[2020.12.19-09.34.01:245][112]LogWindows: Error: [Callstack] 0x00007ff9fe773e68 UE4Editor-Engine.dll!UnknownFunction []
[2020.12.19-09.34.01:245][112]LogWindows: Error: [Callstack] 0x00007ff9fe7b11ef UE4Editor-Engine.dll!UnknownFunction []
[2020.12.19-09.34.01:245][112]LogWindows: Error: [Callstack] 0x00007ff9fe78ec22 UE4Editor-Engine.dll!UnknownFunction []
[2020.12.19-09.34.01:245][112]LogWindows: Error: [Callstack] 0x00007ffa010a7ad9 UE4Editor-Core.dll!UnknownFunction []
[2020.12.19-09.34.01:245][112]LogWindows: Error: [Callstack] 0x00007ffa010a8b1d UE4Editor-Core.dll!UnknownFunction []
[2020.12.19-09.34.01:245][112]LogWindows: Error: [Callstack] 0x00007ffa010b0eeb UE4Editor-Core.dll!UnknownFunction []
[2020.12.19-09.34.01:245][112]LogWindows: Error: [Callstack] 0x00007ffa0159025b UE4Editor-Core.dll!UnknownFunction []
[2020.12.19-09.34.01:245][112]LogWindows: Error: [Callstack] 0x00007ffa01587c30 UE4Editor-Core.dll!UnknownFunction []
[2020.12.19-09.34.01:245][112]LogWindows: Error: [Callstack] 0x00007ffa72807034 KERNEL32.DLL!UnknownFunction []
[2020.12.19-09.34.01:245][112]LogWindows: Error: [Callstack] 0x00007ffa72c9d0d1 ntdll.dll!UnknownFunction []
[2020.12.19-09.34.01:245][112]LogWindows: Error: 
[2020.12.19-09.34.01:245][112]LogWindows: Error: Crash in runnable thread TaskGraphThreadHP 10
[2020.12.19-09.34.01:264][112]LogExit: Executing StaticShutdownAfterError
[2020.12.19-09.34.01:264][112]LogWindows: FPlatformMisc::RequestExit(1)
[2020.12.19-09.34.01:264][112]LogCore: Engine exit requested (reason: Win RequestExit)
[2020.12.19-09.34.01:276][112]Log file closed, 12/19/20 16:34:01
